
Alpha

~/ensino/private/E2/Alpha ~/ensino/private
Alpha |asl01 - OK - ""
Alpha |asl02 - OK - ""
Alpha |asl03 - OK - ""
Alpha |asl04 - OK - ""
Alpha |asl05 - OK - ""
Alpha |asl06 - OK - ""
Alpha |asl07 - OK - ""
Alpha |asl08 - OK - ""
Alpha |asl09 - OK - ""
Alpha |asl100 - OK - ""
Alpha |asl101 - OK - ""
Alpha |asl102 - OK - ""
Alpha |asl103 - OK - ""
Alpha |asl104 - OK - ""
Alpha |asl105 - OK - ""
Alpha |asl106 - OK - ""
Alpha |asl107 - OK - ""
Alpha |asl108 - OK - ""
Alpha |asl109 - OK - ""
Alpha |asl10 - OK - ""
Alpha |asl110 - OK - ""
Alpha |asl111 - OK - ""
Alpha |asl112 - OK - ""
Alpha |asl113 - OK - ""
Alpha |asl114 - OK - ""
Alpha |asl115 - OK - ""
Alpha |asl116 - OK - ""
Alpha |asl117 - OK - ""
Alpha |asl118 - OK - ""
Alpha |asl119 - OK - ""
Alpha |asl11 - OK - ""
Alpha |asl120 - OK - ""
Alpha |asl121 - OK - ""
Alpha |asl122 - OK - ""
Alpha |asl123 - OK - ""
Alpha |asl124 - OK - ""
Alpha |asl125 - OK - ""
Alpha |asl126 - OK - ""
Alpha |asl127 - OK - ""
Alpha |asl128 - OK - ""
Alpha |asl129 - OK - ""
Alpha |asl12 - OK - ""
Alpha |asl130 - OK - ""
Alpha |asl131 - OK - ""
Alpha |asl132 - OK - ""
Alpha |asl133 - OK - ""
Alpha |asl134 - OK - ""
Alpha |asl135 - OK - ""
Alpha |asl136 - OK - ""
Alpha |asl137 - OK - ""
Alpha |asl138 - OK - ""
Alpha |asl139 - OK - ""
Alpha |asl13 - OK - ""
Alpha |asl140 - OK - ""
Alpha |asl141 - OK - ""
Alpha |asl142 - OK - ""
Alpha |asl143 - OK - ""
Alpha |asl144 - OK - ""
Alpha |asl145 - OK - ""
Alpha |asl146 - OK - ""
Alpha |asl147 - OK - ""
Alpha |asl148 - OK - ""
Alpha |asl149 - OK - ""
Alpha |asl14 - OK - ""
Alpha |asl150 - NOK - ""
Alpha |asl15 - OK - ""
Alpha |asl16 - OK - ""
Alpha |asl17 - OK - ""
Alpha |asl18 - OK - ""
Alpha |asl19 - OK - ""
Alpha |asl20 - OK - ""
Alpha |asl21 - OK - ""
Alpha |asl22 - OK - ""
Alpha |asl23 - OK - ""
Alpha |asl24 - OK - ""
Alpha |asl25 - OK - ""
Alpha |asl26 - OK - ""
Alpha |asl27 - OK - ""
Alpha |asl28 - OK - ""
Alpha |asl29 - OK - ""
Alpha |asl30 - OK - ""
Alpha |asl31 - OK - ""
Alpha |asl32 - OK - ""
Alpha |asl33 - OK - ""
Alpha |asl34 - OK - ""
Alpha |asl35 - OK - ""
Alpha |asl36 - OK - ""
Alpha |asl37 - OK - ""
Alpha |asl38 - OK - ""
Alpha |asl39 - OK - ""
Alpha |asl40 - OK - ""
Alpha |asl41 - OK - ""
Alpha |asl42 - OK - ""
Alpha |asl43 - OK - ""
Alpha |asl44 - OK - ""
Alpha |asl45 - OK - ""
Alpha |asl46 - OK - ""
Alpha |asl47 - OK - ""
Alpha |asl48 - OK - ""
Alpha |asl49 - OK - ""
Alpha |asl50 - OK - ""
Alpha |asl51 - OK - ""
Alpha |asl52 - OK - ""
Alpha |asl53 - OK - ""
Alpha |asl54 - OK - ""
Alpha |asl55 - OK - ""
Alpha |asl56 - OK - ""
Alpha |asl57 - OK - ""
Alpha |asl58 - OK - ""
Alpha |asl59 - OK - ""
Alpha |asl60 - OK - ""
Alpha |asl61 - OK - ""
Alpha |asl62 - OK - ""
Alpha |asl63 - OK - ""
Alpha |asl64 - OK - ""
Alpha |asl65 - OK - ""
Alpha |asl66 - OK - ""
Alpha |asl67 - OK - ""
Alpha |asl68 - OK - ""
Alpha |asl69 - OK - ""
Alpha |asl70 - OK - ""
Alpha |asl71 - OK - ""
Alpha |asl72 - OK - ""
Alpha |asl73 - OK - ""
Alpha |asl74 - OK - ""
Alpha |asl75 - OK - ""
Alpha |asl76 - OK - ""
Alpha |asl77 - NOK - ""
Alpha |asl78 - OK - ""
Alpha |asl79 - OK - ""
Alpha |asl80 - OK - ""
Alpha |asl81 - OK - ""
Alpha |asl82 - OK - ""
Alpha |asl83 - OK - ""
Alpha |asl84 - OK - ""
Alpha |asl85 - OK - ""
Alpha |asl86 - OK - ""
Alpha |asl87 - OK - ""
Alpha |asl88 - OK - ""
Alpha |asl89 - OK - ""
Alpha |asl90 - OK - ""
Alpha |asl91 - OK - ""
Alpha |asl92 - OK - ""
Alpha |asl93 - OK - ""
Alpha |asl94 - OK - ""
Alpha |asl95 - OK - ""
Alpha |asl96 - OK - ""
Alpha |asl97 - OK - ""
Alpha |asl98 - OK - ""
Alpha |asl99 - OK - ""
~/ensino/private

Beta

~/ensino/private/E2/Beta ~/ensino/private
Beta |asl01 - NOK - ""
Beta |asl02 - NOK - ""
Beta |asl03 - NOK - ""
Beta |asl04 - NOK - ""
Beta |asl05 - NOK - ""
Beta |asl06 - NOK - ""
Beta |asl07 - NOK - ""
Beta |asl08 - NOK - ""
Beta |asl09 - OK - ""
Beta |asl100 - OK - ""
Beta |asl101 - OK - ""
Beta |asl102 - OK - ""
Beta |asl103 - OK - ""
Beta |asl104 - OK - ""
Beta |asl105 - OK - ""
Beta |asl106 - OK - ""
Beta |asl107 - OK - ""
Beta |asl108 - OK - ""
Beta |asl109 - OK - ""
Beta |asl10 - OK - ""
Beta |asl110 - OK - ""
Beta |asl111 - OK - ""
Beta |asl112 - OK - ""
Beta |asl113 - OK - ""
Beta |asl114 - OK - ""
Beta |asl115 - OK - ""
Beta |asl116 - OK - ""
Beta |asl117 - OK - ""
Beta |asl118 - OK - ""
Beta |asl119 - OK - ""
Beta |asl11 - OK - ""
Beta |asl120 - OK - ""
Beta |asl121 - OK - ""
Beta |asl122 - OK - ""
Beta |asl123 - OK - ""
Beta |asl124 - OK - ""
Beta |asl125 - OK - ""
Beta |asl126 - OK - ""
Beta |asl127 - OK - ""
Beta |asl128 - OK - ""
Beta |asl129 - NOK - ""
Beta |asl12 - OK - ""
Beta |asl130 - OK - ""
Beta |asl131 - OK - ""
Beta |asl132 - OK - ""
Beta |asl133 - OK - ""
Beta |asl134 - OK - ""
Beta |asl135 - OK - ""
Beta |asl136 - OK - ""
Beta |asl137 - OK - ""
Beta |asl138 - NOK - ""
Beta |asl139 - NOK - ""
Beta |asl13 - OK - ""
Beta |asl140 - NOK - ""
Beta |asl141 - NOK - ""
Beta |asl142 - NOK - ""
Beta |asl143 - NOK - ""
Beta |asl144 - NOK - ""
Beta |asl145 - NOK - ""
Beta |asl146 - NOK - ""
Beta |asl147 - NOK - ""
Beta |asl148 - NOK - ""
Beta |asl149 - NOK - ""
Beta |asl14 - OK - ""
Beta |asl150 - NOK - ""
Beta |asl15 - OK - ""
Beta |asl16 - OK - ""
Beta |asl17 - OK - ""
Beta |asl18 - OK - ""
Beta |asl19 - OK - ""
Beta |asl20 - OK - ""
Beta |asl21 - OK - ""
Beta |asl22 - OK - ""
Beta |asl23 - OK - ""
Beta |asl24 - OK - ""
Beta |asl25 - NOK - ""
Beta |asl26 - OK - ""
Beta |asl27 - NOK - ""
Beta |asl28 - NOK - ""
Beta |asl29 - OK - ""
Beta |asl30 - NOK - ""
Beta |asl31 - NOK - ""
Beta |asl32 - NOK - ""
Beta |asl33 - NOK - ""
Beta |asl34 - OK - ""
Beta |asl35 - NOK - ""
Beta |asl36 - NOK - ""
Beta |asl37 - NOK - ""
Beta |asl38 - NOK - ""
Beta |asl39 - NOK - ""
Beta |asl40 - OK - ""
Beta |asl41 - NOK - ""
Beta |asl42 - NOK - ""
Beta |asl43 - NOK - ""
Beta |asl44 - NOK - ""
Beta |asl45 - OK - ""
Beta |asl46 - NOK - ""
Beta |asl47 - NOK - ""
Beta |asl48 - NOK - ""
Beta |asl49 - OK - ""
Beta |asl50 - NOK - ""
Beta |asl51 - NOK - ""
Beta |asl52 - NOK - ""
Beta |asl53 - NOK - ""
Beta |asl54 - NOK - ""
Beta |asl55 - OK - ""
Beta |asl56 - NOK - ""
Beta |asl57 - NOK - ""
Beta |asl58 - NOK - ""
Beta |asl59 - NOK - ""
Beta |asl60 - NOK - ""
Beta |asl61 - OK - ""
Beta |asl62 - NOK - ""
Beta |asl63 - NOK - ""
Beta |asl64 - OK - ""
Beta |asl65 - NOK - ""
Beta |asl66 - NOK - ""
Beta |asl67 - OK - ""
Beta |asl68 - OK - ""
Beta |asl69 - OK - ""
Beta |asl70 - OK - ""
Beta |asl71 - OK - ""
Beta |asl72 - OK - ""
Beta |asl73 - OK - ""
Beta |asl74 - OK - ""
Beta |asl75 - OK - ""
Beta |asl76 - NOK - ""
Beta |asl77 - NOK - ""
Beta |asl78 - NOK - ""
Beta |asl79 - NOK - ""
Beta |asl80 - NOK - ""
Beta |asl81 - NOK - ""
Beta |asl82 - OK - ""
Beta |asl83 - OK - ""
Beta |asl84 - OK - ""
Beta |asl85 - OK - ""
Beta |asl86 - OK - ""
Beta |asl87 - OK - ""
Beta |asl88 - OK - ""
Beta |asl89 - OK - ""
Beta |asl90 - OK - ""
Beta |asl91 - OK - ""
Beta |asl92 - OK - ""
Beta |asl93 - OK - ""
Beta |asl94 - OK - ""
Beta |asl95 - OK - ""
Beta |asl96 - OK - ""
Beta |asl97 - OK - ""
Beta |asl98 - OK - ""
Beta |asl99 - OK - ""
~/ensino/private

Gamma

~/ensino/private/E2/Gamma ~/ensino/private
Gamma |asl01 - OK - "Programa Ok!"
Gamma |asl02 - OK - "Programa Ok!"
Gamma |asl03 - OK - "Programa Ok!"
Gamma |asl04 - OK - "Programa Ok!"
Gamma |asl05 - OK - "Programa Ok!"
Gamma |asl06 - OK - "Programa Ok!"
Gamma |asl07 - OK - "Programa Ok!"
Gamma |asl08 - OK - "Programa Ok!"
Gamma |asl09 - OK - "Erro Sintatico (Linha 3)!"
Gamma |asl100 - OK - "Erro Sintatico (Linha 2)!"
Gamma |asl101 - OK - "Erro Sintatico (Linha 2)!"
Gamma |asl102 - OK - "Erro Sintatico (Linha 2)!"
Gamma |asl103 - OK - "Erro Sintatico (Linha 2)!"
Gamma |asl104 - OK - "Erro Sintatico (Linha 2)!"
Gamma |asl105 - OK - "Erro Sintatico (Linha 2)!"
Gamma |asl106 - OK - "Erro Sintatico (Linha 2)!"
Gamma |asl107 - OK - "Erro Sintatico (Linha 2)!"
Gamma |asl108 - OK - "Erro Sintatico (Linha 2)!"
Gamma |asl109 - OK - "Erro Sintatico (Linha 2)!"
Gamma |asl10 - OK - "Erro Sintatico (Linha 3)!"
Gamma |asl110 - OK - "Erro Sintatico (Linha 2)!"
Gamma |asl111 - OK - "Erro Sintatico (Linha 2)!"
Gamma |asl112 - OK - "Erro Sintatico (Linha 2)!"
Gamma |asl113 - OK - "Erro Sintatico (Linha 2)!"
Gamma |asl114 - OK - "Programa Ok!"
Gamma |asl115 - OK - "Erro Sintatico (Linha 4)!"
Gamma |asl116 - OK - "Erro Sintatico (Linha 4)!"
Gamma |asl117 - OK - "Erro Sintatico (Linha 7)!"
Gamma |asl118 - OK - "Erro Sintatico (Linha 3)!"
Gamma |asl119 - OK - "Erro Sintatico (Linha 4)!"
Gamma |asl11 - OK - "Erro Sintatico (Linha 4)!"
Gamma |asl120 - OK - "Erro Sintatico (Linha 4)!"
Gamma |asl121 - OK - "Erro Sintatico (Linha 4)!"
Gamma |asl122 - OK - "Erro Sintatico (Linha 4)!"
Gamma |asl123 - OK - "Erro Sintatico (Linha 4)!"
Gamma |asl124 - OK - "Erro Sintatico (Linha 6)!"
Gamma |asl125 - OK - "Erro Sintatico (Linha 4)!"
Gamma |asl126 - OK - "Erro Sintatico (Linha 4)!"
Gamma |asl127 - OK - "Erro Sintatico (Linha 4)!"
Gamma |asl128 - OK - "Erro Sintatico (Linha 4)!"
Gamma |asl129 - NOK - "Erro Sintatico (Linha 6)!"
Gamma |asl12 - OK - "Erro Sintatico (Linha 3)!"
Gamma |asl130 - OK - "Erro Sintatico (Linha 5)!"
Gamma |asl131 - OK - "Erro Sintatico (Linha 3)!"
Gamma |asl132 - OK - "Erro Sintatico (Linha 3)!"
Gamma |asl133 - OK - "Erro Sintatico (Linha 3)!"
Gamma |asl134 - OK - "Erro Sintatico (Linha 3)!"
Gamma |asl135 - OK - "Erro Sintatico (Linha 3)!"
Gamma |asl136 - OK - "Erro Sintatico (Linha 3)!"
Gamma |asl137 - OK - "Erro Sintatico (Linha 6)!"
Gamma |asl138 - OK - "Programa Ok!"
Gamma |asl139 - OK - "Programa Ok!"
Gamma |asl13 - OK - "Erro Sintatico (Linha 2)!"
Gamma |asl140 - OK - "Programa Ok!"
Gamma |asl141 - OK - "Programa Ok!"
Gamma |asl142 - OK - "Programa Ok!"
Gamma |asl143 - OK - "Programa Ok!"
Gamma |asl144 - OK - "Programa Ok!"
Gamma |asl145 - OK - "Programa Ok!"
Gamma |asl146 - OK - "Programa Ok!"
Gamma |asl147 - OK - "Programa Ok!"
Gamma |asl148 - OK - "Programa Ok!"
Gamma |asl149 - OK - "Programa Ok!"
Gamma |asl14 - OK - "Erro Sintatico (Linha 5)!"
Gamma |asl150 - OK - "Programa Ok!"
Gamma |asl15 - OK - "Erro Sintatico (Linha 3)!"
Gamma |asl16 - OK - "Erro Sintatico (Linha 2)!"
Gamma |asl17 - OK - "Erro Sintatico (Linha 3)!"
Gamma |asl18 - OK - "Erro Sintatico (Linha 2)!"
Gamma |asl19 - OK - "Erro Sintatico (Linha 2)!"
Gamma |asl20 - OK - "Erro Sintatico (Linha 2)!"
Gamma |asl21 - OK - "Erro Sintatico (Linha 3)!"
Gamma |asl22 - OK - "Erro Sintatico (Linha 3)!"
Gamma |asl23 - OK - "Erro Sintatico (Linha 5)!"
Gamma |asl24 - OK - "Erro Sintatico (Linha 3)!"
Gamma |asl25 - OK - "Programa Ok!"
Gamma |asl26 - OK - "Erro Sintatico (Linha 6)!"
Gamma |asl27 - OK - "Programa Ok!"
Gamma |asl28 - OK - "Programa Ok!"
Gamma |asl29 - OK - "Erro Sintatico (Linha 4)!"
Gamma |asl30 - OK - "Programa Ok!"
Gamma |asl31 - NOK - "Erro Sintatico (Linha 4)!"
Gamma |asl32 - NOK - "Erro Sintatico (Linha 8)!"
Gamma |asl33 - OK - "Programa Ok!"
Gamma |asl34 - OK - "Erro Sintatico (Linha 8)!"
Gamma |asl35 - OK - "Programa Ok!"
Gamma |asl36 - OK - "Programa Ok!"
Gamma |asl37 - OK - "Programa Ok!"
Gamma |asl38 - OK - "Programa Ok!"
Gamma |asl39 - OK - "Programa Ok!"
Gamma |asl40 - OK - "Erro Sintatico (Linha 6)!"
Gamma |asl41 - OK - "Programa Ok!"
Gamma |asl42 - OK - "Programa Ok!"
Gamma |asl43 - OK - "Programa Ok!"
Gamma |asl44 - OK - "Programa Ok!"
Gamma |asl45 - OK - "Erro Sintatico (Linha 3)!"
Gamma |asl46 - OK - "Programa Ok!"
Gamma |asl47 - OK - "Programa Ok!"
Gamma |asl48 - OK - "Programa Ok!"
Gamma |asl49 - OK - "Erro Sintatico (Linha 4)!"
Gamma |asl50 - OK - "Programa Ok!"
Gamma |asl51 - OK - "Programa Ok!"
Gamma |asl52 - NOK - "Erro Sintatico (Linha 9)!"
Gamma |asl53 - OK - "Programa Ok!"
Gamma |asl54 - OK - "Programa Ok!"
Gamma |asl55 - OK - "Erro Sintatico (Linha 7)!"
Gamma |asl56 - OK - "Programa Ok!"
Gamma |asl57 - OK - "Programa Ok!"
Gamma |asl58 - OK - "Programa Ok!"
Gamma |asl59 - OK - "Programa Ok!"
Gamma |asl60 - OK - "Programa Ok!"
Gamma |asl61 - OK - "Erro Sintatico (Linha 7)!"
Gamma |asl62 - NOK - "Erro Sintatico (Linha 5)!"
Gamma |asl63 - NOK - "Erro Sintatico (Linha 8)!"
Gamma |asl64 - OK - "Erro Sintatico (Linha 7)!"
Gamma |asl65 - NOK - "Erro Sintatico (Linha 8)!"
Gamma |asl66 - NOK - "Erro Sintatico (Linha 7)!"
Gamma |asl67 - OK - "Erro Sintatico (Linha 6)!"
Gamma |asl68 - OK - "Erro Sintatico (Linha 6)!"
Gamma |asl69 - OK - "Erro Sintatico (Linha 6)!"
Gamma |asl70 - OK - "Erro Sintatico (Linha 8)!"
Gamma |asl71 - OK - "Erro Sintatico (Linha 9)!"
Gamma |asl72 - OK - "Erro Sintatico (Linha 13)!"
Gamma |asl73 - OK - "Erro Sintatico (Linha 13)!"
Gamma |asl74 - OK - "Erro Sintatico (Linha 6)!"
Gamma |asl75 - OK - "Erro Sintatico (Linha 6)!"
Gamma |asl76 - NOK - "Erro Sintatico (Linha 7)!"
Gamma |asl77 - NOK - "Erro Sintatico (Linha 5)!"
Gamma |asl78 - OK - "Programa Ok!"
Gamma |asl79 - OK - "Programa Ok!"
Gamma |asl80 - NOK - "Erro Sintatico (Linha 6)!"
Gamma |asl81 - OK - "Programa Ok!"
Gamma |asl82 - OK - "Erro Sintatico (Linha 2)!"
Gamma |asl83 - OK - "Erro Sintatico (Linha 2)!"
Gamma |asl84 - OK - "Erro Sintatico (Linha 3)!"
Gamma |asl85 - OK - "Erro Sintatico (Linha 4)!"
Gamma |asl86 - NOK - "Programa Ok!"
Gamma |asl87 - OK - "Erro Sintatico (Linha 6)!"
Gamma |asl88 - OK - "Erro Sintatico (Linha 6)!"
Gamma |asl89 - OK - "Erro Sintatico (Linha 4)!"
Gamma |asl90 - OK - "Erro Sintatico (Linha 7)!"
Gamma |asl91 - OK - "Erro Sintatico (Linha 7)!"
Gamma |asl92 - OK - "Erro Sintatico (Linha 4)!"
Gamma |asl93 - OK - "Erro Sintatico (Linha 4)!"
Gamma |asl94 - OK - "Erro Sintatico (Linha 4)!"
Gamma |asl95 - OK - "Erro Sintatico (Linha 6)!"
Gamma |asl96 - OK - "Erro Sintatico (Linha 3)!"
Gamma |asl97 - OK - "Erro Sintatico (Linha 3)!"
Gamma |asl98 - OK - "Erro Sintatico (Linha 2)!"
Gamma |asl99 - OK - "Erro Sintatico (Linha 2)!"
~/ensino/private

Iota

~/ensino/private/E2/Iota ~/ensino/private
Iota |asl01 - OK - ""
Iota |asl02 - OK - ""
Iota |asl03 - OK - ""
Iota |asl04 - OK - ""
Iota |asl05 - OK - ""
Iota |asl06 - OK - ""
Iota |asl07 - OK - ""
Iota |asl08 - OK - ""
Iota |asl09 - OK - "line 3: syntax error"
Iota |asl100 - OK - "line 2: syntax error"
Iota |asl101 - OK - "line 2: syntax error"
Iota |asl102 - OK - "line 2: syntax error"
Iota |asl103 - OK - "line 2: syntax error"
Iota |asl104 - OK - "line 2: syntax error"
Iota |asl105 - OK - "line 2: syntax error"
Iota |asl106 - OK - "line 2: syntax error"
Iota |asl107 - OK - "line 2: syntax error"
Iota |asl108 - OK - "line 2: syntax error"
Iota |asl109 - OK - "line 2: syntax error"
Iota |asl10 - OK - "line 3: syntax error"
Iota |asl110 - OK - "line 2: syntax error"
Iota |asl111 - OK - "line 2: syntax error"
Iota |asl112 - OK - "line 2: syntax error"
Iota |asl113 - OK - "line 2: syntax error"
Iota |asl114 - NOK - "line 2: syntax error"
Iota |asl115 - OK - "line 4: syntax error"
Iota |asl116 - OK - "line 4: syntax error"
Iota |asl117 - OK - "line 7: syntax error"
Iota |asl118 - OK - "line 3: syntax error"
Iota |asl119 - OK - "line 4: syntax error"
Iota |asl11 - OK - "line 4: syntax error"
Iota |asl120 - OK - "line 4: syntax error"
Iota |asl121 - OK - "line 4: syntax error"
Iota |asl122 - OK - "line 4: syntax error"
Iota |asl123 - OK - "line 4: syntax error"
Iota |asl124 - OK - "line 6: syntax error"
Iota |asl125 - NOK - ""
Iota |asl126 - OK - "line 4: syntax error"
Iota |asl127 - OK - "line 4: syntax error"
Iota |asl128 - OK - "line 4: syntax error"
Iota |asl129 - OK - ""
Iota |asl12 - OK - "line 3: syntax error"
Iota |asl130 - OK - "line 5: syntax error"
Iota |asl131 - OK - "line 3: syntax error"
Iota |asl132 - OK - "line 3: syntax error"
Iota |asl133 - OK - "line 3: syntax error"
Iota |asl134 - OK - "line 3: syntax error"
Iota |asl135 - OK - "line 3: syntax error"
Iota |asl136 - OK - "line 3: syntax error"
Iota |asl137 - OK - "line 6: syntax error"
Iota |asl138 - OK - ""
Iota |asl139 - OK - ""
Iota |asl13 - OK - "line 2: syntax error"
Iota |asl140 - OK - ""
Iota |asl141 - OK - ""
Iota |asl142 - OK - ""
Iota |asl143 - OK - ""
Iota |asl144 - OK - ""
Iota |asl145 - OK - ""
Iota |asl146 - OK - ""
Iota |asl147 - OK - ""
Iota |asl148 - OK - ""
Iota |asl149 - OK - ""
Iota |asl14 - OK - "line 5: syntax error"
Iota |asl150 - OK - ""
Iota |asl15 - OK - "line 3: syntax error"
Iota |asl16 - OK - "line 2: syntax error"
Iota |asl17 - OK - "line 3: syntax error"
Iota |asl18 - OK - "line 2: syntax error"
Iota |asl19 - OK - "line 2: syntax error"
Iota |asl20 - OK - "line 2: syntax error"
Iota |asl21 - OK - "line 3: syntax error"
Iota |asl22 - OK - "line 3: syntax error"
Iota |asl23 - OK - "line 5: syntax error"
Iota |asl24 - OK - "line 3: syntax error"
Iota |asl25 - OK - ""
Iota |asl26 - NOK - ""
Iota |asl27 - OK - ""
Iota |asl28 - OK - ""
Iota |asl29 - OK - "line 4: syntax error"
Iota |asl30 - OK - ""
Iota |asl31 - OK - ""
Iota |asl32 - OK - ""
Iota |asl33 - OK - ""
Iota |asl34 - OK - "line 8: syntax error"
Iota |asl35 - OK - ""
Iota |asl36 - OK - ""
Iota |asl37 - OK - ""
Iota |asl38 - OK - ""
Iota |asl39 - OK - ""
Iota |asl40 - OK - "line 6: syntax error"
Iota |asl41 - OK - ""
Iota |asl42 - OK - ""
Iota |asl43 - OK - ""
Iota |asl44 - OK - ""
Iota |asl45 - OK - "line 3: syntax error"
Iota |asl46 - OK - ""
Iota |asl47 - OK - ""
Iota |asl48 - OK - ""
Iota |asl49 - OK - "line 4: syntax error"
Iota |asl50 - OK - ""
Iota |asl51 - OK - ""
Iota |asl52 - OK - ""
Iota |asl53 - NOK - "line 5: syntax error"
Iota |asl54 - NOK - "line 7: syntax error"
Iota |asl55 - OK - "line 7: syntax error"
Iota |asl56 - OK - ""
Iota |asl57 - OK - ""
Iota |asl58 - OK - ""
Iota |asl59 - OK - ""
Iota |asl60 - OK - ""
Iota |asl61 - OK - "line 7: syntax error"
Iota |asl62 - OK - ""
Iota |asl63 - OK - ""
Iota |asl64 - OK - "line 7: syntax error"
Iota |asl65 - OK - ""
Iota |asl66 - OK - ""
Iota |asl67 - OK - "line 6: syntax error"
Iota |asl68 - OK - "line 6: syntax error"
Iota |asl69 - OK - "line 6: syntax error"
Iota |asl70 - OK - "line 8: syntax error"
Iota |asl71 - OK - "line 9: syntax error"
Iota |asl72 - OK - "line 13: syntax error"
Iota |asl73 - OK - "line 13: syntax error"
Iota |asl74 - OK - "line 6: syntax error"
Iota |asl75 - OK - "line 6: syntax error"
Iota |asl76 - OK - ""
Iota |asl77 - OK - ""
Iota |asl78 - OK - ""
Iota |asl79 - OK - ""
Iota |asl80 - OK - ""
Iota |asl81 - OK - ""
Iota |asl82 - OK - "line 2: syntax error"
Iota |asl83 - NOK - ""
Iota |asl84 - OK - "line 3: syntax error"
Iota |asl85 - OK - "line 4: syntax error"
Iota |asl86 - OK - "line 2: syntax error"
Iota |asl87 - NOK - ""
Iota |asl88 - OK - "line 6: syntax error"
Iota |asl89 - OK - "line 4: syntax error"
Iota |asl90 - OK - "line 7: syntax error"
Iota |asl91 - OK - "line 7: syntax error"
Iota |asl92 - OK - "line 4: syntax error"
Iota |asl93 - OK - "line 4: syntax error"
Iota |asl94 - OK - "line 4: syntax error"
Iota |asl95 - OK - "line 6: syntax error"
Iota |asl96 - OK - "line 3: syntax error"
Iota |asl97 - OK - "line 3: syntax error"
Iota |asl98 - OK - "line 2: syntax error"
Iota |asl99 - OK - "line 2: syntax error"
~/ensino/private

Kappa

~/ensino/private/E2/Kappa ~/ensino/private
Kappa |asl01 - OK - "-- Program recognized. Retorno: 0"
Kappa |asl02 - OK - "-- Program recognized. Retorno: 0"
Kappa |asl03 - OK - "-- Program recognized. Retorno: 0"
Kappa |asl04 - OK - "-- Program recognized. Retorno: 0"
Kappa |asl05 - OK - "-- Program recognized. Retorno: 0"
Kappa |asl06 - OK - "-- Program recognized. Retorno: 0"
Kappa |asl07 - OK - "-- Program recognized. Retorno: 0"
Kappa |asl08 - OK - "-- Program recognized. Retorno: 0"
Kappa |asl09 - OK - "-- Invalid input. Retorno: 1"
Kappa |asl100 - OK - "-- Invalid input. Retorno: 1"
Kappa |asl101 - OK - "-- Invalid input. Retorno: 1"
Kappa |asl102 - OK - "-- Invalid input. Retorno: 1"
Kappa |asl103 - OK - "-- Invalid input. Retorno: 1"
Kappa |asl104 - OK - "-- Invalid input. Retorno: 1"
Kappa |asl105 - OK - "-- Invalid input. Retorno: 1"
Kappa |asl106 - OK - "-- Invalid input. Retorno: 1"
Kappa |asl107 - OK - "-- Invalid input. Retorno: 1"
Kappa |asl108 - OK - "-- Invalid input. Retorno: 1"
Kappa |asl109 - OK - "-- Invalid input. Retorno: 1"
Kappa |asl10 - OK - "-- Invalid input. Retorno: 1"
Kappa |asl110 - OK - "-- Invalid input. Retorno: 1"
Kappa |asl111 - OK - "-- Invalid input. Retorno: 1"
Kappa |asl112 - OK - "-- Invalid input. Retorno: 1"
Kappa |asl113 - OK - "-- Invalid input. Retorno: 1"
Kappa |asl114 - OK - "-- Program recognized. Retorno: 0"
Kappa |asl115 - OK - "-- Invalid input. Retorno: 1"
Kappa |asl116 - OK - "-- Invalid input. Retorno: 1"
Kappa |asl117 - OK - "-- Invalid input. Retorno: 1"
Kappa |asl118 - OK - "-- Invalid input. Retorno: 1"
Kappa |asl119 - OK - "-- Invalid input. Retorno: 1"
Kappa |asl11 - OK - "-- Invalid input. Retorno: 1"
Kappa |asl120 - OK - "-- Invalid input. Retorno: 1"
Kappa |asl121 - OK - "-- Invalid input. Retorno: 1"
Kappa |asl122 - OK - "-- Invalid input. Retorno: 1"
Kappa |asl123 - OK - "-- Invalid input. Retorno: 1"
Kappa |asl124 - OK - "-- Invalid input. Retorno: 1"
Kappa |asl125 - OK - "-- Invalid input. Retorno: 1"
Kappa |asl126 - OK - "-- Invalid input. Retorno: 1"
Kappa |asl127 - OK - "-- Invalid input. Retorno: 1"
Kappa |asl128 - OK - "-- Invalid input. Retorno: 1"
Kappa |asl129 - NOK - "-- Invalid input. Retorno: 1"
Kappa |asl12 - OK - "-- Invalid input. Retorno: 1"
Kappa |asl130 - OK - "-- Invalid input. Retorno: 1"
Kappa |asl131 - OK - "-- Invalid input. Retorno: 1"
Kappa |asl132 - OK - "-- Invalid input. Retorno: 1"
Kappa |asl133 - OK - "-- Invalid input. Retorno: 1"
Kappa |asl134 - OK - "-- Invalid input. Retorno: 1"
Kappa |asl135 - OK - "-- Invalid input. Retorno: 1"
Kappa |asl136 - OK - "-- Invalid input. Retorno: 1"
Kappa |asl137 - OK - "-- Invalid input. Retorno: 1"
Kappa |asl138 - OK - "-- Program recognized. Retorno: 0"
Kappa |asl139 - OK - "-- Program recognized. Retorno: 0"
Kappa |asl13 - OK - "-- Invalid input. Retorno: 1"
Kappa |asl140 - OK - "-- Program recognized. Retorno: 0"
Kappa |asl141 - OK - "-- Program recognized. Retorno: 0"
Kappa |asl142 - OK - "-- Program recognized. Retorno: 0"
Kappa |asl143 - OK - "-- Program recognized. Retorno: 0"
Kappa |asl144 - OK - "-- Program recognized. Retorno: 0"
Kappa |asl145 - OK - "-- Program recognized. Retorno: 0"
Kappa |asl146 - OK - "-- Program recognized. Retorno: 0"
Kappa |asl147 - OK - "-- Program recognized. Retorno: 0"
Kappa |asl148 - OK - "-- Program recognized. Retorno: 0"
Kappa |asl149 - OK - "-- Program recognized. Retorno: 0"
Kappa |asl14 - OK - "-- Invalid input. Retorno: 1"
Kappa |asl150 - OK - "-- Program recognized. Retorno: 0"
Kappa |asl15 - OK - "-- Invalid input. Retorno: 1"
Kappa |asl16 - OK - "-- Invalid input. Retorno: 1"
Kappa |asl17 - OK - "-- Invalid input. Retorno: 1"
Kappa |asl18 - OK - "-- Invalid input. Retorno: 1"
Kappa |asl19 - OK - "-- Invalid input. Retorno: 1"
Kappa |asl20 - OK - "-- Invalid input. Retorno: 1"
Kappa |asl21 - OK - "-- Invalid input. Retorno: 1"
Kappa |asl22 - OK - "-- Invalid input. Retorno: 1"
Kappa |asl23 - OK - "-- Invalid input. Retorno: 1"
Kappa |asl24 - OK - "-- Invalid input. Retorno: 1"
Kappa |asl25 - OK - "-- Program recognized. Retorno: 0"
Kappa |asl26 - OK - "-- Invalid input. Retorno: 1"
Kappa |asl27 - OK - "-- Program recognized. Retorno: 0"
Kappa |asl28 - OK - "-- Program recognized. Retorno: 0"
Kappa |asl29 - OK - "-- Invalid input. Retorno: 1"
Kappa |asl30 - OK - "-- Program recognized. Retorno: 0"
Kappa |asl31 - OK - "-- Program recognized. Retorno: 0"
Kappa |asl32 - OK - "-- Program recognized. Retorno: 0"
Kappa |asl33 - OK - "-- Program recognized. Retorno: 0"
Kappa |asl34 - OK - "-- Invalid input. Retorno: 1"
Kappa |asl35 - OK - "-- Program recognized. Retorno: 0"
Kappa |asl36 - OK - "-- Program recognized. Retorno: 0"
Kappa |asl37 - OK - "-- Program recognized. Retorno: 0"
Kappa |asl38 - OK - "-- Program recognized. Retorno: 0"
Kappa |asl39 - OK - "-- Program recognized. Retorno: 0"
Kappa |asl40 - OK - "-- Invalid input. Retorno: 1"
Kappa |asl41 - OK - "-- Program recognized. Retorno: 0"
Kappa |asl42 - OK - "-- Program recognized. Retorno: 0"
Kappa |asl43 - OK - "-- Program recognized. Retorno: 0"
Kappa |asl44 - OK - "-- Program recognized. Retorno: 0"
Kappa |asl45 - OK - "-- Invalid input. Retorno: 1"
Kappa |asl46 - OK - "-- Program recognized. Retorno: 0"
Kappa |asl47 - OK - "-- Program recognized. Retorno: 0"
Kappa |asl48 - OK - "-- Program recognized. Retorno: 0"
Kappa |asl49 - OK - "-- Invalid input. Retorno: 1"
Kappa |asl50 - OK - "-- Program recognized. Retorno: 0"
Kappa |asl51 - OK - "-- Program recognized. Retorno: 0"
Kappa |asl52 - OK - "-- Program recognized. Retorno: 0"
Kappa |asl53 - OK - "-- Program recognized. Retorno: 0"
Kappa |asl54 - OK - "-- Program recognized. Retorno: 0"
Kappa |asl55 - OK - "-- Invalid input. Retorno: 1"
Kappa |asl56 - OK - "-- Program recognized. Retorno: 0"
Kappa |asl57 - OK - "-- Program recognized. Retorno: 0"
Kappa |asl58 - OK - "-- Program recognized. Retorno: 0"
Kappa |asl59 - OK - "-- Program recognized. Retorno: 0"
Kappa |asl60 - OK - "-- Program recognized. Retorno: 0"
Kappa |asl61 - OK - "-- Invalid input. Retorno: 1"
Kappa |asl62 - NOK - "-- Invalid input. Retorno: 1"
Kappa |asl63 - NOK - "-- Invalid input. Retorno: 1"
Kappa |asl64 - OK - "-- Invalid input. Retorno: 1"
Kappa |asl65 - NOK - "-- Invalid input. Retorno: 1"
Kappa |asl66 - NOK - "-- Invalid input. Retorno: 1"
Kappa |asl67 - OK - "-- Invalid input. Retorno: 1"
Kappa |asl68 - OK - "-- Invalid input. Retorno: 1"
Kappa |asl69 - OK - "-- Invalid input. Retorno: 1"
Kappa |asl70 - OK - "-- Invalid input. Retorno: 1"
Kappa |asl71 - OK - "-- Invalid input. Retorno: 1"
Kappa |asl72 - OK - "-- Invalid input. Retorno: 1"
Kappa |asl73 - OK - "-- Invalid input. Retorno: 1"
Kappa |asl74 - OK - "-- Invalid input. Retorno: 1"
Kappa |asl75 - OK - "-- Invalid input. Retorno: 1"
Kappa |asl76 - OK - "-- Program recognized. Retorno: 0"
Kappa |asl77 - OK - "-- Program recognized. Retorno: 0"
Kappa |asl78 - OK - "-- Program recognized. Retorno: 0"
Kappa |asl79 - OK - "-- Program recognized. Retorno: 0"
Kappa |asl80 - NOK - "-- Invalid input. Retorno: 1"
Kappa |asl81 - OK - "-- Program recognized. Retorno: 0"
Kappa |asl82 - OK - "-- Invalid input. Retorno: 1"
Kappa |asl83 - OK - "-- Invalid input. Retorno: 1"
Kappa |asl84 - OK - "-- Invalid input. Retorno: 1"
Kappa |asl85 - OK - "-- Invalid input. Retorno: 1"
Kappa |asl86 - OK - "-- Invalid input. Retorno: 1"
Kappa |asl87 - OK - "-- Invalid input. Retorno: 1"
Kappa |asl88 - OK - "-- Invalid input. Retorno: 1"
Kappa |asl89 - OK - "-- Invalid input. Retorno: 1"
Kappa |asl90 - OK - "-- Invalid input. Retorno: 1"
Kappa |asl91 - OK - "-- Invalid input. Retorno: 1"
Kappa |asl92 - OK - "-- Invalid input. Retorno: 1"
Kappa |asl93 - OK - "-- Invalid input. Retorno: 1"
Kappa |asl94 - OK - "-- Invalid input. Retorno: 1"
Kappa |asl95 - OK - "-- Invalid input. Retorno: 1"
Kappa |asl96 - OK - "-- Invalid input. Retorno: 1"
Kappa |asl97 - OK - "-- Invalid input. Retorno: 1"
Kappa |asl98 - OK - "-- Invalid input. Retorno: 1"
Kappa |asl99 - OK - "-- Invalid input. Retorno: 1"
~/ensino/private

Omega

~/ensino/private/E2/Omega ~/ensino/private
Omega |asl01 - OK - ""
Omega |asl02 - OK - ""
Omega |asl03 - NOK - " syntax error:Erro na linha de numero: 6 ultimo token lido: ["
Omega |asl04 - NOK - " syntax error:Erro na linha de numero: 6 ultimo token lido: ["
Omega |asl05 - OK - ""
Omega |asl06 - OK - ""
Omega |asl07 - OK - ""
Omega |asl08 - OK - ""
Omega |asl09 - OK - " syntax error:Erro na linha de numero: 3 ultimo token lido: c"
Omega |asl100 - OK - " syntax error:Erro na linha de numero: 2 ultimo token lido: f"
Omega |asl101 - OK - " syntax error:Erro na linha de numero: 2 ultimo token lido: s"
Omega |asl102 - OK - " syntax error:Erro na linha de numero: 2 ultimo token lido: c"
Omega |asl103 - OK - " syntax error:Erro na linha de numero: 2 ultimo token lido: ;"
Omega |asl104 - OK - " syntax error:Erro na linha de numero: 2 ultimo token lido: ["
Omega |asl105 - OK - " syntax error:Erro na linha de numero: 2 ultimo token lido: ["
Omega |asl106 - OK - " syntax error:Erro na linha de numero: 2 ultimo token lido: c"
Omega |asl107 - OK - " syntax error:Erro na linha de numero: 2 ultimo token lido: c"
Omega |asl108 - OK - " syntax error:Erro na linha de numero: 2 ultimo token lido: c"
Omega |asl109 - OK - " syntax error:Erro na linha de numero: 2 ultimo token lido: c"
Omega |asl10 - OK - " syntax error:Erro na linha de numero: 3 ultimo token lido: v"
Omega |asl110 - OK - " syntax error:Erro na linha de numero: 2 ultimo token lido: c"
Omega |asl111 - OK - " syntax error:Erro na linha de numero: 2 ultimo token lido: c"
Omega |asl112 - OK - " syntax error:Erro na linha de numero: 2 ultimo token lido: c"
Omega |asl113 - OK - " syntax error:Erro na linha de numero: 2 ultimo token lido: c"
Omega |asl114 - OK - ""
Omega |asl115 - OK - " syntax error:Erro na linha de numero: 4 ultimo token lido: ="
Omega |asl116 - OK - " syntax error:Erro na linha de numero: 4 ultimo token lido: <"
Omega |asl117 - OK - " syntax error:Erro na linha de numero: 7 ultimo token lido: a"
Omega |asl118 - OK - " syntax error:Erro na linha de numero: 3 ultimo token lido: a"
Omega |asl119 - OK - " syntax error:Erro na linha de numero: 4 ultimo token lido: ;"
Omega |asl11 - OK - " syntax error:Erro na linha de numero: 4 ultimo token lido: "
Omega |asl120 - OK - "litnumberlitnumber syntax error:Erro na linha de numero: 4 ultimo token lido: ;"
Omega |asl121 - OK - "litnumber syntax error:Erro na linha de numero: 4 ultimo token lido: 1"
Omega |asl122 - OK - " syntax error:Erro na linha de numero: 4 ultimo token lido: {"
Omega |asl123 - OK - " syntax error:Erro na linha de numero: 4 ultimo token lido: )"
Omega |asl124 - OK - " syntax error:Erro na linha de numero: 4 ultimo token lido: {"
Omega |asl125 - OK - " syntax error:Erro na linha de numero: 4 ultimo token lido: ;"
Omega |asl126 - OK - " syntax error:Erro na linha de numero: 4 ultimo token lido: s"
Omega |asl127 - OK - " syntax error:Erro na linha de numero: 4 ultimo token lido: s"
Omega |asl128 - OK - " syntax error:Erro na linha de numero: 4 ultimo token lido: t"
Omega |asl129 - OK - ""
Omega |asl12 - OK - " syntax error:Erro na linha de numero: 3 ultimo token lido: <"
Omega |asl130 - OK - " syntax error:Erro na linha de numero: 5 ultimo token lido: x"
Omega |asl131 - OK - " syntax error:Erro na linha de numero: 3 ultimo token lido: f"
Omega |asl132 - OK - " syntax error:Erro na linha de numero: 3 ultimo token lido: f"
Omega |asl133 - OK - " syntax error:Erro na linha de numero: 3 ultimo token lido: :"
Omega |asl134 - OK - " syntax error:Erro na linha de numero: 3 ultimo token lido: +"
Omega |asl135 - OK - "litnumber syntax error:Erro na linha de numero: 3 ultimo token lido: )"
Omega |asl136 - OK - "litnumberlitnumber syntax error:Erro na linha de numero: 3 ultimo token lido: ;"
Omega |asl137 - OK - " syntax error:Erro na linha de numero: 6 ultimo token lido: <"
Omega |asl138 - OK - ""
Omega |asl139 - OK - ""
Omega |asl13 - OK - " syntax error:Erro na linha de numero: 2 ultimo token lido: c"
Omega |asl140 - OK - ""
Omega |asl141 - OK - ""
Omega |asl142 - OK - ""
Omega |asl143 - OK - ""
Omega |asl144 - OK - ""
Omega |asl145 - OK - ""
Omega |asl146 - OK - "litnumber"
Omega |asl147 - OK - ""
Omega |asl148 - OK - ""
Omega |asl149 - OK - "litnumber"
Omega |asl14 - OK - " syntax error:Erro na linha de numero: 5 ultimo token lido: c"
Omega |asl150 - NOK - "litnumber syntax error:Erro na linha de numero: 3 ultimo token lido: +"
Omega |asl15 - OK - " syntax error:Erro na linha de numero: 3 ultimo token lido: c"
Omega |asl16 - OK - " syntax error:Erro na linha de numero: 2 ultimo token lido: c"
Omega |asl17 - OK - " syntax error:Erro na linha de numero: 3 ultimo token lido: c"
Omega |asl18 - OK - " syntax error:Erro na linha de numero: 2 ultimo token lido: c"
Omega |asl19 - OK - " syntax error:Erro na linha de numero: 2 ultimo token lido: c"
Omega |asl20 - OK - " syntax error:Erro na linha de numero: 2 ultimo token lido: c"
Omega |asl21 - OK - " syntax error:Erro na linha de numero: 3 ultimo token lido: c"
Omega |asl22 - OK - " syntax error:Erro na linha de numero: 3 ultimo token lido: c"
Omega |asl23 - OK - " syntax error:Erro na linha de numero: 5 ultimo token lido: c"
Omega |asl24 - OK - " syntax error:Erro na linha de numero: 3 ultimo token lido: c"
Omega |asl25 - OK - ""
Omega |asl26 - OK - " syntax error:Erro na linha de numero: 6 ultimo token lido: ;"
Omega |asl27 - NOK - " syntax error:Erro na linha de numero: 3 ultimo token lido: ("
Omega |asl28 - OK - ""
Omega |asl29 - OK - " syntax error:Erro na linha de numero: 4 ultimo token lido: ["
Omega |asl30 - OK - ""
Omega |asl31 - NOK - " syntax error:Erro na linha de numero: 4 ultimo token lido: {"
Omega |asl32 - NOK - " syntax error:Erro na linha de numero: 6 ultimo token lido: {"
Omega |asl33 - OK - ""
Omega |asl34 - OK - " syntax error:Erro na linha de numero: 8 ultimo token lido: i"
Omega |asl35 - OK - ""
Omega |asl36 - OK - ""
Omega |asl37 - OK - ""
Omega |asl38 - OK - ""
Omega |asl39 - OK - ""
Omega |asl40 - OK - " syntax error:Erro na linha de numero: 6 ultimo token lido: ["
Omega |asl41 - NOK - " syntax error:Erro na linha de numero: 6 ultimo token lido: c"
Omega |asl42 - NOK - " syntax error:Erro na linha de numero: 6 ultimo token lido: c"
Omega |asl43 - NOK - " syntax error:Erro na linha de numero: 6 ultimo token lido: <"
Omega |asl44 - NOK - " syntax error:Erro na linha de numero: 6 ultimo token lido: <"
Omega |asl45 - OK - " syntax error:Erro na linha de numero: 3 ultimo token lido: c"
Omega |asl46 - OK - "litnumber"
Omega |asl47 - NOK - " syntax error:Erro na linha de numero: 2 ultimo token lido: ["
Omega |asl48 - NOK - " syntax error:Erro na linha de numero: 2 ultimo token lido: ["
Omega |asl49 - OK - " syntax error:Erro na linha de numero: 4 ultimo token lido: c"
Omega |asl50 - OK - ""
Omega |asl51 - OK - ""
Omega |asl52 - OK - ""
Omega |asl53 - OK - ""
Omega |asl54 - OK - ""
Omega |asl55 - OK - " syntax error:Erro na linha de numero: 7 ultimo token lido: ."
Omega |asl56 - OK - "litnumber"
Omega |asl57 - OK - "litnumber"
Omega |asl58 - OK - ""
Omega |asl59 - OK - ""
Omega |asl60 - OK - ""
Omega |asl61 - OK - " syntax error:Erro na linha de numero: 7 ultimo token lido: c"
Omega |asl62 - OK - ""
Omega |asl63 - OK - ""
Omega |asl64 - OK - " syntax error:Erro na linha de numero: 7 ultimo token lido: f"
Omega |asl65 - OK - "litnumberlitnumberlitnumberlitnumber"
Omega |asl66 - OK - ""
Omega |asl67 - OK - " syntax error:Erro na linha de numero: 6 ultimo token lido: d"
Omega |asl68 - OK - " syntax error:Erro na linha de numero: 6 ultimo token lido: o"
Omega |asl69 - OK - " syntax error:Erro na linha de numero: 6 ultimo token lido: c"
Omega |asl70 - OK - "litnumber syntax error:Erro na linha de numero: 8 ultimo token lido: s"
Omega |asl71 - OK - "litnumber syntax error:Erro na linha de numero: 9 ultimo token lido: d"
Omega |asl72 - OK - " syntax error:Erro na linha de numero: 13 ultimo token lido: %"
Omega |asl73 - OK - " syntax error:Erro na linha de numero: 13 ultimo token lido: %"
Omega |asl74 - OK - " syntax error:Erro na linha de numero: 6 ultimo token lido: %"
Omega |asl75 - OK - " syntax error:Erro na linha de numero: 6 ultimo token lido: ("
Omega |asl76 - OK - "litnumber"
Omega |asl77 - NOK - "litnumber syntax error:Erro na linha de numero: 5 ultimo token lido: ["
Omega |asl78 - NOK - "litnumberlitnumber syntax error:Erro na linha de numero: 4 ultimo token lido: ("
Omega |asl79 - OK - "litnumber"
Omega |asl80 - NOK - " syntax error:Erro na linha de numero: 6 ultimo token lido: ="
Omega |asl81 - NOK - " syntax error:Erro na linha de numero: 7 ultimo token lido: ["
Omega |asl82 - OK - " syntax error:Erro na linha de numero: 2 ultimo token lido: ;"
Omega |asl83 - OK - " syntax error:Erro na linha de numero: 2 ultimo token lido: ;"
Omega |asl84 - OK - " syntax error:Erro na linha de numero: 3 ultimo token lido: f"
Omega |asl85 - OK - " syntax error:Erro na linha de numero: 4 ultimo token lido: ;"
Omega |asl86 - OK - " syntax error:Erro na linha de numero: 2 ultimo token lido: )"
Omega |asl87 - OK - " syntax error:Erro na linha de numero: 6 ultimo token lido: a"
Omega |asl88 - OK - " syntax error:Erro na linha de numero: 5 ultimo token lido: ="
Omega |asl89 - OK - " syntax error:Erro na linha de numero: 4 ultimo token lido: ;"
Omega |asl90 - OK - " syntax error:Erro na linha de numero: 7 ultimo token lido: ,"
Omega |asl91 - OK - " syntax error:Erro na linha de numero: 7 ultimo token lido: ,"
Omega |asl92 - OK - "litnumber syntax error:Erro na linha de numero: 4 ultimo token lido: +"
Omega |asl93 - OK - "litnumber syntax error:Erro na linha de numero: 4 ultimo token lido: ="
Omega |asl94 - OK - " syntax error:Erro na linha de numero: 4 ultimo token lido: !"
Omega |asl95 - OK - " syntax error:Erro na linha de numero: 6 ultimo token lido: c"
Omega |asl96 - OK - " syntax error:Erro na linha de numero: 3 ultimo token lido: c"
Omega |asl97 - OK - " syntax error:Erro na linha de numero: 3 ultimo token lido: c"
Omega |asl98 - OK - " syntax error:Erro na linha de numero: 2 ultimo token lido: ["
Omega |asl99 - OK - " syntax error:Erro na linha de numero: 2 ultimo token lido: ["
~/ensino/private

Omicron

~/ensino/private/E2/Omicron ~/ensino/private
Omicron |asl01 - OK - ""
Omicron |asl02 - OK - ""
Omicron |asl03 - OK - ""
Omicron |asl04 - OK - ""
Omicron |asl05 - OK - ""
Omicron |asl06 - OK - ""
Omicron |asl07 - OK - ""
Omicron |asl08 - OK - ""
Omicron |asl09 - OK - ""
Omicron |asl100 - OK - ""
Omicron |asl101 - OK - ""
Omicron |asl102 - OK - ""
Omicron |asl103 - OK - ""
Omicron |asl104 - OK - ""
Omicron |asl105 - OK - ""
Omicron |asl106 - OK - ""
Omicron |asl107 - OK - ""
Omicron |asl108 - OK - ""
Omicron |asl109 - OK - ""
Omicron |asl10 - OK - ""
Omicron |asl110 - OK - ""
Omicron |asl111 - OK - ""
Omicron |asl112 - OK - ""
Omicron |asl113 - OK - ""
Omicron |asl114 - NOK - ""
Omicron |asl115 - OK - ""
Omicron |asl116 - OK - ""
Omicron |asl117 - OK - ""
Omicron |asl118 - OK - ""
Omicron |asl119 - OK - ""
Omicron |asl11 - OK - ""
Omicron |asl120 - OK - ""
Omicron |asl121 - OK - ""
Omicron |asl122 - OK - ""
Omicron |asl123 - OK - ""
Omicron |asl124 - OK - ""
Omicron |asl125 - OK - ""
Omicron |asl126 - OK - ""
Omicron |asl127 - OK - ""
Omicron |asl128 - OK - ""
Omicron |asl129 - OK - ""
Omicron |asl12 - OK - ""
Omicron |asl130 - OK - ""
Omicron |asl131 - OK - ""
Omicron |asl132 - OK - ""
Omicron |asl133 - OK - ""
Omicron |asl134 - OK - ""
Omicron |asl135 - OK - ""
Omicron |asl136 - OK - ""
Omicron |asl137 - OK - ""
Omicron |asl138 - OK - ""
Omicron |asl139 - OK - ""
Omicron |asl13 - OK - ""
Omicron |asl140 - OK - ""
Omicron |asl141 - OK - ""
Omicron |asl142 - OK - ""
Omicron |asl143 - OK - ""
Omicron |asl144 - OK - ""
Omicron |asl145 - OK - ""
Omicron |asl146 - OK - ""
Omicron |asl147 - OK - ""
Omicron |asl148 - OK - ""
Omicron |asl149 - OK - ""
Omicron |asl14 - OK - ""
Omicron |asl150 - OK - ""
Omicron |asl15 - OK - ""
Omicron |asl16 - OK - ""
Omicron |asl17 - OK - ""
Omicron |asl18 - OK - ""
Omicron |asl19 - OK - ""
Omicron |asl20 - OK - ""
Omicron |asl21 - OK - ""
Omicron |asl22 - OK - ""
Omicron |asl23 - OK - ""
Omicron |asl24 - OK - ""
Omicron |asl25 - OK - ""
Omicron |asl26 - OK - ""
Omicron |asl27 - OK - ""
Omicron |asl28 - OK - ""
Omicron |asl29 - OK - ""
Omicron |asl30 - OK - ""
Omicron |asl31 - OK - ""
Omicron |asl32 - OK - ""
Omicron |asl33 - OK - ""
Omicron |asl34 - OK - ""
Omicron |asl35 - OK - ""
Omicron |asl36 - OK - ""
Omicron |asl37 - OK - ""
Omicron |asl38 - OK - ""
Omicron |asl39 - OK - ""
Omicron |asl40 - OK - ""
Omicron |asl41 - OK - ""
Omicron |asl42 - OK - ""
Omicron |asl43 - OK - ""
Omicron |asl44 - OK - ""
Omicron |asl45 - OK - ""
Omicron |asl46 - OK - ""
Omicron |asl47 - OK - ""
Omicron |asl48 - OK - ""
Omicron |asl49 - OK - ""
Omicron |asl50 - OK - ""
Omicron |asl51 - OK - ""
Omicron |asl52 - OK - ""
Omicron |asl53 - OK - ""
Omicron |asl54 - OK - ""
Omicron |asl55 - OK - ""
Omicron |asl56 - OK - ""
Omicron |asl57 - OK - ""
Omicron |asl58 - OK - ""
Omicron |asl59 - OK - ""
Omicron |asl60 - OK - ""
Omicron |asl61 - OK - ""
Omicron |asl62 - OK - ""
Omicron |asl63 - OK - ""
Omicron |asl64 - OK - ""
Omicron |asl65 - OK - ""
Omicron |asl66 - OK - ""
Omicron |asl67 - OK - ""
Omicron |asl68 - OK - ""
Omicron |asl69 - OK - ""
Omicron |asl70 - OK - ""
Omicron |asl71 - OK - ""
Omicron |asl72 - OK - ""
Omicron |asl73 - OK - ""
Omicron |asl74 - OK - ""
Omicron |asl75 - OK - ""
Omicron |asl76 - OK - ""
Omicron |asl77 - OK - ""
Omicron |asl78 - OK - ""
Omicron |asl79 - OK - ""
Omicron |asl80 - OK - ""
Omicron |asl81 - OK - ""
Omicron |asl82 - OK - ""
Omicron |asl83 - OK - ""
Omicron |asl84 - OK - ""
Omicron |asl85 - OK - ""
Omicron |asl86 - OK - ""
Omicron |asl87 - OK - ""
Omicron |asl88 - OK - ""
Omicron |asl89 - OK - ""
Omicron |asl90 - OK - ""
Omicron |asl91 - OK - ""
Omicron |asl92 - OK - ""
Omicron |asl93 - OK - ""
Omicron |asl94 - OK - ""
Omicron |asl95 - OK - ""
Omicron |asl96 - OK - ""
Omicron |asl97 - OK - ""
Omicron |asl98 - OK - ""
Omicron |asl99 - OK - ""
~/ensino/private

Psi

~/ensino/private/E2/Psi ~/ensino/private
Psi |asl01 - NOK - "syntax error"
Psi |asl02 - NOK - "syntax error"
Psi |asl03 - NOK - "syntax error"
Psi |asl04 - NOK - "syntax error"
Psi |asl05 - OK - ""
Psi |asl06 - OK - ""
Psi |asl07 - OK - ""
Psi |asl08 - OK - ""
Psi |asl09 - OK - "syntax error"
Psi |asl100 - OK - "syntax error"
Psi |asl101 - OK - "syntax error"
Psi |asl102 - OK - "syntax error"
Psi |asl103 - OK - "syntax error"
Psi |asl104 - OK - "syntax error"
Psi |asl105 - OK - "syntax error"
Psi |asl106 - OK - "syntax error"
Psi |asl107 - OK - "syntax error"
Psi |asl108 - OK - "syntax error"
Psi |asl109 - OK - "syntax error"
Psi |asl10 - OK - "syntax error"
Psi |asl110 - OK - "syntax error"
Psi |asl111 - OK - "syntax error"
Psi |asl112 - OK - "syntax error"
Psi |asl113 - OK - "syntax error"
Psi |asl114 - NOK - "syntax error"
Psi |asl115 - OK - "syntax error"
Psi |asl116 - OK - "syntax error"
Psi |asl117 - OK - "syntax error"
Psi |asl118 - OK - "syntax error"
Psi |asl119 - OK - "syntax error"
Psi |asl11 - OK - "syntax error"
Psi |asl120 - OK - "syntax error"
Psi |asl121 - OK - "syntax error"
Psi |asl122 - OK - "syntax error"
Psi |asl123 - OK - "syntax error"
Psi |asl124 - OK - "syntax error"
Psi |asl125 - OK - "syntax error"
Psi |asl126 - OK - "syntax error"
Psi |asl127 - OK - "syntax error"
Psi |asl128 - OK - "syntax error"
Psi |asl129 - NOK - "syntax error"
Psi |asl12 - OK - "syntax error"
Psi |asl130 - OK - "syntax error"
Psi |asl131 - OK - "syntax error"
Psi |asl132 - OK - "syntax error"
Psi |asl133 - OK - "syntax error"
Psi |asl134 - OK - "syntax error"
Psi |asl135 - OK - "syntax error"
Psi |asl136 - OK - "syntax error"
Psi |asl137 - OK - "syntax error"
Psi |asl138 - OK - ""
Psi |asl139 - OK - ""
Psi |asl13 - OK - "syntax error"
Psi |asl140 - OK - ""
Psi |asl141 - OK - ""
Psi |asl142 - OK - ""
Psi |asl143 - OK - ""
Psi |asl144 - OK - ""
Psi |asl145 - OK - ""
Psi |asl146 - OK - ""
Psi |asl147 - OK - ""
Psi |asl148 - OK - ""
Psi |asl149 - OK - ""
Psi |asl14 - OK - "syntax error"
Psi |asl150 - NOK - "syntax error"
Psi |asl15 - OK - "syntax error"
Psi |asl16 - OK - "syntax error"
Psi |asl17 - OK - "syntax error"
Psi |asl18 - OK - "syntax error"
Psi |asl19 - OK - "syntax error"
Psi |asl20 - OK - "syntax error"
Psi |asl21 - OK - "syntax error"
Psi |asl22 - OK - "syntax error"
Psi |asl23 - OK - "syntax error"
Psi |asl24 - OK - "syntax error"
Psi |asl25 - OK - ""
Psi |asl26 - OK - "syntax error"
Psi |asl27 - OK - ""
Psi |asl28 - OK - ""
Psi |asl29 - OK - "syntax error"
Psi |asl30 - OK - ""
Psi |asl31 - OK - ""
Psi |asl32 - OK - ""
Psi |asl33 - OK - ""
Psi |asl34 - OK - "syntax error"
Psi |asl35 - OK - ""
Psi |asl36 - OK - ""
Psi |asl37 - OK - ""
Psi |asl38 - OK - ""
Psi |asl39 - OK - ""
Psi |asl40 - OK - "syntax error"
Psi |asl41 - OK - ""
Psi |asl42 - OK - ""
Psi |asl43 - OK - ""
Psi |asl44 - OK - ""
Psi |asl45 - OK - "syntax error"
Psi |asl46 - OK - ""
Psi |asl47 - OK - ""
Psi |asl48 - OK - ""
Psi |asl49 - OK - "syntax error"
Psi |asl50 - OK - ""
Psi |asl51 - OK - ""
Psi |asl52 - OK - ""
Psi |asl53 - OK - ""
Psi |asl54 - OK - ""
Psi |asl55 - OK - "syntax error"
Psi |asl56 - OK - ""
Psi |asl57 - OK - ""
Psi |asl58 - OK - ""
Psi |asl59 - OK - ""
Psi |asl60 - OK - ""
Psi |asl61 - OK - "syntax error"
Psi |asl62 - NOK - "syntax error"
Psi |asl63 - NOK - "syntax error"
Psi |asl64 - OK - "syntax error"
Psi |asl65 - OK - ""
Psi |asl66 - OK - ""
Psi |asl67 - OK - "syntax error"
Psi |asl68 - OK - "syntax error"
Psi |asl69 - OK - "syntax error"
Psi |asl70 - OK - "syntax error"
Psi |asl71 - OK - "syntax error"
Psi |asl72 - OK - "syntax error"
Psi |asl73 - OK - "syntax error"
Psi |asl74 - OK - "syntax error"
Psi |asl75 - OK - "syntax error"
Psi |asl76 - OK - ""
Psi |asl77 - OK - ""
Psi |asl78 - OK - ""
Psi |asl79 - OK - ""
Psi |asl80 - NOK - "syntax error"
Psi |asl81 - NOK - "syntax error"
Psi |asl82 - OK - "syntax error"
Psi |asl83 - OK - "syntax error"
Psi |asl84 - OK - "syntax error"
Psi |asl85 - OK - "syntax error"
Psi |asl86 - OK - "syntax error"
Psi |asl87 - OK - "syntax error"
Psi |asl88 - OK - "syntax error"
Psi |asl89 - OK - "syntax error"
Psi |asl90 - OK - "syntax error"
Psi |asl91 - OK - "syntax error"
Psi |asl92 - OK - "syntax error"
Psi |asl93 - OK - "syntax error"
Psi |asl94 - OK - "syntax error"
Psi |asl95 - OK - "syntax error"
Psi |asl96 - OK - "syntax error"
Psi |asl97 - OK - "syntax error"
Psi |asl98 - OK - "syntax error"
Psi |asl99 - OK - "syntax error"
~/ensino/private

Rho

~/ensino/private/E2/Rho ~/ensino/private
Rho |asl01 - OK - ""
Rho |asl02 - OK - ""
Rho |asl03 - OK - ""
Rho |asl04 - OK - ""
Rho |asl05 - OK - ""
Rho |asl06 - OK - ""
Rho |asl07 - OK - ""
Rho |asl08 - OK - ""
Rho |asl09 - OK - ""
Rho |asl100 - OK - ""
Rho |asl101 - OK - ""
Rho |asl102 - OK - ""
Rho |asl103 - OK - ""
Rho |asl104 - OK - ""
Rho |asl105 - OK - ""
Rho |asl106 - OK - ""
Rho |asl107 - OK - ""
Rho |asl108 - OK - ""
Rho |asl109 - OK - ""
Rho |asl10 - OK - ""
Rho |asl110 - OK - ""
Rho |asl111 - OK - ""
Rho |asl112 - OK - ""
Rho |asl113 - OK - ""
Rho |asl114 - OK - ""
Rho |asl115 - OK - ""
Rho |asl116 - OK - ""
Rho |asl117 - OK - ""
Rho |asl118 - OK - ""
Rho |asl119 - OK - ""
Rho |asl11 - OK - ""
Rho |asl120 - OK - ""
Rho |asl121 - OK - ""
Rho |asl122 - OK - ""
Rho |asl123 - OK - ""
Rho |asl124 - OK - ""
Rho |asl125 - OK - ""
Rho |asl126 - OK - ""
Rho |asl127 - OK - ""
Rho |asl128 - OK - ""
Rho |asl129 - NOK - ""
Rho |asl12 - OK - ""
Rho |asl130 - OK - ""
Rho |asl131 - OK - ""
Rho |asl132 - OK - ""
Rho |asl133 - OK - ""
Rho |asl134 - OK - ""
Rho |asl135 - OK - ""
Rho |asl136 - OK - ""
Rho |asl137 - OK - ""
Rho |asl138 - OK - ""
Rho |asl139 - OK - ""
Rho |asl13 - OK - ""
Rho |asl140 - OK - ""
Rho |asl141 - OK - ""
Rho |asl142 - OK - ""
Rho |asl143 - OK - ""
Rho |asl144 - OK - ""
Rho |asl145 - OK - ""
Rho |asl146 - OK - ""
Rho |asl147 - OK - ""
Rho |asl148 - OK - ""
Rho |asl149 - OK - ""
Rho |asl14 - OK - ""
Rho |asl150 - NOK - ""
Rho |asl15 - OK - ""
Rho |asl16 - OK - ""
Rho |asl17 - OK - ""
Rho |asl18 - OK - ""
Rho |asl19 - OK - ""
Rho |asl20 - OK - ""
Rho |asl21 - OK - ""
Rho |asl22 - OK - ""
Rho |asl23 - OK - ""
Rho |asl24 - OK - ""
Rho |asl25 - OK - ""
Rho |asl26 - OK - ""
Rho |asl27 - OK - ""
Rho |asl28 - OK - ""
Rho |asl29 - OK - ""
Rho |asl30 - OK - ""
Rho |asl31 - NOK - ""
Rho |asl32 - NOK - ""
Rho |asl33 - OK - ""
Rho |asl34 - OK - ""
Rho |asl35 - OK - ""
Rho |asl36 - OK - ""
Rho |asl37 - OK - ""
Rho |asl38 - OK - ""
Rho |asl39 - OK - ""
Rho |asl40 - OK - ""
Rho |asl41 - NOK - ""
Rho |asl42 - OK - ""
Rho |asl43 - OK - ""
Rho |asl44 - OK - ""
Rho |asl45 - OK - ""
Rho |asl46 - OK - ""
Rho |asl47 - OK - ""
Rho |asl48 - OK - ""
Rho |asl49 - OK - ""
Rho |asl50 - OK - ""
Rho |asl51 - OK - ""
Rho |asl52 - OK - ""
Rho |asl53 - NOK - ""
Rho |asl54 - OK - ""
Rho |asl55 - OK - ""
Rho |asl56 - OK - ""
Rho |asl57 - OK - ""
Rho |asl58 - OK - ""
Rho |asl59 - OK - ""
Rho |asl60 - OK - ""
Rho |asl61 - OK - ""
Rho |asl62 - NOK - ""
Rho |asl63 - NOK - ""
Rho |asl64 - OK - ""
Rho |asl65 - NOK - ""
Rho |asl66 - NOK - ""
Rho |asl67 - OK - ""
Rho |asl68 - OK - ""
Rho |asl69 - OK - ""
Rho |asl70 - OK - ""
Rho |asl71 - OK - ""
Rho |asl72 - OK - ""
Rho |asl73 - OK - ""
Rho |asl74 - OK - ""
Rho |asl75 - OK - ""
Rho |asl76 - OK - ""
Rho |asl77 - OK - ""
Rho |asl78 - OK - ""
Rho |asl79 - OK - ""
Rho |asl80 - NOK - ""
Rho |asl81 - OK - ""
Rho |asl82 - OK - ""
Rho |asl83 - OK - ""
Rho |asl84 - OK - ""
Rho |asl85 - OK - ""
Rho |asl86 - NOK - ""
Rho |asl87 - OK - ""
Rho |asl88 - OK - ""
Rho |asl89 - OK - ""
Rho |asl90 - OK - ""
Rho |asl91 - OK - ""
Rho |asl92 - OK - ""
Rho |asl93 - OK - ""
Rho |asl94 - OK - ""
Rho |asl95 - OK - ""
Rho |asl96 - OK - ""
Rho |asl97 - OK - ""
Rho |asl98 - OK - ""
Rho |asl99 - OK - ""
~/ensino/private

Sigma

~/ensino/private/E2/Sigma ~/ensino/private
Sigma |asl01 - OK - ""
Sigma |asl02 - OK - ""
Sigma |asl03 - OK - ""
Sigma |asl04 - OK - ""
Sigma |asl05 - OK - ""
Sigma |asl06 - OK - ""
Sigma |asl07 - OK - ""
Sigma |asl08 - OK - ""
Sigma |asl09 - OK - ""
Sigma |asl100 - OK - ""
Sigma |asl101 - OK - ""
Sigma |asl102 - OK - ""
Sigma |asl103 - OK - ""
Sigma |asl104 - OK - ""
Sigma |asl105 - OK - ""
Sigma |asl106 - OK - ""
Sigma |asl107 - OK - ""
Sigma |asl108 - OK - ""
Sigma |asl109 - OK - ""
Sigma |asl10 - OK - ""
Sigma |asl110 - OK - ""
Sigma |asl111 - OK - ""
Sigma |asl112 - OK - ""
Sigma |asl113 - OK - ""
Sigma |asl114 - OK - ""
Sigma |asl115 - OK - ""
Sigma |asl116 - OK - ""
Sigma |asl117 - OK - ""
Sigma |asl118 - OK - ""
Sigma |asl119 - OK - ""
Sigma |asl11 - OK - ""
Sigma |asl120 - OK - ""
Sigma |asl121 - OK - ""
Sigma |asl122 - OK - ""
Sigma |asl123 - OK - ""
Sigma |asl124 - OK - ""
Sigma |asl125 - OK - ""
Sigma |asl126 - OK - ""
Sigma |asl127 - OK - ""
Sigma |asl128 - OK - ""
Sigma |asl129 - NOK - ""
Sigma |asl12 - OK - ""
Sigma |asl130 - OK - ""
Sigma |asl131 - OK - ""
Sigma |asl132 - OK - ""
Sigma |asl133 - OK - ""
Sigma |asl134 - OK - ""
Sigma |asl135 - OK - ""
Sigma |asl136 - OK - ""
Sigma |asl137 - OK - ""
Sigma |asl138 - OK - ""
Sigma |asl139 - OK - ""
Sigma |asl13 - OK - ""
Sigma |asl140 - OK - ""
Sigma |asl141 - OK - ""
Sigma |asl142 - OK - ""
Sigma |asl143 - OK - ""
Sigma |asl144 - OK - ""
Sigma |asl145 - OK - ""
Sigma |asl146 - OK - ""
Sigma |asl147 - OK - ""
Sigma |asl148 - OK - ""
Sigma |asl149 - OK - ""
Sigma |asl14 - OK - ""
Sigma |asl150 - NOK - ""
Sigma |asl15 - OK - ""
Sigma |asl16 - OK - ""
Sigma |asl17 - OK - ""
Sigma |asl18 - OK - ""
Sigma |asl19 - OK - ""
Sigma |asl20 - OK - ""
Sigma |asl21 - OK - ""
Sigma |asl22 - OK - ""
Sigma |asl23 - OK - ""
Sigma |asl24 - OK - ""
Sigma |asl25 - OK - ""
Sigma |asl26 - OK - ""
Sigma |asl27 - OK - ""
Sigma |asl28 - OK - ""
Sigma |asl29 - OK - ""
Sigma |asl30 - OK - ""
Sigma |asl31 - OK - ""
Sigma |asl32 - OK - ""
Sigma |asl33 - OK - ""
Sigma |asl34 - OK - ""
Sigma |asl35 - OK - ""
Sigma |asl36 - OK - ""
Sigma |asl37 - OK - ""
Sigma |asl38 - OK - ""
Sigma |asl39 - OK - ""
Sigma |asl40 - OK - ""
Sigma |asl41 - OK - ""
Sigma |asl42 - OK - ""
Sigma |asl43 - OK - ""
Sigma |asl44 - OK - ""
Sigma |asl45 - OK - ""
Sigma |asl46 - OK - ""
Sigma |asl47 - OK - ""
Sigma |asl48 - OK - ""
Sigma |asl49 - OK - ""
Sigma |asl50 - OK - ""
Sigma |asl51 - OK - ""
Sigma |asl52 - OK - ""
Sigma |asl53 - OK - ""
Sigma |asl54 - OK - ""
Sigma |asl55 - OK - ""
Sigma |asl56 - OK - ""
Sigma |asl57 - OK - ""
Sigma |asl58 - OK - ""
Sigma |asl59 - OK - ""
Sigma |asl60 - OK - ""
Sigma |asl61 - OK - ""
Sigma |asl62 - NOK - ""
Sigma |asl63 - NOK - ""
Sigma |asl64 - OK - ""
Sigma |asl65 - NOK - ""
Sigma |asl66 - NOK - ""
Sigma |asl67 - OK - ""
Sigma |asl68 - OK - ""
Sigma |asl69 - OK - ""
Sigma |asl70 - OK - ""
Sigma |asl71 - OK - ""
Sigma |asl72 - OK - ""
Sigma |asl73 - OK - ""
Sigma |asl74 - OK - ""
Sigma |asl75 - OK - ""
Sigma |asl76 - OK - ""
Sigma |asl77 - OK - ""
Sigma |asl78 - OK - ""
Sigma |asl79 - OK - ""
Sigma |asl80 - NOK - ""
Sigma |asl81 - OK - ""
Sigma |asl82 - OK - ""
Sigma |asl83 - OK - ""
Sigma |asl84 - OK - ""
Sigma |asl85 - OK - ""
Sigma |asl86 - OK - ""
Sigma |asl87 - OK - ""
Sigma |asl88 - OK - ""
Sigma |asl89 - OK - ""
Sigma |asl90 - OK - ""
Sigma |asl91 - OK - ""
Sigma |asl92 - OK - ""
Sigma |asl93 - OK - ""
Sigma |asl94 - OK - ""
Sigma |asl95 - OK - ""
Sigma |asl96 - OK - ""
Sigma |asl97 - OK - ""
Sigma |asl98 - OK - ""
Sigma |asl99 - OK - ""
~/ensino/private

Tau

~/ensino/private/E2/Tau ~/ensino/private
Tau |asl01 - OK - ""
Tau |asl02 - OK - ""
Tau |asl03 - OK - ""
Tau |asl04 - OK - ""
Tau |asl05 - OK - ""
Tau |asl06 - OK - ""
Tau |asl07 - OK - ""
Tau |asl08 - OK - ""
Tau |asl09 - OK - "Error on line 3. syntax error, unexpected TK_PR_CLASS, expecting $end"
Tau |asl100 - OK - "Error on line 2. syntax error, unexpected TK_IDENTIFICADOR, expecting $end"
Tau |asl101 - OK - "Error on line 2. syntax error, unexpected TK_PR_STATIC"
Tau |asl102 - OK - "Error on line 2. syntax error, unexpected TK_PR_CONST, expecting $end"
Tau |asl103 - OK - "Error on line 2. syntax error, unexpected ';', expecting '{'"
Tau |asl104 - OK - "Error on line 2. syntax error, unexpected '[', expecting ')'"
Tau |asl105 - OK - "Error on line 2. syntax error, unexpected '(', expecting ';'"
Tau |asl106 - OK - "Error on line 2. syntax error, unexpected TK_PR_CLASS, expecting $end"
Tau |asl107 - OK - "Error on line 2. syntax error, unexpected TK_PR_CLASS, expecting $end"
Tau |asl108 - OK - "Error on line 2. syntax error, unexpected TK_PR_CLASS, expecting $end"
Tau |asl109 - OK - "Error on line 2. syntax error, unexpected TK_PR_CLASS"
Tau |asl10 - OK - "Error on line 3. syntax error, unexpected TK_IDENTIFICADOR, expecting $end"
Tau |asl110 - OK - "Error on line 2. syntax error, unexpected TK_PR_CLASS, expecting $end"
Tau |asl111 - OK - "Error on line 2. syntax error, unexpected TK_PR_CLASS, expecting $end"
Tau |asl112 - OK - "Error on line 2. syntax error, unexpected TK_PR_CLASS, expecting $end"
Tau |asl113 - OK - "Error on line 2. syntax error, unexpected TK_PR_CLASS, expecting $end"
Tau |asl114 - OK - ""
Tau |asl115 - OK - "Error on line 4. syntax error, unexpected '=', expecting ';'"
Tau |asl116 - OK - "Error on line 4. syntax error, unexpected TK_OC_LE, expecting TK_OC_SL or TK_OC_SR or '='"
Tau |asl117 - OK - "Error on line 7. syntax error, unexpected TK_IDENTIFICADOR, expecting TK_OC_SL or TK_OC_SR or '='"
Tau |asl118 - OK - "Error on line 3. syntax error, unexpected TK_IDENTIFICADOR, expecting TK_OC_SL or TK_OC_SR or '='"
Tau |asl119 - OK - "Error on line 4. syntax error, unexpected ';'"
Tau |asl11 - OK - "Error on line 4. syntax error, unexpected $end, expecting ';'"
Tau |asl120 - OK - "Error on line 4. syntax error, unexpected ';'"
Tau |asl121 - OK - "Error on line 4. syntax error, unexpected TK_LIT_INT"
Tau |asl122 - OK - "Error on line 4. syntax error, unexpected '{', expecting TK_PR_DO"
Tau |asl123 - OK - "Error on line 4. syntax error, unexpected ')'"
Tau |asl124 - OK - "Error on line 4. syntax error, unexpected '{'"
Tau |asl125 - OK - "Error on line 4. syntax error, unexpected ';'"
Tau |asl126 - OK - "Error on line 4. syntax error, unexpected TK_PR_SWITCH"
Tau |asl127 - OK - "Error on line 4. syntax error, unexpected TK_PR_SWITCH"
Tau |asl128 - OK - "Error on line 4. syntax error, unexpected TK_LIT_TRUE, expecting '('"
Tau |asl129 - NOK - "Error on line 6. syntax error, unexpected ';', expecting '}'"
Tau |asl12 - OK - "Error on line 3. syntax error, unexpected TK_OC_LE, expecting ';'"
Tau |asl130 - OK - "Error on line 5. syntax error, unexpected TK_IDENTIFICADOR, expecting '{'"
Tau |asl131 - OK - "Error on line 3. syntax error, unexpected TK_PR_FOREACH"
Tau |asl132 - OK - "Error on line 3. syntax error, unexpected TK_PR_FOREACH"
Tau |asl133 - OK - "Error on line 3. syntax error, unexpected ':'"
Tau |asl134 - OK - "Error on line 3. syntax error, unexpected '+', expecting TK_OC_SL or TK_OC_SR or '='"
Tau |asl135 - OK - "Error on line 3. syntax error, unexpected ')'"
Tau |asl136 - OK - "Error on line 3. syntax error, unexpected ';'"
Tau |asl137 - OK - "Error on line 6. syntax error, unexpected '+', expecting ';'"
Tau |asl138 - OK - ""
Tau |asl139 - OK - ""
Tau |asl13 - OK - "Error on line 2. syntax error, unexpected TK_PR_CLASS, expecting $end"
Tau |asl140 - OK - ""
Tau |asl141 - OK - ""
Tau |asl142 - OK - ""
Tau |asl143 - OK - ""
Tau |asl144 - OK - ""
Tau |asl145 - OK - ""
Tau |asl146 - OK - ""
Tau |asl147 - OK - ""
Tau |asl148 - OK - ""
Tau |asl149 - OK - ""
Tau |asl14 - OK - "Error on line 5. syntax error, unexpected TK_PR_CLASS"
Tau |asl150 - NOK - "Error on line 3. syntax error, unexpected TK_LIT_INT, expecting ';'"
Tau |asl15 - OK - "Error on line 3. syntax error, unexpected TK_PR_CLASS, expecting $end"
Tau |asl16 - OK - "Error on line 2. syntax error, unexpected TK_PR_CLASS, expecting $end"
Tau |asl17 - OK - "Error on line 3. syntax error, unexpected TK_PR_CLASS, expecting $end"
Tau |asl18 - OK - "Error on line 2. syntax error, unexpected TK_PR_CLASS, expecting $end"
Tau |asl19 - OK - "Error on line 2. syntax error, unexpected TK_PR_CLASS, expecting $end"
Tau |asl20 - OK - "Error on line 2. syntax error, unexpected TK_PR_CLASS, expecting $end"
Tau |asl21 - OK - "Error on line 3. syntax error, unexpected TK_PR_CLASS, expecting $end"
Tau |asl22 - OK - "Error on line 3. syntax error, unexpected TK_PR_CLASS, expecting $end"
Tau |asl23 - OK - "Error on line 5. syntax error, unexpected TK_PR_CLASS, expecting $end"
Tau |asl24 - OK - "Error on line 3. syntax error, unexpected TK_PR_CLASS, expecting $end"
Tau |asl25 - OK - ""
Tau |asl26 - OK - "Error on line 6. syntax error, unexpected ';', expecting $end"
Tau |asl27 - OK - ""
Tau |asl28 - OK - ""
Tau |asl29 - OK - "Error on line 4. syntax error, unexpected '[', expecting ')'"
Tau |asl30 - OK - ""
Tau |asl31 - NOK - "Error on line 4. syntax error, unexpected '{'"
Tau |asl32 - NOK - "Error on line 6. syntax error, unexpected '{'"
Tau |asl33 - OK - ""
Tau |asl34 - OK - "Error on line 8. syntax error, unexpected TK_PR_INT, expecting ';'"
Tau |asl35 - OK - ""
Tau |asl36 - OK - ""
Tau |asl37 - OK - ""
Tau |asl38 - OK - ""
Tau |asl39 - OK - ""
Tau |asl40 - OK - "Error on line 6. syntax error, unexpected '[', expecting ';'"
Tau |asl41 - OK - ""
Tau |asl42 - OK - ""
Tau |asl43 - OK - ""
Tau |asl44 - OK - ""
Tau |asl45 - OK - "Error on line 3. syntax error, unexpected TK_PR_CLASS, expecting $end"
Tau |asl46 - OK - ""
Tau |asl47 - OK - ""
Tau |asl48 - OK - ""
Tau |asl49 - OK - "Error on line 4. syntax error, unexpected TK_PR_CLASS, expecting $end"
Tau |asl50 - OK - ""
Tau |asl51 - OK - ""
Tau |asl52 - OK - ""
Tau |asl53 - NOK - "Error on line 5. syntax error, unexpected '(', expecting TK_OC_SL or TK_OC_SR or '='"
Tau |asl54 - NOK - "Error on line 7. syntax error, unexpected '(', expecting TK_OC_SL or TK_OC_SR or '='"
Tau |asl55 - OK - "Error on line 7. syntax error, unexpected '(', expecting TK_OC_SL or TK_OC_SR or '='"
Tau |asl56 - OK - ""
Tau |asl57 - OK - ""
Tau |asl58 - OK - ""
Tau |asl59 - OK - ""
Tau |asl60 - OK - ""
Tau |asl61 - OK - "Error on line 7. syntax error, unexpected TK_PR_CASE"
Tau |asl62 - NOK - "Error on line 5. syntax error, unexpected ';', expecting '}'"
Tau |asl63 - NOK - "Error on line 8. syntax error, unexpected ';', expecting '}'"
Tau |asl64 - OK - "Error on line 7. syntax error, unexpected TK_PR_FOREACH, expecting '}'"
Tau |asl65 - NOK - "Error on line 8. syntax error, unexpected ';', expecting '}'"
Tau |asl66 - NOK - "Error on line 7. syntax error, unexpected ';', expecting '}'"
Tau |asl67 - OK - "Error on line 6. syntax error, unexpected TK_PR_DO, expecting '}'"
Tau |asl68 - OK - "Error on line 6. syntax error, unexpected TK_PR_OUTPUT"
Tau |asl69 - OK - "Error on line 6. syntax error, unexpected TK_PR_CASE"
Tau |asl70 - OK - "Error on line 8. syntax error, unexpected TK_PR_SWITCH, expecting '}'"
Tau |asl71 - OK - "Error on line 9. syntax error, unexpected TK_PR_DO, expecting '}'"
Tau |asl72 - OK - "Error on line 13. syntax error, unexpected '(', expecting TK_OC_SL or TK_OC_SR or '='"
Tau |asl73 - OK - "Error on line 13. syntax error, unexpected '(', expecting TK_OC_SL or TK_OC_SR or '='"
Tau |asl74 - OK - "Error on line 6. syntax error, unexpected '(', expecting TK_OC_SL or TK_OC_SR or '='"
Tau |asl75 - OK - "Error on line 6. syntax error, unexpected TK_OC_FORWARD_PIPE, expecting ';'"
Tau |asl76 - OK - ""
Tau |asl77 - OK - ""
Tau |asl78 - OK - ""
Tau |asl79 - OK - ""
Tau |asl80 - NOK - "Error on line 6. syntax error, unexpected ';', expecting '}'"
Tau |asl81 - OK - ""
Tau |asl82 - OK - "Error on line 2. syntax error, unexpected ';', expecting TK_IDENTIFICADOR"
Tau |asl83 - OK - "Error on line 2. syntax error, unexpected ';', expecting $end"
Tau |asl84 - OK - "Error on line 3. syntax error, unexpected TK_PR_FLOAT, expecting '{'"
Tau |asl85 - OK - "Error on line 4. syntax error, unexpected ';'"
Tau |asl86 - OK - "Error on line 2. syntax error, unexpected ')'"
Tau |asl87 - OK - "Error on line 6. syntax error, unexpected TK_IDENTIFICADOR, expecting $end"
Tau |asl88 - OK - "Error on line 6. syntax error, unexpected '}', expecting '{'"
Tau |asl89 - OK - "Error on line 4. syntax error, unexpected ';'"
Tau |asl90 - OK - "Error on line 7. syntax error, unexpected ',', expecting ';'"
Tau |asl91 - OK - "Error on line 7. syntax error, unexpected ',', expecting ';'"
Tau |asl92 - OK - "Error on line 4. syntax error, unexpected TK_LIT_INT"
Tau |asl93 - OK - "Error on line 4. syntax error, unexpected '(', expecting TK_OC_SL or TK_OC_SR or '='"
Tau |asl94 - OK - "Error on line 4. syntax error, unexpected TK_PR_DO"
Tau |asl95 - OK - "Error on line 6. syntax error, unexpected TK_PR_CLASS, expecting $end"
Tau |asl96 - OK - "Error on line 3. syntax error, unexpected TK_PR_CLASS, expecting $end"
Tau |asl97 - OK - "Error on line 3. syntax error, unexpected TK_PR_CLASS, expecting $end"
Tau |asl98 - OK - "Error on line 2. syntax error, unexpected ']'"
Tau |asl99 - OK - "Error on line 2. syntax error, unexpected '[', expecting TK_IDENTIFICADOR"
~/ensino/private

Theta

~/ensino/private/E2/Theta ~/ensino/private
Theta |asl01 - OK - ""
Theta |asl02 - OK - ""
Theta |asl03 - OK - ""
Theta |asl04 - OK - ""
Theta |asl05 - OK - ""
Theta |asl06 - OK - ""
Theta |asl07 - OK - ""
Theta |asl08 - OK - ""
Theta |asl09 - OK - ""
Theta |asl100 - OK - ""
Theta |asl101 - OK - ""
Theta |asl102 - OK - ""
Theta |asl103 - OK - ""
Theta |asl104 - OK - ""
Theta |asl105 - OK - ""
Theta |asl106 - OK - ""
Theta |asl107 - OK - ""
Theta |asl108 - OK - ""
Theta |asl109 - OK - ""
Theta |asl10 - OK - ""
Theta |asl110 - OK - ""
Theta |asl111 - OK - ""
Theta |asl112 - OK - ""
Theta |asl113 - OK - ""
Theta |asl114 - OK - ""
Theta |asl115 - OK - ""
Theta |asl116 - OK - ""
Theta |asl117 - OK - ""
Theta |asl118 - OK - ""
Theta |asl119 - OK - ""
Theta |asl11 - OK - ""
Theta |asl120 - OK - ""
Theta |asl121 - OK - ""
Theta |asl122 - OK - ""
Theta |asl123 - OK - ""
Theta |asl124 - OK - ""
Theta |asl125 - OK - ""
Theta |asl126 - OK - ""
Theta |asl127 - OK - ""
Theta |asl128 - OK - ""
Theta |asl129 - NOK - ""
Theta |asl12 - OK - ""
Theta |asl130 - OK - ""
Theta |asl131 - OK - ""
Theta |asl132 - OK - ""
Theta |asl133 - OK - ""
Theta |asl134 - OK - ""
Theta |asl135 - OK - ""
Theta |asl136 - OK - ""
Theta |asl137 - OK - ""
Theta |asl138 - OK - ""
Theta |asl139 - OK - ""
Theta |asl13 - OK - ""
Theta |asl140 - OK - ""
Theta |asl141 - OK - ""
Theta |asl142 - OK - ""
Theta |asl143 - OK - ""
Theta |asl144 - OK - ""
Theta |asl145 - OK - ""
Theta |asl146 - OK - ""
Theta |asl147 - OK - ""
Theta |asl148 - OK - ""
Theta |asl149 - OK - ""
Theta |asl14 - OK - ""
Theta |asl150 - OK - ""
Theta |asl15 - OK - ""
Theta |asl16 - OK - ""
Theta |asl17 - OK - ""
Theta |asl18 - OK - ""
Theta |asl19 - OK - ""
Theta |asl20 - OK - ""
Theta |asl21 - OK - ""
Theta |asl22 - OK - ""
Theta |asl23 - OK - ""
Theta |asl24 - OK - ""
Theta |asl25 - OK - ""
Theta |asl26 - OK - ""
Theta |asl27 - OK - ""
Theta |asl28 - OK - ""
Theta |asl29 - OK - ""
Theta |asl30 - OK - ""
Theta |asl31 - OK - ""
Theta |asl32 - OK - ""
Theta |asl33 - OK - ""
Theta |asl34 - OK - ""
Theta |asl35 - OK - ""
Theta |asl36 - OK - ""
Theta |asl37 - OK - ""
Theta |asl38 - OK - ""
Theta |asl39 - OK - ""
Theta |asl40 - OK - ""
Theta |asl41 - OK - ""
Theta |asl42 - OK - ""
Theta |asl43 - OK - ""
Theta |asl44 - OK - ""
Theta |asl45 - OK - ""
Theta |asl46 - OK - ""
Theta |asl47 - OK - ""
Theta |asl48 - OK - ""
Theta |asl49 - OK - ""
Theta |asl50 - OK - ""
Theta |asl51 - OK - ""
Theta |asl52 - OK - ""
Theta |asl53 - OK - ""
Theta |asl54 - OK - ""
Theta |asl55 - OK - ""
Theta |asl56 - OK - ""
Theta |asl57 - OK - ""
Theta |asl58 - OK - ""
Theta |asl59 - OK - ""
Theta |asl60 - OK - ""
Theta |asl61 - OK - ""
Theta |asl62 - NOK - ""
Theta |asl63 - NOK - ""
Theta |asl64 - OK - ""
Theta |asl65 - NOK - ""
Theta |asl66 - NOK - ""
Theta |asl67 - OK - ""
Theta |asl68 - OK - ""
Theta |asl69 - OK - ""
Theta |asl70 - OK - ""
Theta |asl71 - OK - ""
Theta |asl72 - OK - ""
Theta |asl73 - OK - ""
Theta |asl74 - OK - ""
Theta |asl75 - OK - ""
Theta |asl76 - OK - ""
Theta |asl77 - OK - ""
Theta |asl78 - OK - ""
Theta |asl79 - OK - ""
Theta |asl80 - NOK - ""
Theta |asl81 - OK - ""
Theta |asl82 - OK - ""
Theta |asl83 - OK - ""
Theta |asl84 - OK - ""
Theta |asl85 - OK - ""
Theta |asl86 - OK - ""
Theta |asl87 - OK - ""
Theta |asl88 - OK - ""
Theta |asl89 - OK - ""
Theta |asl90 - OK - ""
Theta |asl91 - OK - ""
Theta |asl92 - OK - ""
Theta |asl93 - OK - ""
Theta |asl94 - OK - ""
Theta |asl95 - OK - ""
Theta |asl96 - OK - ""
Theta |asl97 - OK - ""
Theta |asl98 - OK - ""
Theta |asl99 - OK - ""
~/ensino/private

Zeta

~/ensino/private/E2/Zeta ~/ensino/private
Zeta |asl01 - OK - ""
Zeta |asl02 - OK - ""
Zeta |asl03 - OK - ""
Zeta |asl04 - OK - ""
Zeta |asl05 - OK - ""
Zeta |asl06 - OK - ""
Zeta |asl07 - OK - ""
Zeta |asl08 - OK - ""
Zeta |asl09 - OK - ""
Zeta |asl100 - OK - ""
Zeta |asl101 - OK - ""
Zeta |asl102 - OK - ""
Zeta |asl103 - OK - ""
Zeta |asl104 - OK - ""
Zeta |asl105 - OK - ""
Zeta |asl106 - OK - ""
Zeta |asl107 - OK - ""
Zeta |asl108 - OK - ""
Zeta |asl109 - OK - ""
Zeta |asl10 - OK - ""
Zeta |asl110 - OK - ""
Zeta |asl111 - OK - ""
Zeta |asl112 - OK - ""
Zeta |asl113 - OK - ""
Zeta |asl114 - OK - ""
Zeta |asl115 - OK - ""
Zeta |asl116 - OK - ""
Zeta |asl117 - OK - ""
Zeta |asl118 - OK - ""
Zeta |asl119 - OK - ""
Zeta |asl11 - OK - ""
Zeta |asl120 - OK - ""
Zeta |asl121 - OK - ""
Zeta |asl122 - OK - ""
Zeta |asl123 - OK - ""
Zeta |asl124 - OK - ""
Zeta |asl125 - OK - ""
Zeta |asl126 - OK - ""
Zeta |asl127 - OK - ""
Zeta |asl128 - OK - ""
Zeta |asl129 - NOK - ""
Zeta |asl12 - OK - ""
Zeta |asl130 - OK - ""
Zeta |asl131 - OK - ""
Zeta |asl132 - OK - ""
Zeta |asl133 - OK - ""
Zeta |asl134 - OK - ""
Zeta |asl135 - OK - ""
Zeta |asl136 - OK - ""
Zeta |asl137 - OK - ""
Zeta |asl138 - OK - ""
Zeta |asl139 - OK - ""
Zeta |asl13 - OK - ""
Zeta |asl140 - OK - ""
Zeta |asl141 - OK - ""
Zeta |asl142 - OK - ""
Zeta |asl143 - OK - ""
Zeta |asl144 - OK - ""
Zeta |asl145 - OK - ""
Zeta |asl146 - OK - ""
Zeta |asl147 - OK - ""
Zeta |asl148 - OK - ""
Zeta |asl149 - OK - ""
Zeta |asl14 - OK - ""
Zeta |asl150 - OK - ""
Zeta |asl15 - OK - ""
Zeta |asl16 - OK - ""
Zeta |asl17 - OK - ""
Zeta |asl18 - OK - ""
Zeta |asl19 - OK - ""
Zeta |asl20 - OK - ""
Zeta |asl21 - OK - ""
Zeta |asl22 - OK - ""
Zeta |asl23 - OK - ""
Zeta |asl24 - OK - ""
Zeta |asl25 - OK - ""
Zeta |asl26 - OK - ""
Zeta |asl27 - OK - ""
Zeta |asl28 - OK - ""
Zeta |asl29 - OK - ""
Zeta |asl30 - OK - ""
Zeta |asl31 - NOK - ""
Zeta |asl32 - NOK - ""
Zeta |asl33 - OK - ""
Zeta |asl34 - OK - ""
Zeta |asl35 - OK - ""
Zeta |asl36 - OK - ""
Zeta |asl37 - OK - ""
Zeta |asl38 - OK - ""
Zeta |asl39 - OK - ""
Zeta |asl40 - OK - ""
Zeta |asl41 - OK - ""
Zeta |asl42 - OK - ""
Zeta |asl43 - OK - ""
Zeta |asl44 - OK - ""
Zeta |asl45 - OK - ""
Zeta |asl46 - OK - ""
Zeta |asl47 - OK - ""
Zeta |asl48 - OK - ""
Zeta |asl49 - OK - ""
Zeta |asl50 - OK - ""
Zeta |asl51 - OK - ""
Zeta |asl52 - OK - ""
Zeta |asl53 - OK - ""
Zeta |asl54 - OK - ""
Zeta |asl55 - OK - ""
Zeta |asl56 - OK - ""
Zeta |asl57 - OK - ""
Zeta |asl58 - OK - ""
Zeta |asl59 - OK - ""
Zeta |asl60 - OK - ""
Zeta |asl61 - OK - ""
Zeta |asl62 - NOK - ""
Zeta |asl63 - NOK - ""
Zeta |asl64 - OK - ""
Zeta |asl65 - NOK - ""
Zeta |asl66 - NOK - ""
Zeta |asl67 - OK - ""
Zeta |asl68 - OK - ""
Zeta |asl69 - OK - ""
Zeta |asl70 - OK - ""
Zeta |asl71 - OK - ""
Zeta |asl72 - OK - ""
Zeta |asl73 - OK - ""
Zeta |asl74 - OK - ""
Zeta |asl75 - OK - ""
Zeta |asl76 - OK - ""
Zeta |asl77 - OK - ""
Zeta |asl78 - OK - ""
Zeta |asl79 - OK - ""
Zeta |asl80 - NOK - ""
Zeta |asl81 - OK - ""
Zeta |asl82 - OK - ""
Zeta |asl83 - OK - ""
Zeta |asl84 - OK - ""
Zeta |asl85 - OK - ""
Zeta |asl86 - OK - ""
Zeta |asl87 - OK - ""
Zeta |asl88 - OK - ""
Zeta |asl89 - OK - ""
Zeta |asl90 - OK - ""
Zeta |asl91 - OK - ""
Zeta |asl92 - OK - ""
Zeta |asl93 - OK - ""
Zeta |asl94 - OK - ""
Zeta |asl95 - OK - ""
Zeta |asl96 - OK - ""
Zeta |asl97 - OK - ""
Zeta |asl98 - OK - ""
Zeta |asl99 - OK - ""
~/ensino/private
