
Beta

Beta|ijk00|stack|28080
Beta|ijk00|data|14040
Beta|ijk00|input|loadI 923 => r0
Beta|ijk00|input|storeAI r0 => rfp, 0
Beta|ijk00|input|halt
Beta|ijk00|output|count	instruction
Beta|ijk00|output|    1	loadI
Beta|ijk00|output|    1	storeAI
Beta|ijk00|output|    1	halt
Beta|ijk00|output|
Beta|ijk00|output|instructions executed:    3
Beta|ijk00|output|register         read:    2 write:    4
Beta|ijk00|output|memory           read:    0 write:    1
Beta|ijk00|output|
Beta|ijk00|output|  register    value
Beta|ijk00|output|        r0      923
Beta|ijk00|output|      rbss    14040
Beta|ijk00|output|       rfp    28080
Beta|ijk00|output|       rpc        2
Beta|ijk00|output|       rsp    28080
Beta|ijk00|output|
Beta|ijk00|output|    memory    value
Beta|ijk00|output|00028080      923
Beta|ijk00|memory|00028080|923
Beta|ijk00|instruction|1|loadI
Beta|ijk00|instruction|1|storeAI
Beta|ijk00|instruction|1|halt
Beta|ijk01|stack|28236
Beta|ijk01|data|14118
Beta|ijk01|input|loadI 923 => r0
Beta|ijk01|input|storeAI r0 => rfp, 8
Beta|ijk01|input|halt
Beta|ijk01|output|count	instruction
Beta|ijk01|output|    1	loadI
Beta|ijk01|output|    1	storeAI
Beta|ijk01|output|    1	halt
Beta|ijk01|output|
Beta|ijk01|output|instructions executed:    3
Beta|ijk01|output|register         read:    2 write:    4
Beta|ijk01|output|memory           read:    0 write:    1
Beta|ijk01|output|
Beta|ijk01|output|  register    value
Beta|ijk01|output|        r0      923
Beta|ijk01|output|      rbss    14118
Beta|ijk01|output|       rfp    28236
Beta|ijk01|output|       rpc        2
Beta|ijk01|output|       rsp    28236
Beta|ijk01|output|
Beta|ijk01|output|    memory    value
Beta|ijk01|output|00028244      923
Beta|ijk01|memory|00028244|923
Beta|ijk01|instruction|1|loadI
Beta|ijk01|instruction|1|storeAI
Beta|ijk01|instruction|1|halt
Beta|ijk02|stack|32580
Beta|ijk02|data|16290
Beta|ijk02|input|loadI 923 => r0
Beta|ijk02|input|storeAI r0 => rbss, 0
Beta|ijk02|input|halt
Beta|ijk02|output|count	instruction
Beta|ijk02|output|    1	loadI
Beta|ijk02|output|    1	storeAI
Beta|ijk02|output|    1	halt
Beta|ijk02|output|
Beta|ijk02|output|instructions executed:    3
Beta|ijk02|output|register         read:    2 write:    4
Beta|ijk02|output|memory           read:    0 write:    1
Beta|ijk02|output|
Beta|ijk02|output|  register    value
Beta|ijk02|output|        r0      923
Beta|ijk02|output|      rbss    16290
Beta|ijk02|output|       rfp    32580
Beta|ijk02|output|       rpc        2
Beta|ijk02|output|       rsp    32580
Beta|ijk02|output|
Beta|ijk02|output|    memory    value
Beta|ijk02|output|00016290      923
Beta|ijk02|memory|00016290|923
Beta|ijk02|instruction|1|loadI
Beta|ijk02|instruction|1|storeAI
Beta|ijk02|instruction|1|halt
Beta|ijk03|stack|38625
Beta|ijk03|data|19312
Beta|ijk03|input|loadI 923 => r0
Beta|ijk03|input|storeAI r0 => rbss, 8
Beta|ijk03|input|halt
Beta|ijk03|output|count	instruction
Beta|ijk03|output|    1	loadI
Beta|ijk03|output|    1	storeAI
Beta|ijk03|output|    1	halt
Beta|ijk03|output|
Beta|ijk03|output|instructions executed:    3
Beta|ijk03|output|register         read:    2 write:    4
Beta|ijk03|output|memory           read:    0 write:    1
Beta|ijk03|output|
Beta|ijk03|output|  register    value
Beta|ijk03|output|        r0      923
Beta|ijk03|output|      rbss    19312
Beta|ijk03|output|       rfp    38625
Beta|ijk03|output|       rpc        2
Beta|ijk03|output|       rsp    38625
Beta|ijk03|output|
Beta|ijk03|output|    memory    value
Beta|ijk03|output|00019320      923
Beta|ijk03|memory|00019320|923
Beta|ijk03|instruction|1|loadI
Beta|ijk03|instruction|1|storeAI
Beta|ijk03|instruction|1|halt
Beta|ijk04|stack|21706
Beta|ijk04|data|10853
Beta|ijk04|input|loadI 14 => r0
Beta|ijk04|input|storeAI r0 => rfp, 4
Beta|ijk04|input|loadI 16 => r1
Beta|ijk04|input|storeAI r1 => rfp, 8
Beta|ijk04|input|loadAI rfp, 4 => r2
Beta|ijk04|input|loadAI rfp, 8 => r3
Beta|ijk04|input|add r2, r3 => r4
Beta|ijk04|input|storeAI r4 => rfp, 0
Beta|ijk04|input|loadAI rfp, 0 => r5
Beta|ijk04|input|loadAI rfp, 8 => r6
Beta|ijk04|input|add r5, r6 => r7
Beta|ijk04|input|storeAI r7 => rfp, 4
Beta|ijk04|input|loadAI rfp, 0 => r8
Beta|ijk04|input|loadAI rfp, 4 => r9
Beta|ijk04|input|add r8, r9 => r10
Beta|ijk04|input|storeAI r10 => rfp, 8
Beta|ijk04|input|halt
Beta|ijk04|output|count	instruction
Beta|ijk04|output|    6	loadAI
Beta|ijk04|output|    5	storeAI
Beta|ijk04|output|    3	add
Beta|ijk04|output|    2	loadI
Beta|ijk04|output|    1	halt
Beta|ijk04|output|
Beta|ijk04|output|instructions executed:   17
Beta|ijk04|output|register         read:   22 write:   28
Beta|ijk04|output|memory           read:    6 write:    5
Beta|ijk04|output|
Beta|ijk04|output|  register    value
Beta|ijk04|output|        r0       14
Beta|ijk04|output|        r1       16
Beta|ijk04|output|       r10       76
Beta|ijk04|output|        r2       14
Beta|ijk04|output|        r3       16
Beta|ijk04|output|        r4       30
Beta|ijk04|output|        r5       30
Beta|ijk04|output|        r6       16
Beta|ijk04|output|        r7       46
Beta|ijk04|output|        r8       30
Beta|ijk04|output|        r9       46
Beta|ijk04|output|      rbss    10853
Beta|ijk04|output|       rfp    21706
Beta|ijk04|output|       rpc       16
Beta|ijk04|output|       rsp    21706
Beta|ijk04|output|
Beta|ijk04|output|    memory    value
Beta|ijk04|output|00021706       30
Beta|ijk04|output|00021710       46
Beta|ijk04|output|00021714       76
Beta|ijk04|memory|00021706|30
Beta|ijk04|memory|00021710|46
Beta|ijk04|memory|00021714|76
Beta|ijk04|instruction|6|loadAI
Beta|ijk04|instruction|5|storeAI
Beta|ijk04|instruction|3|add
Beta|ijk04|instruction|2|loadI
Beta|ijk04|instruction|1|halt
Beta|ijk05|stack|13847
Beta|ijk05|data|6923
Beta|ijk05|input|loadI 14 => r0
Beta|ijk05|input|storeAI r0 => rfp, 4
Beta|ijk05|input|loadI 16 => r1
Beta|ijk05|input|storeAI r1 => rfp, 8
Beta|ijk05|input|loadAI rfp, 4 => r2
Beta|ijk05|input|loadAI rfp, 8 => r3
Beta|ijk05|input|sub r2, r3 => r4
Beta|ijk05|input|storeAI r4 => rfp, 0
Beta|ijk05|input|loadAI rfp, 0 => r5
Beta|ijk05|input|loadAI rfp, 8 => r6
Beta|ijk05|input|sub r5, r6 => r7
Beta|ijk05|input|storeAI r7 => rfp, 4
Beta|ijk05|input|loadAI rfp, 0 => r8
Beta|ijk05|input|loadAI rfp, 4 => r9
Beta|ijk05|input|sub r8, r9 => r10
Beta|ijk05|input|storeAI r10 => rfp, 8
Beta|ijk05|input|halt
Beta|ijk05|output|count	instruction
Beta|ijk05|output|    6	loadAI
Beta|ijk05|output|    5	storeAI
Beta|ijk05|output|    3	sub
Beta|ijk05|output|    2	loadI
Beta|ijk05|output|    1	halt
Beta|ijk05|output|
Beta|ijk05|output|instructions executed:   17
Beta|ijk05|output|register         read:   22 write:   28
Beta|ijk05|output|memory           read:    6 write:    5
Beta|ijk05|output|
Beta|ijk05|output|  register    value
Beta|ijk05|output|        r0       14
Beta|ijk05|output|        r1       16
Beta|ijk05|output|       r10       16
Beta|ijk05|output|        r2       14
Beta|ijk05|output|        r3       16
Beta|ijk05|output|        r4       -2
Beta|ijk05|output|        r5       -2
Beta|ijk05|output|        r6       16
Beta|ijk05|output|        r7      -18
Beta|ijk05|output|        r8       -2
Beta|ijk05|output|        r9      -18
Beta|ijk05|output|      rbss     6923
Beta|ijk05|output|       rfp    13847
Beta|ijk05|output|       rpc       16
Beta|ijk05|output|       rsp    13847
Beta|ijk05|output|
Beta|ijk05|output|    memory    value
Beta|ijk05|output|00013847       -2
Beta|ijk05|output|00013851      -18
Beta|ijk05|output|00013855       16
Beta|ijk05|memory|00013847|-2
Beta|ijk05|memory|00013851|-18
Beta|ijk05|memory|00013855|16
Beta|ijk05|instruction|6|loadAI
Beta|ijk05|instruction|5|storeAI
Beta|ijk05|instruction|3|sub
Beta|ijk05|instruction|2|loadI
Beta|ijk05|instruction|1|halt
Beta|ijk06|stack|28955
Beta|ijk06|data|14477
Beta|ijk06|input|loadI 75 => r0
Beta|ijk06|input|storeAI r0 => rfp, 4
Beta|ijk06|input|loadI 3 => r1
Beta|ijk06|input|storeAI r1 => rfp, 8
Beta|ijk06|input|loadAI rfp, 4 => r2
Beta|ijk06|input|loadAI rfp, 8 => r3
Beta|ijk06|input|div r2, r3 => r4
Beta|ijk06|input|storeAI r4 => rfp, 0
Beta|ijk06|input|loadAI rfp, 0 => r5
Beta|ijk06|input|loadI 5 => r6
Beta|ijk06|input|div r5, r6 => r7
Beta|ijk06|input|storeAI r7 => rfp, 4
Beta|ijk06|input|loadAI rfp, 0 => r8
Beta|ijk06|input|loadAI rfp, 4 => r9
Beta|ijk06|input|div r8, r9 => r10
Beta|ijk06|input|storeAI r10 => rfp, 8
Beta|ijk06|input|halt
Beta|ijk06|output|count	instruction
Beta|ijk06|output|    5	storeAI
Beta|ijk06|output|    5	loadAI
Beta|ijk06|output|    3	loadI
Beta|ijk06|output|    3	div
Beta|ijk06|output|    1	halt
Beta|ijk06|output|
Beta|ijk06|output|instructions executed:   17
Beta|ijk06|output|register         read:   21 write:   28
Beta|ijk06|output|memory           read:    5 write:    5
Beta|ijk06|output|
Beta|ijk06|output|  register    value
Beta|ijk06|output|        r0       75
Beta|ijk06|output|        r1        3
Beta|ijk06|output|       r10        5
Beta|ijk06|output|        r2       75
Beta|ijk06|output|        r3        3
Beta|ijk06|output|        r4       25
Beta|ijk06|output|        r5       25
Beta|ijk06|output|        r6        5
Beta|ijk06|output|        r7        5
Beta|ijk06|output|        r8       25
Beta|ijk06|output|        r9        5
Beta|ijk06|output|      rbss    14477
Beta|ijk06|output|       rfp    28955
Beta|ijk06|output|       rpc       16
Beta|ijk06|output|       rsp    28955
Beta|ijk06|output|
Beta|ijk06|output|    memory    value
Beta|ijk06|output|00028955       25
Beta|ijk06|output|00028959        5
Beta|ijk06|output|00028963        5
Beta|ijk06|memory|00028955|25
Beta|ijk06|memory|00028959|5
Beta|ijk06|memory|00028963|5
Beta|ijk06|instruction|5|storeAI
Beta|ijk06|instruction|5|loadAI
Beta|ijk06|instruction|3|loadI
Beta|ijk06|instruction|3|div
Beta|ijk06|instruction|1|halt
Beta|ijk07|stack|21886
Beta|ijk07|data|10943
Beta|ijk07|input|loadI 15 => r0
Beta|ijk07|input|storeAI r0 => rfp, 4
Beta|ijk07|input|loadI 3 => r1
Beta|ijk07|input|storeAI r1 => rfp, 8
Beta|ijk07|input|loadAI rfp, 4 => r2
Beta|ijk07|input|loadAI rfp, 8 => r3
Beta|ijk07|input|mult r2, r3 => r4
Beta|ijk07|input|storeAI r4 => rfp, 0
Beta|ijk07|input|loadAI rfp, 0 => r5
Beta|ijk07|input|loadAI rfp, 8 => r6
Beta|ijk07|input|mult r5, r6 => r7
Beta|ijk07|input|storeAI r7 => rfp, 4
Beta|ijk07|input|loadAI rfp, 0 => r8
Beta|ijk07|input|loadAI rfp, 4 => r9
Beta|ijk07|input|mult r8, r9 => r10
Beta|ijk07|input|storeAI r10 => rfp, 8
Beta|ijk07|input|halt
Beta|ijk07|output|count	instruction
Beta|ijk07|output|    6	loadAI
Beta|ijk07|output|    5	storeAI
Beta|ijk07|output|    3	mult
Beta|ijk07|output|    2	loadI
Beta|ijk07|output|    1	halt
Beta|ijk07|output|
Beta|ijk07|output|instructions executed:   17
Beta|ijk07|output|register         read:   22 write:   28
Beta|ijk07|output|memory           read:    6 write:    5
Beta|ijk07|output|
Beta|ijk07|output|  register    value
Beta|ijk07|output|        r0       15
Beta|ijk07|output|        r1        3
Beta|ijk07|output|       r10     6075
Beta|ijk07|output|        r2       15
Beta|ijk07|output|        r3        3
Beta|ijk07|output|        r4       45
Beta|ijk07|output|        r5       45
Beta|ijk07|output|        r6        3
Beta|ijk07|output|        r7      135
Beta|ijk07|output|        r8       45
Beta|ijk07|output|        r9      135
Beta|ijk07|output|      rbss    10943
Beta|ijk07|output|       rfp    21886
Beta|ijk07|output|       rpc       16
Beta|ijk07|output|       rsp    21886
Beta|ijk07|output|
Beta|ijk07|output|    memory    value
Beta|ijk07|output|00021886       45
Beta|ijk07|output|00021890      135
Beta|ijk07|output|00021894     6075
Beta|ijk07|memory|00021886|45
Beta|ijk07|memory|00021890|135
Beta|ijk07|memory|00021894|6075
Beta|ijk07|instruction|6|loadAI
Beta|ijk07|instruction|5|storeAI
Beta|ijk07|instruction|3|mult
Beta|ijk07|instruction|2|loadI
Beta|ijk07|instruction|1|halt
Beta|ijk08|stack|24742
Beta|ijk08|data|12371
Beta|ijk08|input|loadI 15 => r0
Beta|ijk08|input|storeAI r0 => rfp, 4
Beta|ijk08|input|loadI 3 => r1
Beta|ijk08|input|storeAI r1 => rfp, 8
Beta|ijk08|input|loadAI rfp, 4 => r2
Beta|ijk08|input|loadAI rfp, 8 => r3
Beta|ijk08|input|mult r2, r3 => r4
Beta|ijk08|input|loadI 2 => r5
Beta|ijk08|input|loadI 20 => r6
Beta|ijk08|input|mult r5, r6 => r7
Beta|ijk08|input|loadI 4 => r8
Beta|ijk08|input|div r7, r8 => r9
Beta|ijk08|input|add r4, r9 => r10
Beta|ijk08|input|storeAI r10 => rfp, 0
Beta|ijk08|input|halt
Beta|ijk08|output|count	instruction
Beta|ijk08|output|    5	loadI
Beta|ijk08|output|    3	storeAI
Beta|ijk08|output|    2	loadAI
Beta|ijk08|output|    2	mult
Beta|ijk08|output|    1	div
Beta|ijk08|output|    1	add
Beta|ijk08|output|    1	halt
Beta|ijk08|output|
Beta|ijk08|output|instructions executed:   15
Beta|ijk08|output|register         read:   16 write:   26
Beta|ijk08|output|memory           read:    2 write:    3
Beta|ijk08|output|
Beta|ijk08|output|  register    value
Beta|ijk08|output|        r0       15
Beta|ijk08|output|        r1        3
Beta|ijk08|output|       r10       55
Beta|ijk08|output|        r2       15
Beta|ijk08|output|        r3        3
Beta|ijk08|output|        r4       45
Beta|ijk08|output|        r5        2
Beta|ijk08|output|        r6       20
Beta|ijk08|output|        r7       40
Beta|ijk08|output|        r8        4
Beta|ijk08|output|        r9       10
Beta|ijk08|output|      rbss    12371
Beta|ijk08|output|       rfp    24742
Beta|ijk08|output|       rpc       14
Beta|ijk08|output|       rsp    24742
Beta|ijk08|output|
Beta|ijk08|output|    memory    value
Beta|ijk08|output|00024742       55
Beta|ijk08|output|00024746       15
Beta|ijk08|output|00024750        3
Beta|ijk08|memory|00024742|55
Beta|ijk08|memory|00024746|15
Beta|ijk08|memory|00024750|3
Beta|ijk08|instruction|5|loadI
Beta|ijk08|instruction|3|storeAI
Beta|ijk08|instruction|2|loadAI
Beta|ijk08|instruction|2|mult
Beta|ijk08|instruction|1|div
Beta|ijk08|instruction|1|add
Beta|ijk08|instruction|1|halt
Beta|ijk09|stack|34934
Beta|ijk09|data|17467
Beta|ijk09|input|loadI 15 => r0
Beta|ijk09|input|storeAI r0 => rfp, 4
Beta|ijk09|input|loadI 3 => r1
Beta|ijk09|input|storeAI r1 => rfp, 8
Beta|ijk09|input|loadAI rfp, 4 => r2
Beta|ijk09|input|loadAI rfp, 8 => r3
Beta|ijk09|input|add r2, r3 => r4
Beta|ijk09|input|loadAI rfp, 4 => r5
Beta|ijk09|input|add r4, r5 => r6
Beta|ijk09|input|loadAI rfp, 8 => r7
Beta|ijk09|input|add r6, r7 => r8
Beta|ijk09|input|loadI 10 => r9
Beta|ijk09|input|add r8, r9 => r10
Beta|ijk09|input|storeAI r10 => rfp, 0
Beta|ijk09|input|halt
Beta|ijk09|output|count	instruction
Beta|ijk09|output|    4	loadAI
Beta|ijk09|output|    4	add
Beta|ijk09|output|    3	loadI
Beta|ijk09|output|    3	storeAI
Beta|ijk09|output|    1	halt
Beta|ijk09|output|
Beta|ijk09|output|instructions executed:   15
Beta|ijk09|output|register         read:   18 write:   26
Beta|ijk09|output|memory           read:    4 write:    3
Beta|ijk09|output|
Beta|ijk09|output|  register    value
Beta|ijk09|output|        r0       15
Beta|ijk09|output|        r1        3
Beta|ijk09|output|       r10       46
Beta|ijk09|output|        r2       15
Beta|ijk09|output|        r3        3
Beta|ijk09|output|        r4       18
Beta|ijk09|output|        r5       15
Beta|ijk09|output|        r6       33
Beta|ijk09|output|        r7        3
Beta|ijk09|output|        r8       36
Beta|ijk09|output|        r9       10
Beta|ijk09|output|      rbss    17467
Beta|ijk09|output|       rfp    34934
Beta|ijk09|output|       rpc       14
Beta|ijk09|output|       rsp    34934
Beta|ijk09|output|
Beta|ijk09|output|    memory    value
Beta|ijk09|output|00034934       46
Beta|ijk09|output|00034938       15
Beta|ijk09|output|00034942        3
Beta|ijk09|memory|00034934|46
Beta|ijk09|memory|00034938|15
Beta|ijk09|memory|00034942|3
Beta|ijk09|instruction|4|loadAI
Beta|ijk09|instruction|4|add
Beta|ijk09|instruction|3|loadI
Beta|ijk09|instruction|3|storeAI
Beta|ijk09|instruction|1|halt
Beta|ijk10|stack|11505
Beta|ijk10|data|5752
Beta|ijk10|input|loadI 400 => r0
Beta|ijk10|input|storeAI r0 => rfp, 4
Beta|ijk10|input|loadI 2 => r1
Beta|ijk10|input|storeAI r1 => rfp, 8
Beta|ijk10|input|loadAI rfp, 4 => r2
Beta|ijk10|input|loadAI rfp, 8 => r3
Beta|ijk10|input|div r2, r3 => r4
Beta|ijk10|input|loadAI rfp, 4 => r5
Beta|ijk10|input|loadAI rfp, 8 => r6
Beta|ijk10|input|div r5, r6 => r7
Beta|ijk10|input|loadAI rfp, 8 => r8
Beta|ijk10|input|div r7, r8 => r9
Beta|ijk10|input|add r4, r9 => r10
Beta|ijk10|input|storeAI r10 => rfp, 0
Beta|ijk10|input|halt
Beta|ijk10|output|count	instruction
Beta|ijk10|output|    5	loadAI
Beta|ijk10|output|    3	storeAI
Beta|ijk10|output|    3	div
Beta|ijk10|output|    2	loadI
Beta|ijk10|output|    1	add
Beta|ijk10|output|    1	halt
Beta|ijk10|output|
Beta|ijk10|output|instructions executed:   15
Beta|ijk10|output|register         read:   19 write:   26
Beta|ijk10|output|memory           read:    5 write:    3
Beta|ijk10|output|
Beta|ijk10|output|  register    value
Beta|ijk10|output|        r0      400
Beta|ijk10|output|        r1        2
Beta|ijk10|output|       r10      300
Beta|ijk10|output|        r2      400
Beta|ijk10|output|        r3        2
Beta|ijk10|output|        r4      200
Beta|ijk10|output|        r5      400
Beta|ijk10|output|        r6        2
Beta|ijk10|output|        r7      200
Beta|ijk10|output|        r8        2
Beta|ijk10|output|        r9      100
Beta|ijk10|output|      rbss     5752
Beta|ijk10|output|       rfp    11505
Beta|ijk10|output|       rpc       14
Beta|ijk10|output|       rsp    11505
Beta|ijk10|output|
Beta|ijk10|output|    memory    value
Beta|ijk10|output|00011505      300
Beta|ijk10|output|00011509      400
Beta|ijk10|output|00011513        2
Beta|ijk10|memory|00011505|300
Beta|ijk10|memory|00011509|400
Beta|ijk10|memory|00011513|2
Beta|ijk10|instruction|5|loadAI
Beta|ijk10|instruction|3|storeAI
Beta|ijk10|instruction|3|div
Beta|ijk10|instruction|2|loadI
Beta|ijk10|instruction|1|add
Beta|ijk10|instruction|1|halt
Beta|ijk11|stack|14130
Beta|ijk11|data|7065
Beta|ijk11|input|loadI 400 => r0
Beta|ijk11|input|storeAI r0 => rfp, 4
Beta|ijk11|input|loadI 2 => r1
Beta|ijk11|input|storeAI r1 => rfp, 8
Beta|ijk11|input|loadAI rfp, 4 => r2
Beta|ijk11|input|loadAI rfp, 4 => r3
Beta|ijk11|input|loadAI rfp, 8 => r4
Beta|ijk11|input|div r3, r4 => r5
Beta|ijk11|input|add r2, r5 => r6
Beta|ijk11|input|loadAI rfp, 4 => r7
Beta|ijk11|input|loadAI rfp, 8 => r8
Beta|ijk11|input|div r7, r8 => r9
Beta|ijk11|input|add r6, r9 => r10
Beta|ijk11|input|storeAI r10 => rfp, 0
Beta|ijk11|input|halt
Beta|ijk11|output|count	instruction
Beta|ijk11|output|    5	loadAI
Beta|ijk11|output|    3	storeAI
Beta|ijk11|output|    2	loadI
Beta|ijk11|output|    2	div
Beta|ijk11|output|    2	add
Beta|ijk11|output|    1	halt
Beta|ijk11|output|
Beta|ijk11|output|instructions executed:   15
Beta|ijk11|output|register         read:   19 write:   26
Beta|ijk11|output|memory           read:    5 write:    3
Beta|ijk11|output|
Beta|ijk11|output|  register    value
Beta|ijk11|output|        r0      400
Beta|ijk11|output|        r1        2
Beta|ijk11|output|       r10      800
Beta|ijk11|output|        r2      400
Beta|ijk11|output|        r3      400
Beta|ijk11|output|        r4        2
Beta|ijk11|output|        r5      200
Beta|ijk11|output|        r6      600
Beta|ijk11|output|        r7      400
Beta|ijk11|output|        r8        2
Beta|ijk11|output|        r9      200
Beta|ijk11|output|      rbss     7065
Beta|ijk11|output|       rfp    14130
Beta|ijk11|output|       rpc       14
Beta|ijk11|output|       rsp    14130
Beta|ijk11|output|
Beta|ijk11|output|    memory    value
Beta|ijk11|output|00014130      800
Beta|ijk11|output|00014134      400
Beta|ijk11|output|00014138        2
Beta|ijk11|memory|00014130|800
Beta|ijk11|memory|00014134|400
Beta|ijk11|memory|00014138|2
Beta|ijk11|instruction|5|loadAI
Beta|ijk11|instruction|3|storeAI
Beta|ijk11|instruction|2|loadI
Beta|ijk11|instruction|2|div
Beta|ijk11|instruction|2|add
Beta|ijk11|instruction|1|halt
Beta|ijk12|stack|26794
Beta|ijk12|data|13397
Beta|ijk12|input|loadI 2 => r0
Beta|ijk12|input|loadI 4 => r1
Beta|ijk12|input|loadI 2 => r2
Beta|ijk12|input|div r1, r2 => r3
Beta|ijk12|input|add r0, r3 => r4
Beta|ijk12|input|loadI 4 => r5
Beta|ijk12|input|loadI 4 => r6
Beta|ijk12|input|mult r5, r6 => r7
Beta|ijk12|input|add r4, r7 => r8
Beta|ijk12|input|storeAI r8 => rfp, 0
Beta|ijk12|input|halt
Beta|ijk12|output|count	instruction
Beta|ijk12|output|    5	loadI
Beta|ijk12|output|    2	add
Beta|ijk12|output|    1	div
Beta|ijk12|output|    1	mult
Beta|ijk12|output|    1	storeAI
Beta|ijk12|output|    1	halt
Beta|ijk12|output|
Beta|ijk12|output|instructions executed:   11
Beta|ijk12|output|register         read:   10 write:   20
Beta|ijk12|output|memory           read:    0 write:    1
Beta|ijk12|output|
Beta|ijk12|output|  register    value
Beta|ijk12|output|        r0        2
Beta|ijk12|output|        r1        4
Beta|ijk12|output|        r2        2
Beta|ijk12|output|        r3        2
Beta|ijk12|output|        r4        4
Beta|ijk12|output|        r5        4
Beta|ijk12|output|        r6        4
Beta|ijk12|output|        r7       16
Beta|ijk12|output|        r8       20
Beta|ijk12|output|      rbss    13397
Beta|ijk12|output|       rfp    26794
Beta|ijk12|output|       rpc       10
Beta|ijk12|output|       rsp    26794
Beta|ijk12|output|
Beta|ijk12|output|    memory    value
Beta|ijk12|output|00026794       20
Beta|ijk12|memory|00026794|20
Beta|ijk12|instruction|5|loadI
Beta|ijk12|instruction|2|add
Beta|ijk12|instruction|1|div
Beta|ijk12|instruction|1|mult
Beta|ijk12|instruction|1|storeAI
Beta|ijk12|instruction|1|halt
Beta|ijk13|stack|17436
Beta|ijk13|data|8718
Beta|ijk13|input|loadI 2 => r0
Beta|ijk13|input|storeAI r0 => rfp, 0
Beta|ijk13|input|halt
Beta|ijk13|output|count	instruction
Beta|ijk13|output|    1	loadI
Beta|ijk13|output|    1	storeAI
Beta|ijk13|output|    1	halt
Beta|ijk13|output|
Beta|ijk13|output|instructions executed:    3
Beta|ijk13|output|register         read:    2 write:    4
Beta|ijk13|output|memory           read:    0 write:    1
Beta|ijk13|output|
Beta|ijk13|output|  register    value
Beta|ijk13|output|        r0        2
Beta|ijk13|output|      rbss     8718
Beta|ijk13|output|       rfp    17436
Beta|ijk13|output|       rpc        2
Beta|ijk13|output|       rsp    17436
Beta|ijk13|output|
Beta|ijk13|output|    memory    value
Beta|ijk13|output|00017436        2
Beta|ijk13|memory|00017436|2
Beta|ijk13|instruction|1|loadI
Beta|ijk13|instruction|1|storeAI
Beta|ijk13|instruction|1|halt
Beta|ijk14|stack|22975
Beta|ijk14|data|11487
Beta|ijk14|input|loadI 393 => r0
Beta|ijk14|input|storeAI r0 => rfp, 4
Beta|ijk14|input|loadAI rfp, 4 => r1
Beta|ijk14|input|storeAI r1 => rfp, 0
Beta|ijk14|input|halt
Beta|ijk14|output|count	instruction
Beta|ijk14|output|    2	storeAI
Beta|ijk14|output|    1	loadI
Beta|ijk14|output|    1	loadAI
Beta|ijk14|output|    1	halt
Beta|ijk14|output|
Beta|ijk14|output|instructions executed:    5
Beta|ijk14|output|register         read:    5 write:    7
Beta|ijk14|output|memory           read:    1 write:    2
Beta|ijk14|output|
Beta|ijk14|output|  register    value
Beta|ijk14|output|        r0      393
Beta|ijk14|output|        r1      393
Beta|ijk14|output|      rbss    11487
Beta|ijk14|output|       rfp    22975
Beta|ijk14|output|       rpc        4
Beta|ijk14|output|       rsp    22975
Beta|ijk14|output|
Beta|ijk14|output|    memory    value
Beta|ijk14|output|00022975      393
Beta|ijk14|output|00022979      393
Beta|ijk14|memory|00022975|393
Beta|ijk14|memory|00022979|393
Beta|ijk14|instruction|2|storeAI
Beta|ijk14|instruction|1|loadI
Beta|ijk14|instruction|1|loadAI
Beta|ijk14|instruction|1|halt
Beta|ijk15|stack|12596
Beta|ijk15|data|6298
Beta|ijk15|input|loadI 1 => r0
Beta|ijk15|input|storeAI r0 => rfp, 0
Beta|ijk15|input|loadI 234 => r1
Beta|ijk15|input|storeAI r1 => rfp, 4
Beta|ijk15|input|loadAI rfp, 0 => r2
Beta|ijk15|input|loadI 0 => r3
Beta|ijk15|input|cmp_GT r2, r3 -> r4
Beta|ijk15|input|cbr r4 -> L0, L1
Beta|ijk15|input|L0:
Beta|ijk15|input|loadI 393 => r5
Beta|ijk15|input|storeAI r5 => rfp, 4
Beta|ijk15|input|jumpI -> L2
Beta|ijk15|input|L1:
Beta|ijk15|input|L2:
Beta|ijk15|input|halt
Beta|ijk15|output|count	instruction
Beta|ijk15|output|    4	loadI
Beta|ijk15|output|    3	storeAI
Beta|ijk15|output|    1	loadAI
Beta|ijk15|output|    1	cmp_GT
Beta|ijk15|output|    1	cbr
Beta|ijk15|output|    1	jumpI
Beta|ijk15|output|    1	halt
Beta|ijk15|output|
Beta|ijk15|output|instructions executed:   12
Beta|ijk15|output|register         read:   10 write:   18
Beta|ijk15|output|memory           read:    1 write:    3
Beta|ijk15|output|
Beta|ijk15|output|  register    value
Beta|ijk15|output|        r0        1
Beta|ijk15|output|        r1      234
Beta|ijk15|output|        r2        1
Beta|ijk15|output|        r3        0
Beta|ijk15|output|        r4        1
Beta|ijk15|output|        r5      393
Beta|ijk15|output|      rbss     6298
Beta|ijk15|output|       rfp    12596
Beta|ijk15|output|       rpc       11
Beta|ijk15|output|       rsp    12596
Beta|ijk15|output|
Beta|ijk15|output|    memory    value
Beta|ijk15|output|00012596        1
Beta|ijk15|output|00012600      393
Beta|ijk15|memory|00012596|1
Beta|ijk15|memory|00012600|393
Beta|ijk15|instruction|4|loadI
Beta|ijk15|instruction|3|storeAI
Beta|ijk15|instruction|1|loadAI
Beta|ijk15|instruction|1|cmp_GT
Beta|ijk15|instruction|1|cbr
Beta|ijk15|instruction|1|jumpI
Beta|ijk15|instruction|1|halt
Beta|ijk16|stack|32737
Beta|ijk16|data|16368
Beta|ijk16|input|loadI 1 => r0
Beta|ijk16|input|storeAI r0 => rfp, 0
Beta|ijk16|input|loadI 234 => r1
Beta|ijk16|input|storeAI r1 => rfp, 4
Beta|ijk16|input|loadAI rfp, 0 => r2
Beta|ijk16|input|loadI 0 => r3
Beta|ijk16|input|cmp_GT r2, r3 -> r4
Beta|ijk16|input|cbr r4 -> L0, L1
Beta|ijk16|input|L0:
Beta|ijk16|input|loadI 393 => r5
Beta|ijk16|input|storeAI r5 => rfp, 4
Beta|ijk16|input|jumpI -> L2
Beta|ijk16|input|L1:
Beta|ijk16|input|loadI 432 => r6
Beta|ijk16|input|storeAI r6 => rfp, 4
Beta|ijk16|input|L2:
Beta|ijk16|input|halt
Beta|ijk16|output|count	instruction
Beta|ijk16|output|    4	loadI
Beta|ijk16|output|    3	storeAI
Beta|ijk16|output|    1	loadAI
Beta|ijk16|output|    1	cmp_GT
Beta|ijk16|output|    1	cbr
Beta|ijk16|output|    1	jumpI
Beta|ijk16|output|    1	halt
Beta|ijk16|output|
Beta|ijk16|output|instructions executed:   12
Beta|ijk16|output|register         read:   10 write:   18
Beta|ijk16|output|memory           read:    1 write:    3
Beta|ijk16|output|
Beta|ijk16|output|  register    value
Beta|ijk16|output|        r0        1
Beta|ijk16|output|        r1      234
Beta|ijk16|output|        r2        1
Beta|ijk16|output|        r3        0
Beta|ijk16|output|        r4        1
Beta|ijk16|output|        r5      393
Beta|ijk16|output|      rbss    16368
Beta|ijk16|output|       rfp    32737
Beta|ijk16|output|       rpc       13
Beta|ijk16|output|       rsp    32737
Beta|ijk16|output|
Beta|ijk16|output|    memory    value
Beta|ijk16|output|00032737        1
Beta|ijk16|output|00032741      393
Beta|ijk16|memory|00032737|1
Beta|ijk16|memory|00032741|393
Beta|ijk16|instruction|4|loadI
Beta|ijk16|instruction|3|storeAI
Beta|ijk16|instruction|1|loadAI
Beta|ijk16|instruction|1|cmp_GT
Beta|ijk16|instruction|1|cbr
Beta|ijk16|instruction|1|jumpI
Beta|ijk16|instruction|1|halt
Beta|ijk17|stack|20666
Beta|ijk17|data|10333
Beta|ijk17|input|loadI 10 => r0
Beta|ijk17|input|storeAI r0 => rfp, 0
Beta|ijk17|input|loadI 2 => r1
Beta|ijk17|input|storeAI r1 => rfp, 4
Beta|ijk17|input|L4:
Beta|ijk17|input|loadAI rfp, 4 => r2
Beta|ijk17|input|loadI 2 => r3
Beta|ijk17|input|cmp_EQ r2, r3 -> r4
Beta|ijk17|input|cbr r4 -> L0, L2
Beta|ijk17|input|L0:
Beta|ijk17|input|loadAI rfp, 0 => r5
Beta|ijk17|input|loadI 5 => r6
Beta|ijk17|input|cmp_GT r5, r6 -> r7
Beta|ijk17|input|cbr r7 -> L1, L2
Beta|ijk17|input|L1:
Beta|ijk17|input|loadI 1 => r8
Beta|ijk17|input|jumpI -> L3
Beta|ijk17|input|L2:
Beta|ijk17|input|loadI 0 => r8
Beta|ijk17|input|L3:
Beta|ijk17|input|cbr r8 -> L5, L6
Beta|ijk17|input|L5:
Beta|ijk17|input|loadAI rfp, 0 => r9
Beta|ijk17|input|loadI 1 => r10
Beta|ijk17|input|sub r9, r10 => r11
Beta|ijk17|input|storeAI r11 => rfp, 0
Beta|ijk17|input|jumpI -> L4
Beta|ijk17|input|L6:
Beta|ijk17|input|halt
Beta|ijk17|output|count	instruction
Beta|ijk17|output|   25	loadI
Beta|ijk17|output|   18	cbr
Beta|ijk17|output|   17	loadAI
Beta|ijk17|output|   10	jumpI
Beta|ijk17|output|    7	storeAI
Beta|ijk17|output|    6	cmp_EQ
Beta|ijk17|output|    6	cmp_GT
Beta|ijk17|output|    5	sub
Beta|ijk17|output|    1	halt
Beta|ijk17|output|
Beta|ijk17|output|instructions executed:   95
Beta|ijk17|output|register         read:   83 write:  154
Beta|ijk17|output|memory           read:   17 write:    7
Beta|ijk17|output|
Beta|ijk17|output|  register    value
Beta|ijk17|output|        r0       10
Beta|ijk17|output|        r1        2
Beta|ijk17|output|       r10        1
Beta|ijk17|output|       r11        5
Beta|ijk17|output|        r2        2
Beta|ijk17|output|        r3        2
Beta|ijk17|output|        r4        1
Beta|ijk17|output|        r5        5
Beta|ijk17|output|        r6        5
Beta|ijk17|output|        r7        0
Beta|ijk17|output|        r8        0
Beta|ijk17|output|        r9        6
Beta|ijk17|output|      rbss    10333
Beta|ijk17|output|       rfp    20666
Beta|ijk17|output|       rpc       21
Beta|ijk17|output|       rsp    20666
Beta|ijk17|output|
Beta|ijk17|output|    memory    value
Beta|ijk17|output|00020666        5
Beta|ijk17|output|00020670        2
Beta|ijk17|memory|00020666|5
Beta|ijk17|memory|00020670|2
Beta|ijk17|instruction|25|loadI
Beta|ijk17|instruction|18|cbr
Beta|ijk17|instruction|17|loadAI
Beta|ijk17|instruction|10|jumpI
Beta|ijk17|instruction|7|storeAI
Beta|ijk17|instruction|6|cmp_EQ
Beta|ijk17|instruction|6|cmp_GT
Beta|ijk17|instruction|5|sub
Beta|ijk17|instruction|1|halt
Beta|ijk18|stack|40839
Beta|ijk18|data|20419
Beta|ijk18|input|loadI 10 => r0
Beta|ijk18|input|storeAI r0 => rfp, 0
Beta|ijk18|input|L0:
Beta|ijk18|input|loadAI rfp, 0 => r1
Beta|ijk18|input|loadI 5 => r2
Beta|ijk18|input|cmp_GT r1, r2 -> r3
Beta|ijk18|input|cbr r3 -> L1, L2
Beta|ijk18|input|L1:
Beta|ijk18|input|loadAI rfp, 0 => r4
Beta|ijk18|input|loadI 1 => r5
Beta|ijk18|input|sub r4, r5 => r6
Beta|ijk18|input|storeAI r6 => rfp, 0
Beta|ijk18|input|jumpI -> L0
Beta|ijk18|input|L2:
Beta|ijk18|input|halt
Beta|ijk18|output|count	instruction
Beta|ijk18|output|   12	loadI
Beta|ijk18|output|   11	loadAI
Beta|ijk18|output|    6	storeAI
Beta|ijk18|output|    6	cmp_GT
Beta|ijk18|output|    6	cbr
Beta|ijk18|output|    5	sub
Beta|ijk18|output|    5	jumpI
Beta|ijk18|output|    1	halt
Beta|ijk18|output|
Beta|ijk18|output|instructions executed:   52
Beta|ijk18|output|register         read:   51 write:   86
Beta|ijk18|output|memory           read:   11 write:    6
Beta|ijk18|output|
Beta|ijk18|output|  register    value
Beta|ijk18|output|        r0       10
Beta|ijk18|output|        r1        5
Beta|ijk18|output|        r2        5
Beta|ijk18|output|        r3        0
Beta|ijk18|output|        r4        6
Beta|ijk18|output|        r5        1
Beta|ijk18|output|        r6        5
Beta|ijk18|output|      rbss    20419
Beta|ijk18|output|       rfp    40839
Beta|ijk18|output|       rpc       11
Beta|ijk18|output|       rsp    40839
Beta|ijk18|output|
Beta|ijk18|output|    memory    value
Beta|ijk18|output|00040839        5
Beta|ijk18|memory|00040839|5
Beta|ijk18|instruction|12|loadI
Beta|ijk18|instruction|11|loadAI
Beta|ijk18|instruction|6|storeAI
Beta|ijk18|instruction|6|cmp_GT
Beta|ijk18|instruction|6|cbr
Beta|ijk18|instruction|5|sub
Beta|ijk18|instruction|5|jumpI
Beta|ijk18|instruction|1|halt
Beta|ijk19|stack|12498
Beta|ijk19|data|6249
Beta|ijk19|input|loadI 0 => r0
Beta|ijk19|input|storeAI r0 => rfp, 0
Beta|ijk19|input|loadI 1 => r1
Beta|ijk19|input|storeAI r1 => rfp, 4
Beta|ijk19|input|loadI 2 => r2
Beta|ijk19|input|storeAI r2 => rfp, 8
Beta|ijk19|input|loadI 3 => r3
Beta|ijk19|input|storeAI r3 => rfp, 12
Beta|ijk19|input|loadAI rfp, 0 => r4
Beta|ijk19|input|loadAI rfp, 4 => r5
Beta|ijk19|input|cmp_LT r4, r5 -> r6
Beta|ijk19|input|cbr r6 -> L1, L0
Beta|ijk19|input|L0:
Beta|ijk19|input|loadAI rfp, 8 => r7
Beta|ijk19|input|loadAI rfp, 12 => r8
Beta|ijk19|input|cmp_LT r7, r8 -> r9
Beta|ijk19|input|cbr r9 -> L1, L2
Beta|ijk19|input|L1:
Beta|ijk19|input|loadI 1 => r10
Beta|ijk19|input|jumpI -> L3
Beta|ijk19|input|L2:
Beta|ijk19|input|loadI 0 => r10
Beta|ijk19|input|L3:
Beta|ijk19|input|cbr r10 -> L4, L5
Beta|ijk19|input|L4:
Beta|ijk19|input|loadI 293 => r11
Beta|ijk19|input|storeAI r11 => rfp, 16
Beta|ijk19|input|jumpI -> L6
Beta|ijk19|input|L5:
Beta|ijk19|input|L6:
Beta|ijk19|input|halt
Beta|ijk19|output|count	instruction
Beta|ijk19|output|    6	loadI
Beta|ijk19|output|    5	storeAI
Beta|ijk19|output|    2	loadAI
Beta|ijk19|output|    2	cbr
Beta|ijk19|output|    2	jumpI
Beta|ijk19|output|    1	cmp_LT
Beta|ijk19|output|    1	halt
Beta|ijk19|output|
Beta|ijk19|output|instructions executed:   19
Beta|ijk19|output|register         read:   16 write:   28
Beta|ijk19|output|memory           read:    2 write:    5
Beta|ijk19|output|
Beta|ijk19|output|  register    value
Beta|ijk19|output|        r0        0
Beta|ijk19|output|        r1        1
Beta|ijk19|output|       r10        1
Beta|ijk19|output|       r11      293
Beta|ijk19|output|        r2        2
Beta|ijk19|output|        r3        3
Beta|ijk19|output|        r4        0
Beta|ijk19|output|        r5        1
Beta|ijk19|output|        r6        1
Beta|ijk19|output|      rbss     6249
Beta|ijk19|output|       rfp    12498
Beta|ijk19|output|       rpc       23
Beta|ijk19|output|       rsp    12498
Beta|ijk19|output|
Beta|ijk19|output|    memory    value
Beta|ijk19|output|00012498        0
Beta|ijk19|output|00012502        1
Beta|ijk19|output|00012506        2
Beta|ijk19|output|00012510        3
Beta|ijk19|output|00012514      293
Beta|ijk19|memory|00012498|0
Beta|ijk19|memory|00012502|1
Beta|ijk19|memory|00012506|2
Beta|ijk19|memory|00012510|3
Beta|ijk19|memory|00012514|293
Beta|ijk19|instruction|6|loadI
Beta|ijk19|instruction|5|storeAI
Beta|ijk19|instruction|2|loadAI
Beta|ijk19|instruction|2|cbr
Beta|ijk19|instruction|2|jumpI
Beta|ijk19|instruction|1|cmp_LT
Beta|ijk19|instruction|1|halt
Beta|ijk20|stack|28261
Beta|ijk20|data|14130
Beta|ijk20|input|loadI 1 => r0
Beta|ijk20|input|storeAI r0 => rfp, 0
Beta|ijk20|input|loadI 0 => r1
Beta|ijk20|input|storeAI r1 => rfp, 4
Beta|ijk20|input|loadI 2 => r2
Beta|ijk20|input|storeAI r2 => rfp, 8
Beta|ijk20|input|loadI 3 => r3
Beta|ijk20|input|storeAI r3 => rfp, 12
Beta|ijk20|input|loadAI rfp, 0 => r4
Beta|ijk20|input|loadAI rfp, 4 => r5
Beta|ijk20|input|cmp_LT r4, r5 -> r6
Beta|ijk20|input|cbr r6 -> L0, L2
Beta|ijk20|input|L0:
Beta|ijk20|input|loadAI rfp, 8 => r7
Beta|ijk20|input|loadAI rfp, 12 => r8
Beta|ijk20|input|cmp_LT r7, r8 -> r9
Beta|ijk20|input|cbr r9 -> L1, L2
Beta|ijk20|input|L1:
Beta|ijk20|input|loadI 1 => r10
Beta|ijk20|input|jumpI -> L3
Beta|ijk20|input|L2:
Beta|ijk20|input|loadI 0 => r10
Beta|ijk20|input|L3:
Beta|ijk20|input|cbr r10 -> L4, L5
Beta|ijk20|input|L4:
Beta|ijk20|input|loadI 293 => r11
Beta|ijk20|input|storeAI r11 => rfp, 16
Beta|ijk20|input|jumpI -> L6
Beta|ijk20|input|L5:
Beta|ijk20|input|loadI 325 => r12
Beta|ijk20|input|storeAI r12 => rfp, 16
Beta|ijk20|input|L6:
Beta|ijk20|input|halt
Beta|ijk20|output|count	instruction
Beta|ijk20|output|    6	loadI
Beta|ijk20|output|    5	storeAI
Beta|ijk20|output|    2	loadAI
Beta|ijk20|output|    2	cbr
Beta|ijk20|output|    1	cmp_LT
Beta|ijk20|output|    1	halt
Beta|ijk20|output|
Beta|ijk20|output|instructions executed:   17
Beta|ijk20|output|register         read:   16 write:   26
Beta|ijk20|output|memory           read:    2 write:    5
Beta|ijk20|output|
Beta|ijk20|output|  register    value
Beta|ijk20|output|        r0        1
Beta|ijk20|output|        r1        0
Beta|ijk20|output|       r10        0
Beta|ijk20|output|       r12      325
Beta|ijk20|output|        r2        2
Beta|ijk20|output|        r3        3
Beta|ijk20|output|        r4        1
Beta|ijk20|output|        r5        0
Beta|ijk20|output|        r6        0
Beta|ijk20|output|      rbss    14130
Beta|ijk20|output|       rfp    28261
Beta|ijk20|output|       rpc       25
Beta|ijk20|output|       rsp    28261
Beta|ijk20|output|
Beta|ijk20|output|    memory    value
Beta|ijk20|output|00028261        1
Beta|ijk20|output|00028265        0
Beta|ijk20|output|00028269        2
Beta|ijk20|output|00028273        3
Beta|ijk20|output|00028277      325
Beta|ijk20|memory|00028261|1
Beta|ijk20|memory|00028265|0
Beta|ijk20|memory|00028269|2
Beta|ijk20|memory|00028273|3
Beta|ijk20|memory|00028277|325
Beta|ijk20|instruction|6|loadI
Beta|ijk20|instruction|5|storeAI
Beta|ijk20|instruction|2|loadAI
Beta|ijk20|instruction|2|cbr
Beta|ijk20|instruction|1|cmp_LT
Beta|ijk20|instruction|1|halt

Lambda

Lambda|ijk00|stack|35303
Lambda|ijk00|data|17651
Lambda|ijk00|input|loadI 923 => r1
Lambda|ijk00|input|storeAI r1 => rfp, 0
Lambda|ijk00|output|count	instruction
Lambda|ijk00|output|    1	loadI
Lambda|ijk00|output|    1	storeAI
Lambda|ijk00|output|
Lambda|ijk00|output|instructions executed:    2
Lambda|ijk00|output|register         read:    2 write:    3
Lambda|ijk00|output|memory           read:    0 write:    1
Lambda|ijk00|output|
Lambda|ijk00|output|  register    value
Lambda|ijk00|output|        r1      923
Lambda|ijk00|output|      rbss    17651
Lambda|ijk00|output|       rfp    35303
Lambda|ijk00|output|       rpc        1
Lambda|ijk00|output|       rsp    35303
Lambda|ijk00|output|
Lambda|ijk00|output|    memory    value
Lambda|ijk00|output|00035303      923
Lambda|ijk00|memory|00035303|923
Lambda|ijk01|stack|30322
Lambda|ijk01|data|15161
Lambda|ijk01|input|loadI 923 => r1
Lambda|ijk01|input|storeAI r1 => rfp, 8
Lambda|ijk01|output|count	instruction
Lambda|ijk01|output|    1	loadI
Lambda|ijk01|output|    1	storeAI
Lambda|ijk01|output|
Lambda|ijk01|output|instructions executed:    2
Lambda|ijk01|output|register         read:    2 write:    3
Lambda|ijk01|output|memory           read:    0 write:    1
Lambda|ijk01|output|
Lambda|ijk01|output|  register    value
Lambda|ijk01|output|        r1      923
Lambda|ijk01|output|      rbss    15161
Lambda|ijk01|output|       rfp    30322
Lambda|ijk01|output|       rpc        1
Lambda|ijk01|output|       rsp    30322
Lambda|ijk01|output|
Lambda|ijk01|output|    memory    value
Lambda|ijk01|output|00030330      923
Lambda|ijk01|memory|00030330|923
Lambda|ijk02|stack|25152
Lambda|ijk02|data|12576
Lambda|ijk02|input|loadI 923 => r1
Lambda|ijk02|input|storeAI r1 => rbss, 0
Lambda|ijk02|output|count	instruction
Lambda|ijk02|output|    1	loadI
Lambda|ijk02|output|    1	storeAI
Lambda|ijk02|output|
Lambda|ijk02|output|instructions executed:    2
Lambda|ijk02|output|register         read:    2 write:    3
Lambda|ijk02|output|memory           read:    0 write:    1
Lambda|ijk02|output|
Lambda|ijk02|output|  register    value
Lambda|ijk02|output|        r1      923
Lambda|ijk02|output|      rbss    12576
Lambda|ijk02|output|       rfp    25152
Lambda|ijk02|output|       rpc        1
Lambda|ijk02|output|       rsp    25152
Lambda|ijk02|output|
Lambda|ijk02|output|    memory    value
Lambda|ijk02|output|00012576      923
Lambda|ijk02|memory|00012576|923
Lambda|ijk03|stack|40822
Lambda|ijk03|data|20411
Lambda|ijk03|input|loadI 923 => r1
Lambda|ijk03|input|storeAI r1 => rbss, 8
Lambda|ijk03|output|count	instruction
Lambda|ijk03|output|    1	loadI
Lambda|ijk03|output|    1	storeAI
Lambda|ijk03|output|
Lambda|ijk03|output|instructions executed:    2
Lambda|ijk03|output|register         read:    2 write:    3
Lambda|ijk03|output|memory           read:    0 write:    1
Lambda|ijk03|output|
Lambda|ijk03|output|  register    value
Lambda|ijk03|output|        r1      923
Lambda|ijk03|output|      rbss    20411
Lambda|ijk03|output|       rfp    40822
Lambda|ijk03|output|       rpc        1
Lambda|ijk03|output|       rsp    40822
Lambda|ijk03|output|
Lambda|ijk03|output|    memory    value
Lambda|ijk03|output|00020419      923
Lambda|ijk03|memory|00020419|923
Lambda|ijk04|stack|41613
Lambda|ijk04|data|20806
Lambda|ijk04|input|loadI 14 => r1
Lambda|ijk04|input|storeAI r1 => rfp, 4
Lambda|ijk04|input|loadI 16 => r2
Lambda|ijk04|input|storeAI r2 => rfp, 8
Lambda|ijk04|input|loadAI rfp, 4 => r3
Lambda|ijk04|input|loadAI rfp, 8 => r4
Lambda|ijk04|input|add r3, r4 => r5
Lambda|ijk04|input|storeAI r5 => rfp, 0
Lambda|ijk04|input|loadAI rfp, 0 => r6
Lambda|ijk04|input|loadAI rfp, 8 => r7
Lambda|ijk04|input|add r6, r7 => r8
Lambda|ijk04|input|storeAI r8 => rfp, 4
Lambda|ijk04|input|loadAI rfp, 0 => r9
Lambda|ijk04|input|loadAI rfp, 4 => r10
Lambda|ijk04|input|add r9, r10 => r11
Lambda|ijk04|input|storeAI r11 => rfp, 8
Lambda|ijk04|output|count	instruction
Lambda|ijk04|output|    6	loadAI
Lambda|ijk04|output|    5	storeAI
Lambda|ijk04|output|    3	add
Lambda|ijk04|output|    2	loadI
Lambda|ijk04|output|
Lambda|ijk04|output|instructions executed:   16
Lambda|ijk04|output|register         read:   22 write:   27
Lambda|ijk04|output|memory           read:    6 write:    5
Lambda|ijk04|output|
Lambda|ijk04|output|  register    value
Lambda|ijk04|output|        r1       14
Lambda|ijk04|output|       r10       46
Lambda|ijk04|output|       r11       76
Lambda|ijk04|output|        r2       16
Lambda|ijk04|output|        r3       14
Lambda|ijk04|output|        r4       16
Lambda|ijk04|output|        r5       30
Lambda|ijk04|output|        r6       30
Lambda|ijk04|output|        r7       16
Lambda|ijk04|output|        r8       46
Lambda|ijk04|output|        r9       30
Lambda|ijk04|output|      rbss    20806
Lambda|ijk04|output|       rfp    41613
Lambda|ijk04|output|       rpc       15
Lambda|ijk04|output|       rsp    41613
Lambda|ijk04|output|
Lambda|ijk04|output|    memory    value
Lambda|ijk04|output|00041613       30
Lambda|ijk04|output|00041617       46
Lambda|ijk04|output|00041621       76
Lambda|ijk04|memory|00041613|30
Lambda|ijk04|memory|00041617|46
Lambda|ijk04|memory|00041621|76
Lambda|ijk05|stack|38499
Lambda|ijk05|data|19249
Lambda|ijk05|input|loadI 14 => r1
Lambda|ijk05|input|storeAI r1 => rfp, 4
Lambda|ijk05|input|loadI 16 => r2
Lambda|ijk05|input|storeAI r2 => rfp, 8
Lambda|ijk05|input|loadAI rfp, 4 => r3
Lambda|ijk05|input|loadAI rfp, 8 => r4
Lambda|ijk05|input|sub r3, r4 => r5
Lambda|ijk05|input|storeAI r5 => rfp, 0
Lambda|ijk05|input|loadAI rfp, 0 => r6
Lambda|ijk05|input|loadAI rfp, 8 => r7
Lambda|ijk05|input|sub r6, r7 => r8
Lambda|ijk05|input|storeAI r8 => rfp, 4
Lambda|ijk05|input|loadAI rfp, 0 => r9
Lambda|ijk05|input|loadAI rfp, 4 => r10
Lambda|ijk05|input|sub r9, r10 => r11
Lambda|ijk05|input|storeAI r11 => rfp, 8
Lambda|ijk05|output|count	instruction
Lambda|ijk05|output|    6	loadAI
Lambda|ijk05|output|    5	storeAI
Lambda|ijk05|output|    3	sub
Lambda|ijk05|output|    2	loadI
Lambda|ijk05|output|
Lambda|ijk05|output|instructions executed:   16
Lambda|ijk05|output|register         read:   22 write:   27
Lambda|ijk05|output|memory           read:    6 write:    5
Lambda|ijk05|output|
Lambda|ijk05|output|  register    value
Lambda|ijk05|output|        r1       14
Lambda|ijk05|output|       r10      -18
Lambda|ijk05|output|       r11       16
Lambda|ijk05|output|        r2       16
Lambda|ijk05|output|        r3       14
Lambda|ijk05|output|        r4       16
Lambda|ijk05|output|        r5       -2
Lambda|ijk05|output|        r6       -2
Lambda|ijk05|output|        r7       16
Lambda|ijk05|output|        r8      -18
Lambda|ijk05|output|        r9       -2
Lambda|ijk05|output|      rbss    19249
Lambda|ijk05|output|       rfp    38499
Lambda|ijk05|output|       rpc       15
Lambda|ijk05|output|       rsp    38499
Lambda|ijk05|output|
Lambda|ijk05|output|    memory    value
Lambda|ijk05|output|00038499       -2
Lambda|ijk05|output|00038503      -18
Lambda|ijk05|output|00038507       16
Lambda|ijk05|memory|00038499|-2
Lambda|ijk05|memory|00038503|-18
Lambda|ijk05|memory|00038507|16
Lambda|ijk06|stack|23368
Lambda|ijk06|data|11684
Lambda|ijk06|input|loadI 75 => r1
Lambda|ijk06|input|storeAI r1 => rfp, 4
Lambda|ijk06|input|loadI 3 => r2
Lambda|ijk06|input|storeAI r2 => rfp, 8
Lambda|ijk06|input|loadAI rfp, 4 => r3
Lambda|ijk06|input|loadAI rfp, 8 => r4
Lambda|ijk06|input|div r3, r4 => r5
Lambda|ijk06|input|storeAI r5 => rfp, 0
Lambda|ijk06|input|loadAI rfp, 0 => r6
Lambda|ijk06|input|loadI 5 => r7
Lambda|ijk06|input|div r6, r7 => r8
Lambda|ijk06|input|storeAI r8 => rfp, 4
Lambda|ijk06|input|loadAI rfp, 0 => r9
Lambda|ijk06|input|loadAI rfp, 4 => r10
Lambda|ijk06|input|div r9, r10 => r11
Lambda|ijk06|input|storeAI r11 => rfp, 8
Lambda|ijk06|output|count	instruction
Lambda|ijk06|output|    5	storeAI
Lambda|ijk06|output|    5	loadAI
Lambda|ijk06|output|    3	loadI
Lambda|ijk06|output|    3	div
Lambda|ijk06|output|
Lambda|ijk06|output|instructions executed:   16
Lambda|ijk06|output|register         read:   21 write:   27
Lambda|ijk06|output|memory           read:    5 write:    5
Lambda|ijk06|output|
Lambda|ijk06|output|  register    value
Lambda|ijk06|output|        r1       75
Lambda|ijk06|output|       r10        5
Lambda|ijk06|output|       r11        5
Lambda|ijk06|output|        r2        3
Lambda|ijk06|output|        r3       75
Lambda|ijk06|output|        r4        3
Lambda|ijk06|output|        r5       25
Lambda|ijk06|output|        r6       25
Lambda|ijk06|output|        r7        5
Lambda|ijk06|output|        r8        5
Lambda|ijk06|output|        r9       25
Lambda|ijk06|output|      rbss    11684
Lambda|ijk06|output|       rfp    23368
Lambda|ijk06|output|       rpc       15
Lambda|ijk06|output|       rsp    23368
Lambda|ijk06|output|
Lambda|ijk06|output|    memory    value
Lambda|ijk06|output|00023368       25
Lambda|ijk06|output|00023372        5
Lambda|ijk06|output|00023376        5
Lambda|ijk06|memory|00023368|25
Lambda|ijk06|memory|00023372|5
Lambda|ijk06|memory|00023376|5
Lambda|ijk07|stack|10138
Lambda|ijk07|data|5069
Lambda|ijk07|input|loadI 15 => r1
Lambda|ijk07|input|storeAI r1 => rfp, 4
Lambda|ijk07|input|loadI 3 => r2
Lambda|ijk07|input|storeAI r2 => rfp, 8
Lambda|ijk07|input|loadAI rfp, 4 => r3
Lambda|ijk07|input|loadAI rfp, 8 => r4
Lambda|ijk07|input|mult r3, r4 => r5
Lambda|ijk07|input|storeAI r5 => rfp, 0
Lambda|ijk07|input|loadAI rfp, 0 => r6
Lambda|ijk07|input|loadAI rfp, 8 => r7
Lambda|ijk07|input|mult r6, r7 => r8
Lambda|ijk07|input|storeAI r8 => rfp, 4
Lambda|ijk07|input|loadAI rfp, 0 => r9
Lambda|ijk07|input|loadAI rfp, 4 => r10
Lambda|ijk07|input|mult r9, r10 => r11
Lambda|ijk07|input|storeAI r11 => rfp, 8
Lambda|ijk07|output|count	instruction
Lambda|ijk07|output|    6	loadAI
Lambda|ijk07|output|    5	storeAI
Lambda|ijk07|output|    3	mult
Lambda|ijk07|output|    2	loadI
Lambda|ijk07|output|
Lambda|ijk07|output|instructions executed:   16
Lambda|ijk07|output|register         read:   22 write:   27
Lambda|ijk07|output|memory           read:    6 write:    5
Lambda|ijk07|output|
Lambda|ijk07|output|  register    value
Lambda|ijk07|output|        r1       15
Lambda|ijk07|output|       r10      135
Lambda|ijk07|output|       r11     6075
Lambda|ijk07|output|        r2        3
Lambda|ijk07|output|        r3       15
Lambda|ijk07|output|        r4        3
Lambda|ijk07|output|        r5       45
Lambda|ijk07|output|        r6       45
Lambda|ijk07|output|        r7        3
Lambda|ijk07|output|        r8      135
Lambda|ijk07|output|        r9       45
Lambda|ijk07|output|      rbss     5069
Lambda|ijk07|output|       rfp    10138
Lambda|ijk07|output|       rpc       15
Lambda|ijk07|output|       rsp    10138
Lambda|ijk07|output|
Lambda|ijk07|output|    memory    value
Lambda|ijk07|output|00010138       45
Lambda|ijk07|output|00010142      135
Lambda|ijk07|output|00010146     6075
Lambda|ijk07|memory|00010138|45
Lambda|ijk07|memory|00010142|135
Lambda|ijk07|memory|00010146|6075
Lambda|ijk08|stack|19423
Lambda|ijk08|data|9711
Lambda|ijk08|input|loadI 15 => r1
Lambda|ijk08|input|storeAI r1 => rfp, 4
Lambda|ijk08|input|loadI 3 => r2
Lambda|ijk08|input|storeAI r2 => rfp, 8
Lambda|ijk08|input|loadAI rfp, 4 => r3
Lambda|ijk08|input|loadAI rfp, 8 => r4
Lambda|ijk08|input|mult r3, r4 => r5
Lambda|ijk08|input|loadI 2 => r6
Lambda|ijk08|input|loadI 20 => r7
Lambda|ijk08|input|mult r6, r7 => r8
Lambda|ijk08|input|loadI 4 => r9
Lambda|ijk08|input|div r8, r9 => r10
Lambda|ijk08|input|add r5, r10 => r11
Lambda|ijk08|input|storeAI r11 => rfp, 0
Lambda|ijk08|output|count	instruction
Lambda|ijk08|output|    5	loadI
Lambda|ijk08|output|    3	storeAI
Lambda|ijk08|output|    2	loadAI
Lambda|ijk08|output|    2	mult
Lambda|ijk08|output|    1	div
Lambda|ijk08|output|    1	add
Lambda|ijk08|output|
Lambda|ijk08|output|instructions executed:   14
Lambda|ijk08|output|register         read:   16 write:   25
Lambda|ijk08|output|memory           read:    2 write:    3
Lambda|ijk08|output|
Lambda|ijk08|output|  register    value
Lambda|ijk08|output|        r1       15
Lambda|ijk08|output|       r10       10
Lambda|ijk08|output|       r11       55
Lambda|ijk08|output|        r2        3
Lambda|ijk08|output|        r3       15
Lambda|ijk08|output|        r4        3
Lambda|ijk08|output|        r5       45
Lambda|ijk08|output|        r6        2
Lambda|ijk08|output|        r7       20
Lambda|ijk08|output|        r8       40
Lambda|ijk08|output|        r9        4
Lambda|ijk08|output|      rbss     9711
Lambda|ijk08|output|       rfp    19423
Lambda|ijk08|output|       rpc       13
Lambda|ijk08|output|       rsp    19423
Lambda|ijk08|output|
Lambda|ijk08|output|    memory    value
Lambda|ijk08|output|00019423       55
Lambda|ijk08|output|00019427       15
Lambda|ijk08|output|00019431        3
Lambda|ijk08|memory|00019423|55
Lambda|ijk08|memory|00019427|15
Lambda|ijk08|memory|00019431|3
Lambda|ijk09|stack|26060
Lambda|ijk09|data|13030
Lambda|ijk09|input|loadI 15 => r1
Lambda|ijk09|input|storeAI r1 => rfp, 4
Lambda|ijk09|input|loadI 3 => r2
Lambda|ijk09|input|storeAI r2 => rfp, 8
Lambda|ijk09|input|loadAI rfp, 4 => r3
Lambda|ijk09|input|loadAI rfp, 8 => r4
Lambda|ijk09|input|add r3, r4 => r5
Lambda|ijk09|input|loadAI rfp, 4 => r6
Lambda|ijk09|input|add r5, r6 => r7
Lambda|ijk09|input|loadAI rfp, 8 => r8
Lambda|ijk09|input|add r7, r8 => r9
Lambda|ijk09|input|loadI 10 => r10
Lambda|ijk09|input|add r9, r10 => r11
Lambda|ijk09|input|storeAI r11 => rfp, 0
Lambda|ijk09|output|count	instruction
Lambda|ijk09|output|    4	loadAI
Lambda|ijk09|output|    4	add
Lambda|ijk09|output|    3	loadI
Lambda|ijk09|output|    3	storeAI
Lambda|ijk09|output|
Lambda|ijk09|output|instructions executed:   14
Lambda|ijk09|output|register         read:   18 write:   25
Lambda|ijk09|output|memory           read:    4 write:    3
Lambda|ijk09|output|
Lambda|ijk09|output|  register    value
Lambda|ijk09|output|        r1       15
Lambda|ijk09|output|       r10       10
Lambda|ijk09|output|       r11       46
Lambda|ijk09|output|        r2        3
Lambda|ijk09|output|        r3       15
Lambda|ijk09|output|        r4        3
Lambda|ijk09|output|        r5       18
Lambda|ijk09|output|        r6       15
Lambda|ijk09|output|        r7       33
Lambda|ijk09|output|        r8        3
Lambda|ijk09|output|        r9       36
Lambda|ijk09|output|      rbss    13030
Lambda|ijk09|output|       rfp    26060
Lambda|ijk09|output|       rpc       13
Lambda|ijk09|output|       rsp    26060
Lambda|ijk09|output|
Lambda|ijk09|output|    memory    value
Lambda|ijk09|output|00026060       46
Lambda|ijk09|output|00026064       15
Lambda|ijk09|output|00026068        3
Lambda|ijk09|memory|00026060|46
Lambda|ijk09|memory|00026064|15
Lambda|ijk09|memory|00026068|3
Lambda|ijk10|stack|30236
Lambda|ijk10|data|15118
Lambda|ijk10|input|loadI 400 => r1
Lambda|ijk10|input|storeAI r1 => rfp, 4
Lambda|ijk10|input|loadI 2 => r2
Lambda|ijk10|input|storeAI r2 => rfp, 8
Lambda|ijk10|input|loadAI rfp, 4 => r3
Lambda|ijk10|input|loadAI rfp, 8 => r4
Lambda|ijk10|input|div r3, r4 => r5
Lambda|ijk10|input|loadAI rfp, 4 => r6
Lambda|ijk10|input|loadAI rfp, 8 => r7
Lambda|ijk10|input|div r6, r7 => r8
Lambda|ijk10|input|loadAI rfp, 8 => r9
Lambda|ijk10|input|div r8, r9 => r10
Lambda|ijk10|input|add r5, r10 => r11
Lambda|ijk10|input|storeAI r11 => rfp, 0
Lambda|ijk10|output|count	instruction
Lambda|ijk10|output|    5	loadAI
Lambda|ijk10|output|    3	storeAI
Lambda|ijk10|output|    3	div
Lambda|ijk10|output|    2	loadI
Lambda|ijk10|output|    1	add
Lambda|ijk10|output|
Lambda|ijk10|output|instructions executed:   14
Lambda|ijk10|output|register         read:   19 write:   25
Lambda|ijk10|output|memory           read:    5 write:    3
Lambda|ijk10|output|
Lambda|ijk10|output|  register    value
Lambda|ijk10|output|        r1      400
Lambda|ijk10|output|       r10      100
Lambda|ijk10|output|       r11      300
Lambda|ijk10|output|        r2        2
Lambda|ijk10|output|        r3      400
Lambda|ijk10|output|        r4        2
Lambda|ijk10|output|        r5      200
Lambda|ijk10|output|        r6      400
Lambda|ijk10|output|        r7        2
Lambda|ijk10|output|        r8      200
Lambda|ijk10|output|        r9        2
Lambda|ijk10|output|      rbss    15118
Lambda|ijk10|output|       rfp    30236
Lambda|ijk10|output|       rpc       13
Lambda|ijk10|output|       rsp    30236
Lambda|ijk10|output|
Lambda|ijk10|output|    memory    value
Lambda|ijk10|output|00030236      300
Lambda|ijk10|output|00030240      400
Lambda|ijk10|output|00030244        2
Lambda|ijk10|memory|00030236|300
Lambda|ijk10|memory|00030240|400
Lambda|ijk10|memory|00030244|2
Lambda|ijk11|stack|22985
Lambda|ijk11|data|11492
Lambda|ijk11|input|loadI 400 => r1
Lambda|ijk11|input|storeAI r1 => rfp, 4
Lambda|ijk11|input|loadI 2 => r2
Lambda|ijk11|input|storeAI r2 => rfp, 8
Lambda|ijk11|input|loadAI rfp, 4 => r3
Lambda|ijk11|input|loadAI rfp, 4 => r4
Lambda|ijk11|input|loadAI rfp, 8 => r5
Lambda|ijk11|input|div r4, r5 => r6
Lambda|ijk11|input|add r3, r6 => r7
Lambda|ijk11|input|loadAI rfp, 4 => r8
Lambda|ijk11|input|loadAI rfp, 8 => r9
Lambda|ijk11|input|div r8, r9 => r10
Lambda|ijk11|input|add r7, r10 => r11
Lambda|ijk11|input|storeAI r11 => rfp, 0
Lambda|ijk11|output|count	instruction
Lambda|ijk11|output|    5	loadAI
Lambda|ijk11|output|    3	storeAI
Lambda|ijk11|output|    2	loadI
Lambda|ijk11|output|    2	div
Lambda|ijk11|output|    2	add
Lambda|ijk11|output|
Lambda|ijk11|output|instructions executed:   14
Lambda|ijk11|output|register         read:   19 write:   25
Lambda|ijk11|output|memory           read:    5 write:    3
Lambda|ijk11|output|
Lambda|ijk11|output|  register    value
Lambda|ijk11|output|        r1      400
Lambda|ijk11|output|       r10      200
Lambda|ijk11|output|       r11      800
Lambda|ijk11|output|        r2        2
Lambda|ijk11|output|        r3      400
Lambda|ijk11|output|        r4      400
Lambda|ijk11|output|        r5        2
Lambda|ijk11|output|        r6      200
Lambda|ijk11|output|        r7      600
Lambda|ijk11|output|        r8      400
Lambda|ijk11|output|        r9        2
Lambda|ijk11|output|      rbss    11492
Lambda|ijk11|output|       rfp    22985
Lambda|ijk11|output|       rpc       13
Lambda|ijk11|output|       rsp    22985
Lambda|ijk11|output|
Lambda|ijk11|output|    memory    value
Lambda|ijk11|output|00022985      800
Lambda|ijk11|output|00022989      400
Lambda|ijk11|output|00022993        2
Lambda|ijk11|memory|00022985|800
Lambda|ijk11|memory|00022989|400
Lambda|ijk11|memory|00022993|2
Lambda|ijk12|stack|26454
Lambda|ijk12|data|13227
Lambda|ijk12|input|loadI 2 => r1
Lambda|ijk12|input|loadI 4 => r2
Lambda|ijk12|input|loadI 2 => r3
Lambda|ijk12|input|div r2, r3 => r4
Lambda|ijk12|input|add r1, r4 => r5
Lambda|ijk12|input|loadI 4 => r6
Lambda|ijk12|input|loadI 4 => r7
Lambda|ijk12|input|mult r6, r7 => r8
Lambda|ijk12|input|add r5, r8 => r9
Lambda|ijk12|input|storeAI r9 => rfp, 0
Lambda|ijk12|output|count	instruction
Lambda|ijk12|output|    5	loadI
Lambda|ijk12|output|    2	add
Lambda|ijk12|output|    1	div
Lambda|ijk12|output|    1	mult
Lambda|ijk12|output|    1	storeAI
Lambda|ijk12|output|
Lambda|ijk12|output|instructions executed:   10
Lambda|ijk12|output|register         read:   10 write:   19
Lambda|ijk12|output|memory           read:    0 write:    1
Lambda|ijk12|output|
Lambda|ijk12|output|  register    value
Lambda|ijk12|output|        r1        2
Lambda|ijk12|output|        r2        4
Lambda|ijk12|output|        r3        2
Lambda|ijk12|output|        r4        2
Lambda|ijk12|output|        r5        4
Lambda|ijk12|output|        r6        4
Lambda|ijk12|output|        r7        4
Lambda|ijk12|output|        r8       16
Lambda|ijk12|output|        r9       20
Lambda|ijk12|output|      rbss    13227
Lambda|ijk12|output|       rfp    26454
Lambda|ijk12|output|       rpc        9
Lambda|ijk12|output|       rsp    26454
Lambda|ijk12|output|
Lambda|ijk12|output|    memory    value
Lambda|ijk12|output|00026454       20
Lambda|ijk12|memory|00026454|20
Lambda|ijk13|stack|30378
Lambda|ijk13|data|15189
Lambda|ijk13|input|loadI 2 => r1
Lambda|ijk13|input|storeAI r1 => rfp, 0
Lambda|ijk13|output|count	instruction
Lambda|ijk13|output|    1	loadI
Lambda|ijk13|output|    1	storeAI
Lambda|ijk13|output|
Lambda|ijk13|output|instructions executed:    2
Lambda|ijk13|output|register         read:    2 write:    3
Lambda|ijk13|output|memory           read:    0 write:    1
Lambda|ijk13|output|
Lambda|ijk13|output|  register    value
Lambda|ijk13|output|        r1        2
Lambda|ijk13|output|      rbss    15189
Lambda|ijk13|output|       rfp    30378
Lambda|ijk13|output|       rpc        1
Lambda|ijk13|output|       rsp    30378
Lambda|ijk13|output|
Lambda|ijk13|output|    memory    value
Lambda|ijk13|output|00030378        2
Lambda|ijk13|memory|00030378|2
Lambda|ijk14|stack|27041
Lambda|ijk14|data|13520
Lambda|ijk14|input|loadI 393 => r1
Lambda|ijk14|input|storeAI r1 => rfp, 4
Lambda|ijk14|input|loadAI rfp, 4 => r2
Lambda|ijk14|input|storeAI r2 => rfp, 0
Lambda|ijk14|output|count	instruction
Lambda|ijk14|output|    2	storeAI
Lambda|ijk14|output|    1	loadI
Lambda|ijk14|output|    1	loadAI
Lambda|ijk14|output|
Lambda|ijk14|output|instructions executed:    4
Lambda|ijk14|output|register         read:    5 write:    6
Lambda|ijk14|output|memory           read:    1 write:    2
Lambda|ijk14|output|
Lambda|ijk14|output|  register    value
Lambda|ijk14|output|        r1      393
Lambda|ijk14|output|        r2      393
Lambda|ijk14|output|      rbss    13520
Lambda|ijk14|output|       rfp    27041
Lambda|ijk14|output|       rpc        3
Lambda|ijk14|output|       rsp    27041
Lambda|ijk14|output|
Lambda|ijk14|output|    memory    value
Lambda|ijk14|output|00027041      393
Lambda|ijk14|output|00027045      393
Lambda|ijk14|memory|00027041|393
Lambda|ijk14|memory|00027045|393
Lambda|ijk15|stack|42555
Lambda|ijk15|data|21277
Lambda|ijk15|input|loadI 1 => r1
Lambda|ijk15|input|storeAI r1 => rfp, 0
Lambda|ijk15|input|loadI 234 => r2
Lambda|ijk15|input|storeAI r2 => rfp, 4
Lambda|ijk15|input|loadAI rfp, 0 => r3
Lambda|ijk15|input|loadI 0 => r4
Lambda|ijk15|input|cmp_GT r3, r4 -> r5
Lambda|ijk15|input|cbr r5 -> L1, L2
Lambda|ijk15|input|L1:
Lambda|ijk15|input|loadI 393 => r6
Lambda|ijk15|input|storeAI r6 => rfp, 4
Lambda|ijk15|input|jumpI -> L3
Lambda|ijk15|input|L2:
Lambda|ijk15|input|nop
Lambda|ijk15|input|L3:
Lambda|ijk15|input|nop
Lambda|ijk15|output|count	instruction
Lambda|ijk15|output|    4	loadI
Lambda|ijk15|output|    3	storeAI
Lambda|ijk15|output|    1	loadAI
Lambda|ijk15|output|    1	cmp_GT
Lambda|ijk15|output|    1	cbr
Lambda|ijk15|output|    1	jumpI
Lambda|ijk15|output|    1	nop
Lambda|ijk15|output|
Lambda|ijk15|output|instructions executed:   12
Lambda|ijk15|output|register         read:   10 write:   18
Lambda|ijk15|output|memory           read:    1 write:    3
Lambda|ijk15|output|
Lambda|ijk15|output|  register    value
Lambda|ijk15|output|        r1        1
Lambda|ijk15|output|        r2      234
Lambda|ijk15|output|        r3        1
Lambda|ijk15|output|        r4        0
Lambda|ijk15|output|        r5        1
Lambda|ijk15|output|        r6      393
Lambda|ijk15|output|      rbss    21277
Lambda|ijk15|output|       rfp    42555
Lambda|ijk15|output|       rpc       12
Lambda|ijk15|output|       rsp    42555
Lambda|ijk15|output|
Lambda|ijk15|output|    memory    value
Lambda|ijk15|output|00042555        1
Lambda|ijk15|output|00042559      393
Lambda|ijk15|memory|00042555|1
Lambda|ijk15|memory|00042559|393
Lambda|ijk16|stack|13059
Lambda|ijk16|data|6529
Lambda|ijk16|input|loadI 1 => r1
Lambda|ijk16|input|storeAI r1 => rfp, 0
Lambda|ijk16|input|loadI 234 => r2
Lambda|ijk16|input|storeAI r2 => rfp, 4
Lambda|ijk16|input|loadAI rfp, 0 => r3
Lambda|ijk16|input|loadI 0 => r4
Lambda|ijk16|input|cmp_GT r3, r4 -> r5
Lambda|ijk16|input|cbr r5 -> L1, L2
Lambda|ijk16|input|L1:
Lambda|ijk16|input|loadI 393 => r6
Lambda|ijk16|input|storeAI r6 => rfp, 4
Lambda|ijk16|input|jumpI -> L3
Lambda|ijk16|input|L2:
Lambda|ijk16|input|loadI 432 => r7
Lambda|ijk16|input|storeAI r7 => rfp, 4
Lambda|ijk16|input|L3:
Lambda|ijk16|input|nop
Lambda|ijk16|output|count	instruction
Lambda|ijk16|output|    4	loadI
Lambda|ijk16|output|    3	storeAI
Lambda|ijk16|output|    1	loadAI
Lambda|ijk16|output|    1	cmp_GT
Lambda|ijk16|output|    1	cbr
Lambda|ijk16|output|    1	jumpI
Lambda|ijk16|output|    1	nop
Lambda|ijk16|output|
Lambda|ijk16|output|instructions executed:   12
Lambda|ijk16|output|register         read:   10 write:   18
Lambda|ijk16|output|memory           read:    1 write:    3
Lambda|ijk16|output|
Lambda|ijk16|output|  register    value
Lambda|ijk16|output|        r1        1
Lambda|ijk16|output|        r2      234
Lambda|ijk16|output|        r3        1
Lambda|ijk16|output|        r4        0
Lambda|ijk16|output|        r5        1
Lambda|ijk16|output|        r6      393
Lambda|ijk16|output|      rbss     6529
Lambda|ijk16|output|       rfp    13059
Lambda|ijk16|output|       rpc       13
Lambda|ijk16|output|       rsp    13059
Lambda|ijk16|output|
Lambda|ijk16|output|    memory    value
Lambda|ijk16|output|00013059        1
Lambda|ijk16|output|00013063      393
Lambda|ijk16|memory|00013059|1
Lambda|ijk16|memory|00013063|393
Lambda|ijk17|stack|11126
Lambda|ijk17|data|5563
Lambda|ijk17|input|loadI 10 => r1
Lambda|ijk17|input|storeAI r1 => rfp, 0
Lambda|ijk17|input|loadI 2 => r2
Lambda|ijk17|input|storeAI r2 => rfp, 4
Lambda|ijk17|input|L1:
Lambda|ijk17|input|loadAI rfp, 4 => r3
Lambda|ijk17|input|loadI 2 => r4
Lambda|ijk17|input|cmp_EQ r3, r4 -> r5
Lambda|ijk17|input|cbr r5 -> L4, L3
Lambda|ijk17|input|L4:
Lambda|ijk17|input|loadAI rfp, 0 => r6
Lambda|ijk17|input|loadI 5 => r7
Lambda|ijk17|input|cmp_GT r6, r7 -> r8
Lambda|ijk17|input|cbr r8 -> L2, L3
Lambda|ijk17|input|L2:
Lambda|ijk17|input|loadAI rfp, 0 => r9
Lambda|ijk17|input|loadI 1 => r10
Lambda|ijk17|input|sub r9, r10 => r11
Lambda|ijk17|input|storeAI r11 => rfp, 0
Lambda|ijk17|input|jumpI -> L1
Lambda|ijk17|input|L3:
Lambda|ijk17|input|nop
Lambda|ijk17|output|count	instruction
Lambda|ijk17|output|   19	loadI
Lambda|ijk17|output|   17	loadAI
Lambda|ijk17|output|   12	cbr
Lambda|ijk17|output|    7	storeAI
Lambda|ijk17|output|    6	cmp_EQ
Lambda|ijk17|output|    6	cmp_GT
Lambda|ijk17|output|    5	sub
Lambda|ijk17|output|    5	jumpI
Lambda|ijk17|output|    1	nop
Lambda|ijk17|output|
Lambda|ijk17|output|instructions executed:   78
Lambda|ijk17|output|register         read:   77 write:  131
Lambda|ijk17|output|memory           read:   17 write:    7
Lambda|ijk17|output|
Lambda|ijk17|output|  register    value
Lambda|ijk17|output|        r1       10
Lambda|ijk17|output|       r10        1
Lambda|ijk17|output|       r11        5
Lambda|ijk17|output|        r2        2
Lambda|ijk17|output|        r3        2
Lambda|ijk17|output|        r4        2
Lambda|ijk17|output|        r5        1
Lambda|ijk17|output|        r6        5
Lambda|ijk17|output|        r7        5
Lambda|ijk17|output|        r8        0
Lambda|ijk17|output|        r9        6
Lambda|ijk17|output|      rbss     5563
Lambda|ijk17|output|       rfp    11126
Lambda|ijk17|output|       rpc       17
Lambda|ijk17|output|       rsp    11126
Lambda|ijk17|output|
Lambda|ijk17|output|    memory    value
Lambda|ijk17|output|00011126        5
Lambda|ijk17|output|00011130        2
Lambda|ijk17|memory|00011126|5
Lambda|ijk17|memory|00011130|2
Lambda|ijk18|stack|34464
Lambda|ijk18|data|17232
Lambda|ijk18|input|loadI 10 => r1
Lambda|ijk18|input|storeAI r1 => rfp, 0
Lambda|ijk18|input|L1:
Lambda|ijk18|input|loadAI rfp, 0 => r2
Lambda|ijk18|input|loadI 5 => r3
Lambda|ijk18|input|cmp_GT r2, r3 -> r4
Lambda|ijk18|input|cbr r4 -> L2, L3
Lambda|ijk18|input|L2:
Lambda|ijk18|input|loadAI rfp, 0 => r5
Lambda|ijk18|input|loadI 1 => r6
Lambda|ijk18|input|sub r5, r6 => r7
Lambda|ijk18|input|storeAI r7 => rfp, 0
Lambda|ijk18|input|jumpI -> L1
Lambda|ijk18|input|L3:
Lambda|ijk18|input|nop
Lambda|ijk18|output|count	instruction
Lambda|ijk18|output|   12	loadI
Lambda|ijk18|output|   11	loadAI
Lambda|ijk18|output|    6	storeAI
Lambda|ijk18|output|    6	cmp_GT
Lambda|ijk18|output|    6	cbr
Lambda|ijk18|output|    5	sub
Lambda|ijk18|output|    5	jumpI
Lambda|ijk18|output|    1	nop
Lambda|ijk18|output|
Lambda|ijk18|output|instructions executed:   52
Lambda|ijk18|output|register         read:   51 write:   86
Lambda|ijk18|output|memory           read:   11 write:    6
Lambda|ijk18|output|
Lambda|ijk18|output|  register    value
Lambda|ijk18|output|        r1       10
Lambda|ijk18|output|        r2        5
Lambda|ijk18|output|        r3        5
Lambda|ijk18|output|        r4        0
Lambda|ijk18|output|        r5        6
Lambda|ijk18|output|        r6        1
Lambda|ijk18|output|        r7        5
Lambda|ijk18|output|      rbss    17232
Lambda|ijk18|output|       rfp    34464
Lambda|ijk18|output|       rpc       11
Lambda|ijk18|output|       rsp    34464
Lambda|ijk18|output|
Lambda|ijk18|output|    memory    value
Lambda|ijk18|output|00034464        5
Lambda|ijk18|memory|00034464|5
Lambda|ijk19|stack|18607
Lambda|ijk19|data|9303
Lambda|ijk19|input|loadI 0 => r1
Lambda|ijk19|input|storeAI r1 => rfp, 0
Lambda|ijk19|input|loadI 1 => r2
Lambda|ijk19|input|storeAI r2 => rfp, 4
Lambda|ijk19|input|loadI 2 => r3
Lambda|ijk19|input|storeAI r3 => rfp, 8
Lambda|ijk19|input|loadI 3 => r4
Lambda|ijk19|input|storeAI r4 => rfp, 12
Lambda|ijk19|input|loadAI rfp, 0 => r5
Lambda|ijk19|input|loadAI rfp, 4 => r6
Lambda|ijk19|input|cmp_LT r5, r6 -> r7
Lambda|ijk19|input|cbr r7 -> L1, L4
Lambda|ijk19|input|L4:
Lambda|ijk19|input|loadAI rfp, 8 => r8
Lambda|ijk19|input|loadAI rfp, 12 => r9
Lambda|ijk19|input|cmp_LT r8, r9 -> r10
Lambda|ijk19|input|cbr r10 -> L1, L2
Lambda|ijk19|input|L1:
Lambda|ijk19|input|loadI 293 => r11
Lambda|ijk19|input|storeAI r11 => rfp, 16
Lambda|ijk19|input|jumpI -> L3
Lambda|ijk19|input|L2:
Lambda|ijk19|input|nop
Lambda|ijk19|input|L3:
Lambda|ijk19|input|nop
Lambda|ijk19|output|count	instruction
Lambda|ijk19|output|    5	loadI
Lambda|ijk19|output|    5	storeAI
Lambda|ijk19|output|    2	loadAI
Lambda|ijk19|output|    1	cmp_LT
Lambda|ijk19|output|    1	cbr
Lambda|ijk19|output|    1	jumpI
Lambda|ijk19|output|    1	nop
Lambda|ijk19|output|
Lambda|ijk19|output|instructions executed:   16
Lambda|ijk19|output|register         read:   15 write:   24
Lambda|ijk19|output|memory           read:    2 write:    5
Lambda|ijk19|output|
Lambda|ijk19|output|  register    value
Lambda|ijk19|output|        r1        0
Lambda|ijk19|output|       r11      293
Lambda|ijk19|output|        r2        1
Lambda|ijk19|output|        r3        2
Lambda|ijk19|output|        r4        3
Lambda|ijk19|output|        r5        0
Lambda|ijk19|output|        r6        1
Lambda|ijk19|output|        r7        1
Lambda|ijk19|output|      rbss     9303
Lambda|ijk19|output|       rfp    18607
Lambda|ijk19|output|       rpc       20
Lambda|ijk19|output|       rsp    18607
Lambda|ijk19|output|
Lambda|ijk19|output|    memory    value
Lambda|ijk19|output|00018607        0
Lambda|ijk19|output|00018611        1
Lambda|ijk19|output|00018615        2
Lambda|ijk19|output|00018619        3
Lambda|ijk19|output|00018623      293
Lambda|ijk19|memory|00018607|0
Lambda|ijk19|memory|00018611|1
Lambda|ijk19|memory|00018615|2
Lambda|ijk19|memory|00018619|3
Lambda|ijk19|memory|00018623|293
Lambda|ijk20|stack|10693
Lambda|ijk20|data|5346
Lambda|ijk20|input|loadI 1 => r1
Lambda|ijk20|input|storeAI r1 => rfp, 0
Lambda|ijk20|input|loadI 0 => r2
Lambda|ijk20|input|storeAI r2 => rfp, 4
Lambda|ijk20|input|loadI 2 => r3
Lambda|ijk20|input|storeAI r3 => rfp, 8
Lambda|ijk20|input|loadI 3 => r4
Lambda|ijk20|input|storeAI r4 => rfp, 12
Lambda|ijk20|input|loadAI rfp, 0 => r5
Lambda|ijk20|input|loadAI rfp, 4 => r6
Lambda|ijk20|input|cmp_LT r5, r6 -> r7
Lambda|ijk20|input|cbr r7 -> L4, L2
Lambda|ijk20|input|L4:
Lambda|ijk20|input|loadAI rfp, 8 => r8
Lambda|ijk20|input|loadAI rfp, 12 => r9
Lambda|ijk20|input|cmp_LT r8, r9 -> r10
Lambda|ijk20|input|cbr r10 -> L1, L2
Lambda|ijk20|input|L1:
Lambda|ijk20|input|loadI 293 => r11
Lambda|ijk20|input|storeAI r11 => rfp, 16
Lambda|ijk20|input|jumpI -> L3
Lambda|ijk20|input|L2:
Lambda|ijk20|input|loadI 325 => r12
Lambda|ijk20|input|storeAI r12 => rfp, 16
Lambda|ijk20|input|L3:
Lambda|ijk20|input|nop
Lambda|ijk20|output|count	instruction
Lambda|ijk20|output|    5	loadI
Lambda|ijk20|output|    5	storeAI
Lambda|ijk20|output|    2	loadAI
Lambda|ijk20|output|    1	cmp_LT
Lambda|ijk20|output|    1	cbr
Lambda|ijk20|output|    1	nop
Lambda|ijk20|output|
Lambda|ijk20|output|instructions executed:   15
Lambda|ijk20|output|register         read:   15 write:   23
Lambda|ijk20|output|memory           read:    2 write:    5
Lambda|ijk20|output|
Lambda|ijk20|output|  register    value
Lambda|ijk20|output|        r1        1
Lambda|ijk20|output|       r12      325
Lambda|ijk20|output|        r2        0
Lambda|ijk20|output|        r3        2
Lambda|ijk20|output|        r4        3
Lambda|ijk20|output|        r5        1
Lambda|ijk20|output|        r6        0
Lambda|ijk20|output|        r7        0
Lambda|ijk20|output|      rbss     5346
Lambda|ijk20|output|       rfp    10693
Lambda|ijk20|output|       rpc       21
Lambda|ijk20|output|       rsp    10693
Lambda|ijk20|output|
Lambda|ijk20|output|    memory    value
Lambda|ijk20|output|00010693        1
Lambda|ijk20|output|00010697        0
Lambda|ijk20|output|00010701        2
Lambda|ijk20|output|00010705        3
Lambda|ijk20|output|00010709      325
Lambda|ijk20|memory|00010693|1
Lambda|ijk20|memory|00010697|0
Lambda|ijk20|memory|00010701|2
Lambda|ijk20|memory|00010705|3
Lambda|ijk20|memory|00010709|325
