
Beta

~/ensino/private/E4/Beta ~/ensino/private
Beta |local.tests/e4/input/poi01 0 " 0 0 0 16458 0 " 16458
Beta |local.tests/e4/input/poi02 0 " 0 0 0 16458 0 " 16458
Beta |local.tests/e4/input/poi03 0 " 0 0 0 16458 0 " 16458
Beta |local.tests/e4/input/poi04 10 " 0 0 0 16858 0 " 16858
Beta |local.tests/e4/input/poi05 10 " 0 0 0 17002 0 " 17002
Beta |local.tests/e4/input/poi06 10 " 0 0 0 16888 0 " 16888
Beta |local.tests/e4/input/poi07 11 " 0 0 0 16726 0 " 16726
Beta |local.tests/e4/input/poi08 11 " 0 0 0 16892 0 " 16892
Beta |local.tests/e4/input/poi09 11 " 0 0 0 17016 0 " 17016
Beta |local.tests/e4/input/poi10 11 " 0 0 0 17090 0 " 17090
Beta |local.tests/e4/input/poi11 0 " 0 0 0 16458 0 " 16458
Beta |local.tests/e4/input/poi12 20 " 0 0 0 17179 0 " 17179
Beta |local.tests/e4/input/poi13 21 " 0 0 0 17353 0 " 17353
Beta |local.tests/e4/input/poi14 22 " 0 0 0 17513 0 " 17513
Beta |local.tests/e4/input/poi15 0 " 0 0 0 16458 0 " 16458
Beta |local.tests/e4/input/poi16 1 " 0 0 0 16536 0 " 16536
Beta |local.tests/e4/input/poi17 31 " 0 0 0 17210 0 " 17210
Beta |local.tests/e4/input/poi18 32 " 0 0 0 17204 0 " 17204
Beta |local.tests/e4/input/poi19 1 " 0 0 0 16536 0 " 16536
Beta |local.tests/e4/input/poi20 1 " 0 0 0 16536 0 " 16536
Beta |local.tests/e4/input/poi21 32 " 0 0 0 17768 0 " 17768
Beta |local.tests/e4/input/poi22 31 " 0 0 0 17770 0 " 17770
Beta |local.tests/e4/input/poi23 1 " 0 0 0 16536 0 " 16536
Beta |local.tests/e4/input/poi24 0 " 0 0 0 16458 0 " 16458
Beta |local.tests/e4/input/poi25 40 " 0 0 0 17393 0 " 17393
Beta |local.tests/e4/input/poi26 41 " 0 0 0 17557 0 " 17557
Beta |local.tests/e4/input/poi27 42 " 0 0 0 17477 0 " 17477
Beta |local.tests/e4/input/poi28 11 " 0 0 0 16916 0 " 16916
Beta |local.tests/e4/input/poi29 0 " 0 0 0 16458 0 " 16458
Beta |local.tests/e4/input/poi30 0 " 0 0 0 16458 0 " 16458
Beta |local.tests/e4/input/poi31 0 " 0 0 0 16458 0 " 16458
Beta |local.tests/e4/input/poi32 0 " 0 0 0 16458 0 " 16458
Beta |local.tests/e4/input/poi33 0 " 0 0 0 16458 0 " 16458
Beta |local.tests/e4/input/poi34 1 " 0 0 0 16536 0 " 16536
Beta |local.tests/e4/input/poi35 50 " 0 0 0 17074 0 " 17074
Beta |local.tests/e4/input/poi36 50 " 0 0 0 17071 0 " 17071
Beta |local.tests/e4/input/poi37 50 " 0 0 0 17071 0 " 17071
Beta |local.tests/e4/input/poi38 50 " 0 0 0 17071 0 " 17071
Beta |local.tests/e4/input/poi39 50 " 0 0 0 17071 0 " 17071
Beta |local.tests/e4/input/poi40 50 " 0 0 0 17071 0 " 17071
Beta |local.tests/e4/input/poi41 51 " 0 0 0 17092 0 " 17092
Beta |local.tests/e4/input/poi42 51 " 0 0 0 17072 0 " 17072
Beta |local.tests/e4/input/poi43 0 " 0 0 0 16458 0 " 16458
Beta |local.tests/e4/input/poi44 51 " 0 0 0 17158 0 " 17158
Beta |local.tests/e4/input/poi45 51 " 0 0 0 17448 0 " 17448
Beta |local.tests/e4/input/poi46 22 " 0 0 0 17445 0 " 17445
Beta |local.tests/e4/input/poi47 0 " 0 0 0 16458 0 " 16458
Beta |local.tests/e4/input/poi48 0 " 0 0 0 16458 0 " 16458
Beta |local.tests/e4/input/poi49 0 " 0 0 0 16458 0 " 16458
Beta |local.tests/e4/input/poi50 52 " 0 0 0 17077 0 " 17077
Beta |local.tests/e4/input/poi51 0 " 0 0 0 16458 0 " 16458
Beta |local.tests/e4/input/poi52 1 " 0 0 0 16536 0 " 16536
Beta |local.tests/e4/input/qwe01 0 " 0 0 0 16458 0 " 16458
Beta |local.tests/e4/input/qwe02 10 " 0 0 0 16858 0 " 16858
Beta |local.tests/e4/input/qwe03 0 " 0 0 0 16458 0 " 16458
Beta |local.tests/e4/input/qwe04 0 " 0 0 0 16458 0 " 16458
Beta |local.tests/e4/input/qwe05 0 " 0 0 0 16458 0 " 16458
Beta |local.tests/e4/input/qwe06 10 " 0 0 0 16722 0 " 16722
Beta |local.tests/e4/input/qwe07 0 " 0 0 0 16458 0 " 16458
Beta |local.tests/e4/input/qwe08 11 " 0 0 0 16892 0 " 16892
Beta |local.tests/e4/input/qwe09 11 " 0 0 0 16974 0 " 16974
Beta |local.tests/e4/input/qwe10 0 " 0 0 0 16458 0 " 16458
Beta |local.tests/e4/input/qwe11 21 " 0 0 0 17176 0 " 17176
Beta |local.tests/e4/input/qwe12 20 " 0 0 0 17176 0 " 17176
Beta |local.tests/e4/input/qwe13 22 " 0 0 0 17224 0 " 17224
Beta |local.tests/e4/input/qwe14 20 " 0 0 0 16888 0 " 16888
Beta |local.tests/e4/input/qwe15 21 " 0 0 0 17040 0 " 17040
Beta |local.tests/e4/input/qwe16 1 " 0 0 0 16536 0 " 16536
Beta |local.tests/e4/input/qwe17 1 " 0 0 0 16536 0 " 16536
Beta |local.tests/e4/input/qwe18 0 " 0 0 0 16458 0 " 16458
Beta |local.tests/e4/input/qwe19 40 " 0 0 0 17994 0 " 17994
Beta |local.tests/e4/input/qwe20 41 " 0 0 0 18506 0 " 18506
Beta |local.tests/e4/input/qwe21 42 " 0 0 0 18253 0 " 18253
Beta |local.tests/e4/input/s00.iks 10 " 0 0 0 16858 0 " 16858
Beta |local.tests/e4/input/s01.iks 10 " 0 0 0 17258 0 " 17258
Beta |local.tests/e4/input/s02.iks 10 " 0 0 0 16722 0 " 16722
Beta |local.tests/e4/input/s03.iks 11 " 0 0 0 16892 0 " 16892
Beta |local.tests/e4/input/s04.iks 11 " 0 0 0 16838 0 " 16838
Beta |local.tests/e4/input/s05.iks 20 " 0 0 0 17176 0 " 17176
Beta |local.tests/e4/input/s06.iks 21 " 0 0 0 17176 0 " 17176
Beta |local.tests/e4/input/s07.iks 22 " 0 0 0 17088 0 " 17088
Beta |local.tests/e4/input/s08.iks 31 " 0 0 0 17215 0 " 17215
Beta |local.tests/e4/input/s09.iks 32 " 0 0 0 17209 0 " 17209
Beta |local.tests/e4/input/s10.iks 40 " 0 0 0 17086 0 " 17086
Beta |local.tests/e4/input/s11.iks 41 " 0 0 0 17366 0 " 17366
Beta |local.tests/e4/input/s12.iks 42 " 0 0 0 17335 0 " 17335
Beta |local.tests/e4/input/s13.iks 42 " 0 0 0 17341 0 " 17341
Beta |local.tests/e4/input/s14.iks 50 " 0 0 0 16900 0 " 16900
Beta |local.tests/e4/input/s15.iks 51 " 0 0 0 16895 0 " 16895
Beta |local.tests/e4/input/s16.iks 52 " 0 0 0 17014 0 " 17014
Beta |local.tests/e4/input/s17.iks 31 " 0 0 0 17216 0 " 17216
Beta |local.tests/e4/input/s18.iks 31 " 0 0 0 17216 0 " 17216
Beta |local.tests/e4/input/s19.iks 31 " 0 0 0 17033 0 " 17033
Beta |local.tests/e4/input/s20.iks 32 " 0 0 0 17027 0 " 17027
Beta |local.tests/e4/input/s21.iks 32 " 0 0 0 17089 0 " 17089
Beta |local.tests/e4/input/s22.iks 31 " 0 0 0 17095 0 " 17095
Beta |local.tests/e4/input/s23.iks 31 " 0 0 0 17495 0 " 17495
Beta |local.tests/e4/input/s24.iks 32 " 0 0 0 17489 0 " 17489
Beta |local.tests/e4/input/s25.iks 0 " 0 0 0 16458 0 " 16458
Beta |local.tests/e4/input/s26.iks 32 " 0 0 0 17371 0 " 17371
Beta |local.tests/e4/input/s27.iks 31 " 0 0 0 17549 0 " 17549
Beta |local.tests/e4/input/s28.iks 31 " 0 0 0 17856 0 " 17856
Beta |local.tests/e4/input/s29.iks 32 " 0 0 0 17852 0 " 17852
Beta |local.tests/e4/input/s30.iks 52 " 0 0 0 17321 0 " 17321
Beta |local.tests/e4/input/s31.iks 0 " 0 0 0 16458 0 " 16458
Beta |local.tests/e4/input/s32.iks 10 " 0 0 0 17198 0 " 17198
Beta |local.tests/e4/input/s35.iks 0 " 0 0 0 16458 0 " 16458
Beta |local.tests/e4/input/s36.iks 11 " 0 0 0 16894 0 " 16894
Beta |local.tests/e4/input/s37.iks 0 " 0 0 0 16458 0 " 16458
Beta |local.tests/e4/input/s38.iks 31 " 0 0 0 17514 0 " 17514
Beta |local.tests/e4/input/s39.iks 10 " 0 0 0 17312 0 " 17312
Beta |local.tests/e4/input/s40.iks 0 " 0 0 0 16458 0 " 16458
~/ensino/private

Lambda

~/ensino/private/E4/Lambda ~/ensino/private
Lambda |local.tests/e4/input/poi01 0 " 0 0 0 16458 0 " 16458
Lambda |local.tests/e4/input/poi02 0 " 0 0 0 16458 0 " 16458
Lambda |local.tests/e4/input/poi03 0 " 0 0 0 16458 0 " 16458
Lambda |local.tests/e4/input/poi04 10 " 2 0 0 16902 0 " 16904
Lambda |local.tests/e4/input/poi05 10 " 2 0 0 17030 0 " 17032
Lambda |local.tests/e4/input/poi06 10 " 2 0 0 17064 0 " 17066
Lambda |local.tests/e4/input/poi07 11 " 6 0 0 17126 0 " 17132
Lambda |local.tests/e4/input/poi08 11 " 4 0 0 17232 0 " 17236
Lambda |local.tests/e4/input/poi09 11 " 6 0 0 17334 0 " 17340
Lambda |local.tests/e4/input/poi10 11 " 12 0 0 17510 0 " 17522
Lambda |local.tests/e4/input/poi11 0 " 0 0 0 16458 0 " 16458
Lambda |local.tests/e4/input/poi12 20 " 2 0 0 17163 0 " 17165
Lambda |local.tests/e4/input/poi13 21 " 2 0 0 17317 0 " 17319
Lambda |local.tests/e4/input/poi14 22 " 6 0 0 17517 0 " 17523
Lambda |local.tests/e4/input/poi15 0 " 0 0 0 16458 0 " 16458
Lambda |local.tests/e4/input/poi16 1 " 0 0 0 16458 0 " 16458
Lambda |local.tests/e4/input/poi17 30 " 8 0 0 17293 0 " 17301
Lambda |local.tests/e4/input/poi18 30 " 6 0 0 17291 0 " 17297
Lambda |local.tests/e4/input/poi19 1 " 0 0 0 16458 0 " 16458
Lambda |local.tests/e4/input/poi20 1 " 0 0 0 16458 0 " 16458
Lambda |local.tests/e4/input/poi21 30 " 10 0 0 17807 0 " 17817
Lambda |local.tests/e4/input/poi22 30 " 10 0 0 17807 0 " 17817
Lambda |local.tests/e4/input/poi23 1 " 0 0 0 16458 0 " 16458
Lambda |local.tests/e4/input/poi24 0 " 0 0 0 16458 0 " 16458
Lambda |local.tests/e4/input/poi25 40 " 8 0 0 17475 0 " 17483
Lambda |local.tests/e4/input/poi26 41 " 12 0 0 17603 0 " 17615
Lambda |local.tests/e4/input/poi27 42 " 10 0 0 17539 0 " 17549
Lambda |local.tests/e4/input/poi28 11 " 15 0 0 17616 0 " 17631
Lambda |local.tests/e4/input/poi29 0 " 0 0 0 16458 0 " 16458
Lambda |local.tests/e4/input/poi30 0 " 0 0 0 16458 0 " 16458
Lambda |local.tests/e4/input/poi31 0 " 0 0 0 16458 0 " 16458
Lambda |local.tests/e4/input/poi32 0 " 0 0 0 16458 0 " 16458
Lambda |local.tests/e4/input/poi33 0 " 0 0 0 16458 0 " 16458
Lambda |local.tests/e4/input/poi34 1 " 0 0 0 16458 0 " 16458
Lambda |local.tests/e4/input/poi35 50 " 6 0 0 17057 0 " 17063
Lambda |local.tests/e4/input/poi36 50 " 2 0 0 17057 0 " 17059
Lambda |local.tests/e4/input/poi37 50 " 2 0 0 17057 0 " 17059
Lambda |local.tests/e4/input/poi38 50 " 2 0 0 17057 0 " 17059
Lambda |local.tests/e4/input/poi39 50 " 2 0 0 17057 0 " 17059
Lambda |local.tests/e4/input/poi40 50 " 2 0 0 17057 0 " 17059
Lambda |local.tests/e4/input/poi41 0 " 0 0 0 16458 0 " 16458
Lambda |local.tests/e4/input/poi42 51 " 2 0 0 17089 0 " 17091
Lambda |local.tests/e4/input/poi43 0 " 0 0 0 16458 0 " 16458
Lambda |local.tests/e4/input/poi44 0 " 0 0 0 16458 0 " 16458
Lambda |local.tests/e4/input/poi45 0 " 0 0 0 16458 0 " 16458
Lambda |local.tests/e4/input/poi46 22 " 12 0 0 17350 0 " 17362
Lambda |local.tests/e4/input/poi47 0 " 0 0 0 16458 0 " 16458
Lambda |local.tests/e4/input/poi48 0 " 0 0 0 16458 0 " 16458
Lambda |local.tests/e4/input/poi49 0 " 0 0 0 16458 0 " 16458
Lambda |local.tests/e4/input/poi50 0 " 0 0 0 16458 0 " 16458
Lambda |local.tests/e4/input/poi51 0 " 0 0 0 16458 0 " 16458
Lambda |local.tests/e4/input/poi52 1 " 0 0 0 16458 0 " 16458
Lambda |local.tests/e4/input/qwe01 0 " 0 0 0 16458 0 " 16458
Lambda |local.tests/e4/input/qwe02 10 " 2 0 0 16902 0 " 16904
Lambda |local.tests/e4/input/qwe03 0 " 0 0 0 16458 0 " 16458
Lambda |local.tests/e4/input/qwe04 0 " 0 0 0 16458 0 " 16458
Lambda |local.tests/e4/input/qwe05 0 " 0 0 0 16458 0 " 16458
Lambda |local.tests/e4/input/qwe06 10 " 0 0 0 16870 0 " 16870
Lambda |local.tests/e4/input/qwe07 0 " 0 0 0 16458 0 " 16458
Lambda |local.tests/e4/input/qwe08 11 " 0 0 0 17104 0 " 17104
Lambda |local.tests/e4/input/qwe09 11 " 0 0 0 16982 0 " 16982
Lambda |local.tests/e4/input/qwe10 0 " 0 0 0 16458 0 " 16458
Lambda |local.tests/e4/input/qwe11 21 " 0 0 0 17120 0 " 17120
Lambda |local.tests/e4/input/qwe12 20 " 0 0 0 17160 0 " 17160
Lambda |local.tests/e4/input/qwe13 22 " 0 0 0 17184 0 " 17184
Lambda |local.tests/e4/input/qwe14 20 " 0 0 0 17064 0 " 17064
Lambda |local.tests/e4/input/qwe15 21 " 0 0 0 17088 0 " 17088
Lambda |local.tests/e4/input/qwe16 1 " 0 0 0 16458 0 " 16458
Lambda |local.tests/e4/input/qwe17 1 " 0 0 0 16458 0 " 16458
Lambda |local.tests/e4/input/qwe18 0 " 0 0 0 16458 0 " 16458
Lambda |local.tests/e4/input/qwe19 40 " 12 0 0 18050 0 " 18062
Lambda |local.tests/e4/input/qwe20 41 " 16 0 0 18566 0 " 18582
Lambda |local.tests/e4/input/qwe21 42 " 14 0 0 18308 0 " 18322
Lambda |local.tests/e4/input/s00.iks 10 " 0 0 0 16814 0 " 16814
Lambda |local.tests/e4/input/s01.iks 10 " 2 0 0 17136 0 " 17138
Lambda |local.tests/e4/input/s02.iks 10 " 0 0 0 16782 0 " 16782
Lambda |local.tests/e4/input/s03.iks 11 " 0 0 0 17016 0 " 17016
Lambda |local.tests/e4/input/s04.iks 11 " 0 0 0 16806 0 " 16806
Lambda |local.tests/e4/input/s05.iks 20 " 0 0 0 17072 0 " 17072
Lambda |local.tests/e4/input/s06.iks 21 " 0 0 0 17032 0 " 17032
Lambda |local.tests/e4/input/s07.iks 22 " 0 0 0 17008 0 " 17008
Lambda |local.tests/e4/input/s08.iks 30 " 6 0 0 17170 0 " 17176
Lambda |local.tests/e4/input/s09.iks 30 " 4 0 0 17168 0 " 17172
Lambda |local.tests/e4/input/s10.iks 40 " 4 0 0 17102 0 " 17106
Lambda |local.tests/e4/input/s11.iks 41 " 4 0 0 17230 0 " 17234
Lambda |local.tests/e4/input/s12.iks 42 " 6 0 0 17360 0 " 17366
Lambda |local.tests/e4/input/s13.iks 42 " 8 0 0 17362 0 " 17370
Lambda |local.tests/e4/input/s14.iks 50 " 7 0 0 16772 0 " 16779
Lambda |local.tests/e4/input/s15.iks 51 " 0 0 0 16804 0 " 16804
Lambda |local.tests/e4/input/s16.iks 0 " 0 0 0 16458 0 " 16458
Lambda |local.tests/e4/input/s17.iks 30 " 6 0 0 17170 0 " 17176
Lambda |local.tests/e4/input/s18.iks 30 " 6 0 0 17170 0 " 17176
Lambda |local.tests/e4/input/s19.iks 30 " 6 0 0 17040 0 " 17046
Lambda |local.tests/e4/input/s20.iks 30 " 4 0 0 17038 0 " 17042
Lambda |local.tests/e4/input/s21.iks 30 " 2 0 0 17006 0 " 17008
Lambda |local.tests/e4/input/s22.iks 30 " 4 0 0 17008 0 " 17012
Lambda |local.tests/e4/input/s23.iks 30 " 4 0 0 17292 0 " 17296
Lambda |local.tests/e4/input/s24.iks 30 " 2 0 0 17290 0 " 17292
Lambda |local.tests/e4/input/s25.iks 0 " 0 0 0 16458 0 " 16458
Lambda |local.tests/e4/input/s26.iks 30 " 4 0 0 17264 0 " 17268
Lambda |local.tests/e4/input/s27.iks 30 " 6 0 0 17394 0 " 17400
Lambda |local.tests/e4/input/s28.iks 30 " 12 0 0 17648 0 " 17660
Lambda |local.tests/e4/input/s29.iks 30 " 12 0 0 17648 0 " 17660
Lambda |local.tests/e4/input/s30.iks 0 " 0 0 0 16458 0 " 16458
Lambda |local.tests/e4/input/s31.iks 0 " 0 0 0 16458 0 " 16458
Lambda |local.tests/e4/input/s32.iks 10 " 2 0 0 17144 0 " 17146
Lambda |local.tests/e4/input/s35.iks 0 " 0 0 0 16458 0 " 16458
Lambda |local.tests/e4/input/s36.iks 11 " 0 0 0 17016 0 " 17016
Lambda |local.tests/e4/input/s37.iks 0 " 0 0 0 16458 0 " 16458
Lambda |local.tests/e4/input/s38.iks 30 " 12 0 0 17456 0 " 17468
Lambda |local.tests/e4/input/s39.iks 10 " 2 0 0 17414 0 " 17416
Lambda |local.tests/e4/input/s40.iks 0 " 0 0 0 16458 0 " 16458
~/ensino/private
