
Alpha

~/ensino/private/E4/Alpha ~/ensino/private
Alpha |local.tests/e4/input/poi01 0 " 0 0 0 16458 0 " 16458
Alpha |local.tests/e4/input/poi02 0 " 0 0 0 16458 0 " 16458
Alpha |local.tests/e4/input/poi03 0 " 0 0 0 16458 0 " 16458
Alpha |local.tests/e4/input/poi04 10 " 0 0 0 16740 0 " 16740
Alpha |local.tests/e4/input/poi05 10 " 0 0 0 16740 0 " 16740
Alpha |local.tests/e4/input/poi06 10 " 0 0 0 16790 0 " 16790
Alpha |local.tests/e4/input/poi07 11 " 0 0 0 16682 0 " 16682
Alpha |local.tests/e4/input/poi08 11 " 0 0 0 16790 0 " 16790
Alpha |local.tests/e4/input/poi09 11 " 0 0 0 16813 0 " 16813
Alpha |local.tests/e4/input/poi10 11 " 0 0 0 16918 0 " 16918
Alpha |local.tests/e4/input/poi11 0 " 0 0 0 16458 0 " 16458
Alpha |local.tests/e4/input/poi12 20 " 0 0 0 16878 0 " 16878
Alpha |local.tests/e4/input/poi13 21 " 0 0 0 17101 0 " 17101
Alpha |local.tests/e4/input/poi14 22 " 0 0 0 17246 0 " 17246
Alpha |local.tests/e4/input/poi15 0 " 0 0 0 16458 0 " 16458
Alpha |local.tests/e4/input/poi16 1 " 0 0 0 16458 0 " 16458
Alpha |local.tests/e4/input/poi17 31 " 0 0 0 17006 0 " 17006
Alpha |local.tests/e4/input/poi18 32 " 0 0 0 17000 0 " 17000
Alpha |local.tests/e4/input/poi19 1 " 0 0 0 16458 0 " 16458
Alpha |local.tests/e4/input/poi20 1 " 0 0 0 16458 0 " 16458
Alpha |local.tests/e4/input/poi21 32 " 0 0 0 17388 0 " 17388
Alpha |local.tests/e4/input/poi22 31 " 0 0 0 17388 0 " 17388
Alpha |local.tests/e4/input/poi23 1 " 0 0 0 16458 0 " 16458
Alpha |local.tests/e4/input/poi24 0 " 0 0 0 16458 0 " 16458
Alpha |local.tests/e4/input/poi25 40 " 0 0 0 17260 0 " 17260
Alpha |local.tests/e4/input/poi26 41 " 0 0 0 17392 0 " 17392
Alpha |local.tests/e4/input/poi27 42 " 0 0 0 17326 0 " 17326
Alpha |local.tests/e4/input/poi28 11 " 0 0 0 16856 0 " 16856
Alpha |local.tests/e4/input/poi29 0 " 0 0 0 16458 0 " 16458
Alpha |local.tests/e4/input/poi30 0 " 0 0 0 16458 0 " 16458
Alpha |local.tests/e4/input/poi31 0 " 0 0 0 16458 0 " 16458
Alpha |local.tests/e4/input/poi32 0 " 0 0 0 16458 0 " 16458
Alpha |local.tests/e4/input/poi33 0 " 0 0 0 16458 0 " 16458
Alpha |local.tests/e4/input/poi34 1 " 0 0 0 16458 0 " 16458
Alpha |local.tests/e4/input/poi35 50 " 0 0 0 16878 0 " 16878
Alpha |local.tests/e4/input/poi36 50 " 0 0 0 16874 0 " 16874
Alpha |local.tests/e4/input/poi37 50 " 0 0 0 16881 0 " 16881
Alpha |local.tests/e4/input/poi38 50 " 0 0 0 16832 0 " 16832
Alpha |local.tests/e4/input/poi39 50 " 0 0 0 16874 0 " 16874
Alpha |local.tests/e4/input/poi40 50 " 0 0 0 16874 0 " 16874
Alpha |local.tests/e4/input/poi41 51 " 0 0 0 16924 0 " 16924
Alpha |local.tests/e4/input/poi42 51 " 0 0 0 16864 0 " 16864
Alpha |local.tests/e4/input/poi43 0 " 0 0 0 16458 0 " 16458
Alpha |local.tests/e4/input/poi44 51 " 0 0 0 16978 0 " 16978
Alpha |local.tests/e4/input/poi45 51 " 0 0 0 17210 0 " 17210
Alpha |local.tests/e4/input/poi46 22 " 0 0 0 17092 0 " 17092
Alpha |local.tests/e4/input/poi47 0 " 0 0 0 16458 0 " 16458
Alpha |local.tests/e4/input/poi48 0 " 0 0 0 16458 0 " 16458
Alpha |local.tests/e4/input/poi49 0 " 0 0 0 16458 0 " 16458
Alpha |local.tests/e4/input/poi50 52 " 0 0 0 16834 0 " 16834
Alpha |local.tests/e4/input/poi51 0 " 0 0 0 16458 0 " 16458
Alpha |local.tests/e4/input/poi52 1 " 0 0 0 16458 0 " 16458
Alpha |local.tests/e4/input/qwe01 0 " 0 0 0 16458 0 " 16458
Alpha |local.tests/e4/input/qwe02 10 " 0 0 0 16740 0 " 16740
Alpha |local.tests/e4/input/qwe03 0 " 0 0 0 16458 0 " 16458
Alpha |local.tests/e4/input/qwe04 0 " 0 0 0 16458 0 " 16458
Alpha |local.tests/e4/input/qwe05 0 " 0 0 0 16458 0 " 16458
Alpha |local.tests/e4/input/qwe06 10 " 0 0 0 16658 0 " 16658
Alpha |local.tests/e4/input/qwe07 0 " 0 0 0 16458 0 " 16458
Alpha |local.tests/e4/input/qwe08 11 " 0 0 0 16790 0 " 16790
Alpha |local.tests/e4/input/qwe09 11 " 0 0 0 16802 0 " 16802
Alpha |local.tests/e4/input/qwe10 0 " 0 0 0 16458 0 " 16458
Alpha |local.tests/e4/input/qwe11 21 " 0 0 0 16963 0 " 16963
Alpha |local.tests/e4/input/qwe12 20 " 0 0 0 16873 0 " 16873
Alpha |local.tests/e4/input/qwe13 22 " 0 0 0 16992 0 " 16992
Alpha |local.tests/e4/input/qwe14 20 " 0 0 0 16790 0 " 16790
Alpha |local.tests/e4/input/qwe15 21 " 0 0 0 16881 0 " 16881
Alpha |local.tests/e4/input/qwe16 1 " 0 0 0 16458 0 " 16458
Alpha |local.tests/e4/input/qwe17 1 " 0 0 0 16458 0 " 16458
Alpha |local.tests/e4/input/qwe18 0 " 0 0 0 16458 0 " 16458
Alpha |local.tests/e4/input/qwe19 40 " 0 0 0 17836 0 " 17836
Alpha |local.tests/e4/input/qwe20 41 " 0 0 0 18232 0 " 18232
Alpha |local.tests/e4/input/qwe21 42 " 0 0 0 18034 0 " 18034
Alpha |local.tests/e4/input/s00.iks 10 " 0 0 0 16740 0 " 16740
Alpha |local.tests/e4/input/s01.iks 10 " 0 0 0 16986 0 " 16986
Alpha |local.tests/e4/input/s02.iks 10 " 0 0 0 16658 0 " 16658
Alpha |local.tests/e4/input/s03.iks 11 " 0 0 0 16790 0 " 16790
Alpha |local.tests/e4/input/s04.iks 11 " 0 0 0 16730 0 " 16730
Alpha |local.tests/e4/input/s05.iks 20 " 0 0 0 16873 0 " 16873
Alpha |local.tests/e4/input/s06.iks 21 " 0 0 0 16963 0 " 16963
Alpha |local.tests/e4/input/s07.iks 22 " 0 0 0 16920 0 " 16920
Alpha |local.tests/e4/input/s08.iks 31 " 0 0 0 17000 0 " 17000
Alpha |local.tests/e4/input/s09.iks 32 " 0 0 0 16994 0 " 16994
Alpha |local.tests/e4/input/s10.iks 40 " 0 0 0 17056 0 " 17056
Alpha |local.tests/e4/input/s11.iks 41 " 0 0 0 17286 0 " 17286
Alpha |local.tests/e4/input/s12.iks 42 " 0 0 0 17254 0 " 17254
Alpha |local.tests/e4/input/s13.iks 42 " 0 0 0 17260 0 " 17260
Alpha |local.tests/e4/input/s14.iks 50 " 0 0 0 16746 0 " 16746
Alpha |local.tests/e4/input/s15.iks 51 " 0 0 0 16768 0 " 16768
Alpha |local.tests/e4/input/s16.iks 52 " 0 0 0 16826 0 " 16826
Alpha |local.tests/e4/input/s17.iks 31 " 0 0 0 17000 0 " 17000
Alpha |local.tests/e4/input/s18.iks 32 " 0 0 0 17000 0 " 17000
Alpha |local.tests/e4/input/s19.iks 30 " 0 0 0 16908 0 " 16908
Alpha |local.tests/e4/input/s20.iks 30 " 0 0 0 16902 0 " 16902
Alpha |local.tests/e4/input/s21.iks 30 " 0 0 0 16918 0 " 16918
Alpha |local.tests/e4/input/s22.iks 30 " 0 0 0 16924 0 " 16924
Alpha |local.tests/e4/input/s23.iks 31 " 0 0 0 17091 0 " 17091
Alpha |local.tests/e4/input/s24.iks 32 " 0 0 0 17085 0 " 17085
Alpha |local.tests/e4/input/s25.iks 0 " 0 0 0 16458 0 " 16458
Alpha |local.tests/e4/input/s26.iks 32 " 0 0 0 17085 0 " 17085
Alpha |local.tests/e4/input/s27.iks 31 " 0 0 0 17228 0 " 17228
Alpha |local.tests/e4/input/s28.iks 31 " 0 0 0 17502 0 " 17502
Alpha |local.tests/e4/input/s29.iks 32 " 0 0 0 17502 0 " 17502
Alpha |local.tests/e4/input/s30.iks 52 " 0 0 0 17096 0 " 17096
Alpha |local.tests/e4/input/s31.iks 0 " 0 0 0 16458 0 " 16458
Alpha |local.tests/e4/input/s32.iks 10 " 0 0 0 17010 0 " 17010
Alpha |local.tests/e4/input/s35.iks 0 " 0 0 0 16458 0 " 16458
Alpha |local.tests/e4/input/s36.iks 11 " 0 0 0 16790 0 " 16790
Alpha |local.tests/e4/input/s37.iks 0 " 0 0 0 16458 0 " 16458
Alpha |local.tests/e4/input/s38.iks 31 " 0 0 0 17274 0 " 17274
Alpha |local.tests/e4/input/s39.iks 10 " 0 0 0 17174 0 " 17174
Alpha |local.tests/e4/input/s40.iks 0 " 0 0 0 16458 0 " 16458
~/ensino/private

Delta

~/ensino/private/E4/Delta ~/ensino/private
Delta |local.tests/e4/input/poi01 0 " 0 0 0 16458 0 " 16458
Delta |local.tests/e4/input/poi02 0 " 0 0 0 16458 0 " 16458
Delta |local.tests/e4/input/poi03 0 " 0 0 0 16458 0 " 16458
Delta |local.tests/e4/input/poi04 10 " 0 0 0 16682 0 " 16682
Delta |local.tests/e4/input/poi05 10 " 0 0 0 16802 0 " 16802
Delta |local.tests/e4/input/poi06 10 " 0 0 0 17058 0 " 17058
Delta |local.tests/e4/input/poi07 11 " 0 0 0 17234 0 " 17234
Delta |local.tests/e4/input/poi08 11 " 0 0 0 17266 0 " 17266
Delta |local.tests/e4/input/poi09 11 " 0 0 0 17490 0 " 17490
Delta |local.tests/e4/input/poi10 11 " 0 0 0 17882 0 " 17882
Delta |local.tests/e4/input/poi11 0 " 0 0 0 16458 0 " 16458
Delta |local.tests/e4/input/poi12 20 " 0 0 0 17178 0 " 17178
Delta |local.tests/e4/input/poi13 21 " 0 0 0 17434 0 " 17434
Delta |local.tests/e4/input/poi14 22 " 0 0 0 18546 0 " 18546
Delta |local.tests/e4/input/poi15 0 " 0 0 0 16458 0 " 16458
Delta |local.tests/e4/input/poi16 1 " 0 0 0 16538 0 " 16538
Delta |local.tests/e4/input/poi17 31 " 0 0 0 17802 0 " 17802
Delta |local.tests/e4/input/poi18 32 " 0 0 0 17802 0 " 17802
Delta |local.tests/e4/input/poi19 1 " 0 0 0 16538 0 " 16538
Delta |local.tests/e4/input/poi20 1 " 0 0 0 16538 0 " 16538
Delta |local.tests/e4/input/poi21 32 " 0 0 0 19034 0 " 19034
Delta |local.tests/e4/input/poi22 31 " 0 0 0 19034 0 " 19034
Delta |local.tests/e4/input/poi23 1 " 0 0 0 16538 0 " 16538
Delta |local.tests/e4/input/poi24 30 " 0 0 0 18786 0 " 18786
Delta |local.tests/e4/input/poi25 40 " 0 0 0 18066 0 " 18066
Delta |local.tests/e4/input/poi26 41 " 0 0 0 18554 0 " 18554
Delta |local.tests/e4/input/poi27 42 " 0 0 0 18250 0 " 18250
Delta |local.tests/e4/input/poi28 0 " 0 0 0 16458 0 " 16458
Delta |local.tests/e4/input/poi29 0 " 0 0 0 16458 0 " 16458
Delta |local.tests/e4/input/poi30 0 " 0 0 0 16458 0 " 16458
Delta |local.tests/e4/input/poi31 0 " 0 0 0 16458 0 " 16458
Delta |local.tests/e4/input/poi32 0 " 0 0 0 16458 0 " 16458
Delta |local.tests/e4/input/poi33 0 " 0 0 0 16458 0 " 16458
Delta |local.tests/e4/input/poi34 1 " 0 0 0 16538 0 " 16538
Delta |local.tests/e4/input/poi35 50 " 0 0 0 17178 0 " 17178
Delta |local.tests/e4/input/poi36 139 " 0 0 0 22489 0 " 22489
Delta |local.tests/e4/input/poi37 139 " 0 0 0 22489 0 " 22489
Delta |local.tests/e4/input/poi38 1 " 224 264 0 16458 0 " 16946
Delta |local.tests/e4/input/poi39 139 " 0 0 0 22489 0 " 22489
Delta |local.tests/e4/input/poi40 139 " 0 0 0 17178 0 " 17178
Delta |local.tests/e4/input/poi41 0 " 0 0 0 16458 0 " 16458
Delta |local.tests/e4/input/poi42 51 " 0 0 0 17242 0 " 17242
Delta |local.tests/e4/input/poi43 0 " 0 0 0 16458 0 " 16458
Delta |local.tests/e4/input/poi44 0 " 0 0 0 16458 0 " 16458
Delta |local.tests/e4/input/poi45 0 " 0 0 0 16458 0 " 16458
Delta |local.tests/e4/input/poi46 0 " 0 0 0 16458 0 " 16458
Delta |local.tests/e4/input/poi47 0 " 0 0 0 16458 0 " 16458
Delta |local.tests/e4/input/poi48 0 " 0 0 0 16458 0 " 16458
Delta |local.tests/e4/input/poi49 0 " 0 0 0 16458 0 " 16458
Delta |local.tests/e4/input/poi50 52 " 0 0 0 17178 0 " 17178
Delta |local.tests/e4/input/poi51 0 " 0 0 0 16458 0 " 16458
Delta |local.tests/e4/input/poi52 1 " 0 0 0 16538 0 " 16538
Delta |local.tests/e4/input/qwe01 0 " 0 0 0 16458 0 " 16458
Delta |local.tests/e4/input/qwe02 10 " 0 0 0 16682 0 " 16682
Delta |local.tests/e4/input/qwe03 0 " 0 0 0 16458 0 " 16458
Delta |local.tests/e4/input/qwe04 0 " 0 0 0 16458 0 " 16458
Delta |local.tests/e4/input/qwe05 0 " 0 0 0 16458 0 " 16458
Delta |local.tests/e4/input/qwe06 10 " 0 0 0 16682 0 " 16682
Delta |local.tests/e4/input/qwe07 0 " 0 0 0 16458 0 " 16458
Delta |local.tests/e4/input/qwe08 11 " 0 0 0 17266 0 " 17266
Delta |local.tests/e4/input/qwe09 11 " 0 0 0 17378 0 " 17378
Delta |local.tests/e4/input/qwe10 0 " 0 0 0 16458 0 " 16458
Delta |local.tests/e4/input/qwe11 21 " 0 0 0 17058 0 " 17058
Delta |local.tests/e4/input/qwe12 20 " 0 0 0 17178 0 " 17178
Delta |local.tests/e4/input/qwe13 22 " 0 0 0 17666 0 " 17666
Delta |local.tests/e4/input/qwe14 22 " 0 0 0 17058 0 " 17058
Delta |local.tests/e4/input/qwe15 22 " 0 0 0 17058 0 " 17058
Delta |local.tests/e4/input/qwe16 1 " 0 0 0 16538 0 " 16538
Delta |local.tests/e4/input/qwe17 1 " 0 0 0 16538 0 " 16538
Delta |local.tests/e4/input/qwe18 0 " 0 0 0 16458 0 " 16458
Delta |local.tests/e4/input/qwe19 40 " 0 0 0 19570 0 " 19570
Delta |local.tests/e4/input/qwe20 41 " 0 0 0 21186 0 " 21186
Delta |local.tests/e4/input/qwe21 42 " 0 0 0 20442 0 " 20442
Delta |local.tests/e4/input/s00.iks 10 " 0 0 0 16682 0 " 16682
Delta |local.tests/e4/input/s01.iks 10 " 0 0 0 17658 0 " 17658
Delta |local.tests/e4/input/s02.iks 10 " 0 0 0 16682 0 " 16682
Delta |local.tests/e4/input/s03.iks 11 " 0 0 0 17266 0 " 17266
Delta |local.tests/e4/input/s04.iks 11 " 0 0 0 17026 0 " 17026
Delta |local.tests/e4/input/s05.iks 20 " 0 0 0 17178 0 " 17178
Delta |local.tests/e4/input/s06.iks 21 " 0 0 0 17058 0 " 17058
Delta |local.tests/e4/input/s07.iks 22 " 0 0 0 17314 0 " 17314
Delta |local.tests/e4/input/s08.iks 31 " 0 0 0 17546 0 " 17546
Delta |local.tests/e4/input/s09.iks 32 " 0 0 0 17546 0 " 17546
Delta |local.tests/e4/input/s10.iks 40 " 0 0 0 17338 0 " 17338
Delta |local.tests/e4/input/s11.iks 41 " 0 0 0 17826 0 " 17826
Delta |local.tests/e4/input/s12.iks 42 " 0 0 0 17898 0 " 17898
Delta |local.tests/e4/input/s13.iks 42 " 0 0 0 17898 0 " 17898
Delta |local.tests/e4/input/s14.iks 50 " 0 0 0 16802 0 " 16802
Delta |local.tests/e4/input/s15.iks 51 " 0 0 0 16866 0 " 16866
Delta |local.tests/e4/input/s16.iks 52 " 0 0 0 17178 0 " 17178
Delta |local.tests/e4/input/s17.iks 31 " 0 0 0 17546 0 " 17546
Delta |local.tests/e4/input/s18.iks 32 " 0 0 0 17546 0 " 17546
Delta |local.tests/e4/input/s19.iks 30 " 0 0 0 17298 0 " 17298
Delta |local.tests/e4/input/s20.iks 30 " 0 0 0 17298 0 " 17298
Delta |local.tests/e4/input/s21.iks 30 " 0 0 0 17298 0 " 17298
Delta |local.tests/e4/input/s22.iks 30 " 0 0 0 17298 0 " 17298
Delta |local.tests/e4/input/s23.iks 31 " 0 0 0 17554 0 " 17554
Delta |local.tests/e4/input/s24.iks 32 " 0 0 0 17554 0 " 17554
Delta |local.tests/e4/input/s25.iks 0 " 0 0 0 16458 0 " 16458
Delta |local.tests/e4/input/s26.iks 32 " 0 0 0 17914 0 " 17914
Delta |local.tests/e4/input/s27.iks 31 " 0 0 0 18026 0 " 18026
Delta |local.tests/e4/input/s28.iks 31 " 0 0 0 18770 0 " 18770
Delta |local.tests/e4/input/s29.iks 32 " 0 0 0 18770 0 " 18770
Delta |local.tests/e4/input/s30.iks 52 " 0 0 0 18050 0 " 18050
Delta |local.tests/e4/input/s31.iks 0 " 0 0 0 16458 0 " 16458
Delta |local.tests/e4/input/s32.iks 10 " 0 0 0 17450 0 " 17450
Delta |local.tests/e4/input/s35.iks 0 " 0 0 0 16458 0 " 16458
Delta |local.tests/e4/input/s36.iks 11 " 0 0 0 17266 0 " 17266
Delta |local.tests/e4/input/s37.iks 0 " 0 0 0 16458 0 " 16458
Delta |local.tests/e4/input/s38.iks 31 " 0 0 0 18546 0 " 18546
Delta |local.tests/e4/input/s39.iks 10 " 0 0 0 17298 0 " 17298
Delta |local.tests/e4/input/s40.iks 0 " 0 0 0 16458 0 " 16458
~/ensino/private
